[2.304s] Invoking command in '/home/vijay/ldlidar_ros2_ws/build/mqtt_bridge': PYTHONPATH=/home/vijay/ldlidar_ros2_ws/build/mqtt_bridge/prefix_override:/usr/lib/python3/dist-packages/colcon_core/task/python/colcon_distutils_commands:/home/vijay/ldlidar_ros2_ws/install/mqtt_bridge/lib/python3.10/site-packages:${PYTHONPATH} /usr/bin/python3 -W ignore:setup.py install is deprecated setup.py develop --editable --build-directory /home/vijay/ldlidar_ros2_ws/build/mqtt_bridge/build --no-deps
[2.948s] running develop
[2.949s] /home/vijay/.local/lib/python3.10/site-packages/setuptools/command/develop.py:41: EasyInstallDeprecationWarning: easy_install command is deprecated.
[2.949s] !!
[2.949s] 
[2.949s]         ********************************************************************************
[2.949s]         Please avoid running ``setup.py`` and ``easy_install``.
[2.950s]         Instead, use pypa/build, pypa/installer or other
[2.950s]         standards-based tools.
[2.950s] 
[2.950s]         See https://github.com/pypa/setuptools/issues/917 for details.
[2.950s]         ********************************************************************************
[2.951s] 
[2.951s] !!
[2.951s]   easy_install.initialize_options(self)
[3.418s] running egg_info
[3.455s] writing mqtt_bridge.egg-info/PKG-INFO
[3.455s] writing dependency_links to mqtt_bridge.egg-info/dependency_links.txt
[3.456s] writing entry points to mqtt_bridge.egg-info/entry_points.txt
[3.456s] writing requirements to mqtt_bridge.egg-info/requires.txt
[3.456s] writing top-level names to mqtt_bridge.egg-info/top_level.txt
[3.531s] reading manifest file 'mqtt_bridge.egg-info/SOURCES.txt'
[3.533s] writing manifest file 'mqtt_bridge.egg-info/SOURCES.txt'
[3.570s] running build_ext
[3.570s] Creating /home/vijay/ldlidar_ros2_ws/install/mqtt_bridge/lib/python3.10/site-packages/mqtt-bridge.egg-link (link to .)
[3.572s] Installing mqtt_bridge_node script to /home/vijay/ldlidar_ros2_ws/install/mqtt_bridge/lib/mqtt_bridge
[3.572s] 
[3.572s] Installed /home/vijay/ldlidar_ros2_ws/build/mqtt_bridge
[3.631s] Invoked command in '/home/vijay/ldlidar_ros2_ws/build/mqtt_bridge' returned '0': PYTHONPATH=/home/vijay/ldlidar_ros2_ws/build/mqtt_bridge/prefix_override:/usr/lib/python3/dist-packages/colcon_core/task/python/colcon_distutils_commands:/home/vijay/ldlidar_ros2_ws/install/mqtt_bridge/lib/python3.10/site-packages:${PYTHONPATH} /usr/bin/python3 -W ignore:setup.py install is deprecated setup.py develop --editable --build-directory /home/vijay/ldlidar_ros2_ws/build/mqtt_bridge/build --no-deps
