running develop
/home/vijay/.local/lib/python3.10/site-packages/setuptools/command/develop.py:41: EasyInstallDeprecationWarning: easy_install command is deprecated.
!!

        ********************************************************************************
        Please avoid running ``setup.py`` and ``easy_install``.
        Instead, use pypa/build, pypa/installer or other
        standards-based tools.

        See https://github.com/pypa/setuptools/issues/917 for details.
        ********************************************************************************

!!
  easy_install.initialize_options(self)
running egg_info
writing mqtt_bridge.egg-info/PKG-INFO
writing dependency_links to mqtt_bridge.egg-info/dependency_links.txt
writing entry points to mqtt_bridge.egg-info/entry_points.txt
writing requirements to mqtt_bridge.egg-info/requires.txt
writing top-level names to mqtt_bridge.egg-info/top_level.txt
reading manifest file 'mqtt_bridge.egg-info/SOURCES.txt'
writing manifest file 'mqtt_bridge.egg-info/SOURCES.txt'
running build_ext
Creating /home/vijay/ldlidar_ros2_ws/install/mqtt_bridge/lib/python3.10/site-packages/mqtt-bridge.egg-link (link to .)
Installing mqtt_bridge_node script to /home/vijay/ldlidar_ros2_ws/install/mqtt_bridge/lib/mqtt_bridge

Installed /home/vijay/ldlidar_ros2_ws/build/mqtt_bridge
