[0.737s] Invoking command in '/home/vijay/ldlidar_ros2_ws/build/mqtt_bridge': PYTHONPATH=/home/vijay/ldlidar_ros2_ws/build/mqtt_bridge/prefix_override:/usr/lib/python3/dist-packages/colcon_core/task/python/colcon_distutils_commands:/home/vijay/ldlidar_ros2_ws/install/mqtt_bridge/lib/python3.10/site-packages:${PYTHONPATH} /usr/bin/python3 -W ignore:setup.py install is deprecated setup.py develop --editable --build-directory /home/vijay/ldlidar_ros2_ws/build/mqtt_bridge/build --no-deps
[0.958s] running develop
[0.959s] /home/vijay/.local/lib/python3.10/site-packages/setuptools/command/develop.py:41: EasyInstallDeprecationWarning: easy_install command is deprecated.
[0.959s] !!
[0.959s] 
[0.959s]         ********************************************************************************
[0.959s]         Please avoid running ``setup.py`` and ``easy_install``.
[0.959s]         Instead, use pypa/build, pypa/installer or other
[0.959s]         standards-based tools.
[0.959s] 
[0.959s]         See https://github.com/pypa/setuptools/issues/917 for details.
[0.959s]         ********************************************************************************
[0.959s] 
[0.959s] !!
[0.959s]   easy_install.initialize_options(self)
[1.121s] running egg_info
[1.134s] writing mqtt_bridge.egg-info/PKG-INFO
[1.134s] writing dependency_links to mqtt_bridge.egg-info/dependency_links.txt
[1.134s] writing entry points to mqtt_bridge.egg-info/entry_points.txt
[1.135s] writing requirements to mqtt_bridge.egg-info/requires.txt
[1.135s] writing top-level names to mqtt_bridge.egg-info/top_level.txt
[1.160s] reading manifest file 'mqtt_bridge.egg-info/SOURCES.txt'
[1.161s] writing manifest file 'mqtt_bridge.egg-info/SOURCES.txt'
[1.174s] running build_ext
[1.174s] Creating /home/vijay/ldlidar_ros2_ws/install/mqtt_bridge/lib/python3.10/site-packages/mqtt-bridge.egg-link (link to .)
[1.175s] Installing mqtt_bridge_node script to /home/vijay/ldlidar_ros2_ws/install/mqtt_bridge/lib/mqtt_bridge
[1.175s] 
[1.175s] Installed /home/vijay/ldlidar_ros2_ws/build/mqtt_bridge
[1.205s] Invoked command in '/home/vijay/ldlidar_ros2_ws/build/mqtt_bridge' returned '0': PYTHONPATH=/home/vijay/ldlidar_ros2_ws/build/mqtt_bridge/prefix_override:/usr/lib/python3/dist-packages/colcon_core/task/python/colcon_distutils_commands:/home/vijay/ldlidar_ros2_ws/install/mqtt_bridge/lib/python3.10/site-packages:${PYTHONPATH} /usr/bin/python3 -W ignore:setup.py install is deprecated setup.py develop --editable --build-directory /home/vijay/ldlidar_ros2_ws/build/mqtt_bridge/build --no-deps
