[0.195s] DEBUG:colcon:Command line arguments: ['/usr/bin/colcon', 'build']
[0.196s] DEBUG:colcon:Parsed command line arguments: Namespace(log_base=None, log_level=None, verb_name='build', build_base='build', install_base='install', merge_install=False, symlink_install=False, test_result_base=None, continue_on_error=False, executor='parallel', parallel_workers=8, event_handlers=None, ignore_user_meta=False, metas=['./colcon.meta'], base_paths=['.'], packages_ignore=None, packages_ignore_regex=None, paths=None, packages_up_to=None, packages_up_to_regex=None, packages_above=None, packages_above_and_dependencies=None, packages_above_depth=None, packages_select_by_dep=None, packages_skip_by_dep=None, packages_skip_up_to=None, packages_select_build_failed=False, packages_skip_build_finished=False, packages_select_test_failures=False, packages_skip_test_passed=False, packages_select=None, packages_skip=None, packages_select_regex=None, packages_skip_regex=None, packages_start=None, packages_end=None, allow_overriding=[], cmake_args=None, cmake_target=None, cmake_target_skip_unavailable=False, cmake_clean_cache=False, cmake_clean_first=False, cmake_force_configure=False, ament_cmake_args=None, catkin_cmake_args=None, catkin_skip_building_tests=False, mixin_files=None, mixin=None, verb_parser=<colcon_mixin.mixin.mixin_argument.MixinArgumentDecorator object at 0x7eb9cc55cca0>, verb_extension=<colcon_core.verb.build.BuildVerb object at 0x7eb9cc55c610>, main=<bound method BuildVerb.main of <colcon_core.verb.build.BuildVerb object at 0x7eb9cc55c610>>, mixin_verb=('build',))
[0.266s] Level 1:colcon.colcon_core.package_discovery:discover_packages(colcon_meta) check parameters
[0.266s] Level 1:colcon.colcon_core.package_discovery:discover_packages(recursive) check parameters
[0.266s] Level 1:colcon.colcon_core.package_discovery:discover_packages(ignore) check parameters
[0.266s] Level 1:colcon.colcon_core.package_discovery:discover_packages(path) check parameters
[0.266s] Level 1:colcon.colcon_core.package_discovery:discover_packages(colcon_meta) discover
[0.266s] Level 1:colcon.colcon_core.package_discovery:discover_packages(recursive) discover
[0.266s] INFO:colcon.colcon_core.package_discovery:Crawling recursively for packages in '/home/vijay/ldlidar_ros2_ws'
[0.266s] Level 1:colcon.colcon_core.package_identification:_identify(.) by extensions ['ignore', 'ignore_ament_install']
[0.267s] Level 1:colcon.colcon_core.package_identification:_identify(.) by extension 'ignore'
[0.267s] Level 1:colcon.colcon_core.package_identification:_identify(.) by extension 'ignore_ament_install'
[0.267s] Level 1:colcon.colcon_core.package_identification:_identify(.) by extensions ['colcon_pkg']
[0.267s] Level 1:colcon.colcon_core.package_identification:_identify(.) by extension 'colcon_pkg'
[0.267s] Level 1:colcon.colcon_core.package_identification:_identify(.) by extensions ['colcon_meta']
[0.267s] Level 1:colcon.colcon_core.package_identification:_identify(.) by extension 'colcon_meta'
[0.267s] Level 1:colcon.colcon_core.package_identification:_identify(.) by extensions ['ros']
[0.267s] Level 1:colcon.colcon_core.package_identification:_identify(.) by extension 'ros'
[0.294s] Level 1:colcon.colcon_core.package_identification:_identify(.) by extensions ['cmake', 'python']
[0.295s] Level 1:colcon.colcon_core.package_identification:_identify(.) by extension 'cmake'
[0.295s] Level 1:colcon.colcon_core.package_identification:_identify(.) by extension 'python'
[0.295s] Level 1:colcon.colcon_core.package_identification:_identify(.) by extensions ['python_setup_py']
[0.295s] Level 1:colcon.colcon_core.package_identification:_identify(.) by extension 'python_setup_py'
[0.295s] Level 1:colcon.colcon_core.package_identification:_identify(build) by extensions ['ignore', 'ignore_ament_install']
[0.295s] Level 1:colcon.colcon_core.package_identification:_identify(build) by extension 'ignore'
[0.295s] Level 1:colcon.colcon_core.package_identification:_identify(build) ignored
[0.295s] Level 1:colcon.colcon_core.package_identification:_identify(install) by extensions ['ignore', 'ignore_ament_install']
[0.296s] Level 1:colcon.colcon_core.package_identification:_identify(install) by extension 'ignore'
[0.296s] Level 1:colcon.colcon_core.package_identification:_identify(install) ignored
[0.296s] Level 1:colcon.colcon_core.package_identification:_identify(log) by extensions ['ignore', 'ignore_ament_install']
[0.296s] Level 1:colcon.colcon_core.package_identification:_identify(log) by extension 'ignore'
[0.296s] Level 1:colcon.colcon_core.package_identification:_identify(log) ignored
[0.296s] Level 1:colcon.colcon_core.package_identification:_identify(src) by extensions ['ignore', 'ignore_ament_install']
[0.296s] Level 1:colcon.colcon_core.package_identification:_identify(src) by extension 'ignore'
[0.296s] Level 1:colcon.colcon_core.package_identification:_identify(src) by extension 'ignore_ament_install'
[0.296s] Level 1:colcon.colcon_core.package_identification:_identify(src) by extensions ['colcon_pkg']
[0.296s] Level 1:colcon.colcon_core.package_identification:_identify(src) by extension 'colcon_pkg'
[0.297s] Level 1:colcon.colcon_core.package_identification:_identify(src) by extensions ['colcon_meta']
[0.297s] Level 1:colcon.colcon_core.package_identification:_identify(src) by extension 'colcon_meta'
[0.297s] Level 1:colcon.colcon_core.package_identification:_identify(src) by extensions ['ros']
[0.297s] Level 1:colcon.colcon_core.package_identification:_identify(src) by extension 'ros'
[0.297s] Level 1:colcon.colcon_core.package_identification:_identify(src) by extensions ['cmake', 'python']
[0.297s] Level 1:colcon.colcon_core.package_identification:_identify(src) by extension 'cmake'
[0.297s] Level 1:colcon.colcon_core.package_identification:_identify(src) by extension 'python'
[0.297s] Level 1:colcon.colcon_core.package_identification:_identify(src) by extensions ['python_setup_py']
[0.297s] Level 1:colcon.colcon_core.package_identification:_identify(src) by extension 'python_setup_py'
[0.297s] Level 1:colcon.colcon_core.package_identification:_identify(src/ldlidar_stl_ros2) by extensions ['ignore', 'ignore_ament_install']
[0.297s] Level 1:colcon.colcon_core.package_identification:_identify(src/ldlidar_stl_ros2) by extension 'ignore'
[0.297s] Level 1:colcon.colcon_core.package_identification:_identify(src/ldlidar_stl_ros2) by extension 'ignore_ament_install'
[0.298s] Level 1:colcon.colcon_core.package_identification:_identify(src/ldlidar_stl_ros2) by extensions ['colcon_pkg']
[0.298s] Level 1:colcon.colcon_core.package_identification:_identify(src/ldlidar_stl_ros2) by extension 'colcon_pkg'
[0.298s] Level 1:colcon.colcon_core.package_identification:_identify(src/ldlidar_stl_ros2) by extensions ['colcon_meta']
[0.298s] Level 1:colcon.colcon_core.package_identification:_identify(src/ldlidar_stl_ros2) by extension 'colcon_meta'
[0.298s] Level 1:colcon.colcon_core.package_identification:_identify(src/ldlidar_stl_ros2) by extensions ['ros']
[0.298s] Level 1:colcon.colcon_core.package_identification:_identify(src/ldlidar_stl_ros2) by extension 'ros'
[0.302s] DEBUG:colcon.colcon_core.package_identification:Package 'src/ldlidar_stl_ros2' with type 'ros.ament_cmake' and name 'ldlidar_stl_ros2'
[0.302s] Level 1:colcon.colcon_core.package_identification:_identify(src/mqtt_bridge) by extensions ['ignore', 'ignore_ament_install']
[0.303s] Level 1:colcon.colcon_core.package_identification:_identify(src/mqtt_bridge) by extension 'ignore'
[0.303s] Level 1:colcon.colcon_core.package_identification:_identify(src/mqtt_bridge) by extension 'ignore_ament_install'
[0.303s] Level 1:colcon.colcon_core.package_identification:_identify(src/mqtt_bridge) by extensions ['colcon_pkg']
[0.303s] Level 1:colcon.colcon_core.package_identification:_identify(src/mqtt_bridge) by extension 'colcon_pkg'
[0.303s] Level 1:colcon.colcon_core.package_identification:_identify(src/mqtt_bridge) by extensions ['colcon_meta']
[0.303s] Level 1:colcon.colcon_core.package_identification:_identify(src/mqtt_bridge) by extension 'colcon_meta'
[0.303s] Level 1:colcon.colcon_core.package_identification:_identify(src/mqtt_bridge) by extensions ['ros']
[0.303s] Level 1:colcon.colcon_core.package_identification:_identify(src/mqtt_bridge) by extension 'ros'
[0.304s] DEBUG:colcon.colcon_core.package_identification:Package 'src/mqtt_bridge' with type 'ros.ament_python' and name 'mqtt_bridge'
[0.304s] Level 1:colcon.colcon_core.package_identification:_identify(src/pyside2_gui) by extensions ['ignore', 'ignore_ament_install']
[0.305s] Level 1:colcon.colcon_core.package_identification:_identify(src/pyside2_gui) by extension 'ignore'
[0.305s] Level 1:colcon.colcon_core.package_identification:_identify(src/pyside2_gui) by extension 'ignore_ament_install'
[0.305s] Level 1:colcon.colcon_core.package_identification:_identify(src/pyside2_gui) by extensions ['colcon_pkg']
[0.305s] Level 1:colcon.colcon_core.package_identification:_identify(src/pyside2_gui) by extension 'colcon_pkg'
[0.305s] Level 1:colcon.colcon_core.package_identification:_identify(src/pyside2_gui) by extensions ['colcon_meta']
[0.305s] Level 1:colcon.colcon_core.package_identification:_identify(src/pyside2_gui) by extension 'colcon_meta'
[0.305s] Level 1:colcon.colcon_core.package_identification:_identify(src/pyside2_gui) by extensions ['ros']
[0.305s] Level 1:colcon.colcon_core.package_identification:_identify(src/pyside2_gui) by extension 'ros'
[0.306s] DEBUG:colcon.colcon_core.package_identification:Package 'src/pyside2_gui' with type 'ros.ament_python' and name 'pyside2_gui'
[0.306s] Level 1:colcon.colcon_core.package_identification:_identify(src/vehicle_status_monitor) by extensions ['ignore', 'ignore_ament_install']
[0.306s] Level 1:colcon.colcon_core.package_identification:_identify(src/vehicle_status_monitor) by extension 'ignore'
[0.306s] Level 1:colcon.colcon_core.package_identification:_identify(src/vehicle_status_monitor) by extension 'ignore_ament_install'
[0.306s] Level 1:colcon.colcon_core.package_identification:_identify(src/vehicle_status_monitor) by extensions ['colcon_pkg']
[0.306s] Level 1:colcon.colcon_core.package_identification:_identify(src/vehicle_status_monitor) by extension 'colcon_pkg'
[0.307s] Level 1:colcon.colcon_core.package_identification:_identify(src/vehicle_status_monitor) by extensions ['colcon_meta']
[0.307s] Level 1:colcon.colcon_core.package_identification:_identify(src/vehicle_status_monitor) by extension 'colcon_meta'
[0.307s] Level 1:colcon.colcon_core.package_identification:_identify(src/vehicle_status_monitor) by extensions ['ros']
[0.307s] Level 1:colcon.colcon_core.package_identification:_identify(src/vehicle_status_monitor) by extension 'ros'
[0.308s] DEBUG:colcon.colcon_core.package_identification:Package 'src/vehicle_status_monitor' with type 'ros.ament_python' and name 'vehicle_status_monitor'
[0.308s] Level 1:colcon.colcon_core.package_discovery:discover_packages(recursive) using defaults
[0.308s] Level 1:colcon.colcon_core.package_discovery:discover_packages(ignore) discover
[0.308s] Level 1:colcon.colcon_core.package_discovery:discover_packages(ignore) using defaults
[0.308s] Level 1:colcon.colcon_core.package_discovery:discover_packages(path) discover
[0.308s] Level 1:colcon.colcon_core.package_discovery:discover_packages(path) using defaults
[0.345s] Level 1:colcon.colcon_core.package_discovery:discover_packages(prefix_path) check parameters
[0.345s] Level 1:colcon.colcon_core.package_discovery:discover_packages(prefix_path) discover
[0.348s] DEBUG:colcon.colcon_installed_package_information.package_discovery:Found 4 installed packages in /home/vijay/ldlidar_ros2_ws/install
[0.351s] DEBUG:colcon.colcon_installed_package_information.package_discovery:Found 393 installed packages in /opt/ros/humble
[0.354s] Level 1:colcon.colcon_core.package_discovery:discover_packages(prefix_path) using defaults
[0.433s] Level 5:colcon.colcon_core.verb:set package 'ldlidar_stl_ros2' build argument 'cmake_args' from command line to 'None'
[0.433s] Level 5:colcon.colcon_core.verb:set package 'ldlidar_stl_ros2' build argument 'cmake_target' from command line to 'None'
[0.433s] Level 5:colcon.colcon_core.verb:set package 'ldlidar_stl_ros2' build argument 'cmake_target_skip_unavailable' from command line to 'False'
[0.433s] Level 5:colcon.colcon_core.verb:set package 'ldlidar_stl_ros2' build argument 'cmake_clean_cache' from command line to 'False'
[0.433s] Level 5:colcon.colcon_core.verb:set package 'ldlidar_stl_ros2' build argument 'cmake_clean_first' from command line to 'False'
[0.433s] Level 5:colcon.colcon_core.verb:set package 'ldlidar_stl_ros2' build argument 'cmake_force_configure' from command line to 'False'
[0.433s] Level 5:colcon.colcon_core.verb:set package 'ldlidar_stl_ros2' build argument 'ament_cmake_args' from command line to 'None'
[0.433s] Level 5:colcon.colcon_core.verb:set package 'ldlidar_stl_ros2' build argument 'catkin_cmake_args' from command line to 'None'
[0.434s] Level 5:colcon.colcon_core.verb:set package 'ldlidar_stl_ros2' build argument 'catkin_skip_building_tests' from command line to 'False'
[0.434s] DEBUG:colcon.colcon_core.verb:Building package 'ldlidar_stl_ros2' with the following arguments: {'ament_cmake_args': None, 'build_base': '/home/vijay/ldlidar_ros2_ws/build/ldlidar_stl_ros2', 'catkin_cmake_args': None, 'catkin_skip_building_tests': False, 'cmake_args': None, 'cmake_clean_cache': False, 'cmake_clean_first': False, 'cmake_force_configure': False, 'cmake_target': None, 'cmake_target_skip_unavailable': False, 'install_base': '/home/vijay/ldlidar_ros2_ws/install/ldlidar_stl_ros2', 'merge_install': False, 'path': '/home/vijay/ldlidar_ros2_ws/src/ldlidar_stl_ros2', 'symlink_install': False, 'test_result_base': None}
[0.434s] Level 5:colcon.colcon_core.verb:set package 'mqtt_bridge' build argument 'cmake_args' from command line to 'None'
[0.434s] Level 5:colcon.colcon_core.verb:set package 'mqtt_bridge' build argument 'cmake_target' from command line to 'None'
[0.434s] Level 5:colcon.colcon_core.verb:set package 'mqtt_bridge' build argument 'cmake_target_skip_unavailable' from command line to 'False'
[0.434s] Level 5:colcon.colcon_core.verb:set package 'mqtt_bridge' build argument 'cmake_clean_cache' from command line to 'False'
[0.434s] Level 5:colcon.colcon_core.verb:set package 'mqtt_bridge' build argument 'cmake_clean_first' from command line to 'False'
[0.434s] Level 5:colcon.colcon_core.verb:set package 'mqtt_bridge' build argument 'cmake_force_configure' from command line to 'False'
[0.434s] Level 5:colcon.colcon_core.verb:set package 'mqtt_bridge' build argument 'ament_cmake_args' from command line to 'None'
[0.434s] Level 5:colcon.colcon_core.verb:set package 'mqtt_bridge' build argument 'catkin_cmake_args' from command line to 'None'
[0.435s] Level 5:colcon.colcon_core.verb:set package 'mqtt_bridge' build argument 'catkin_skip_building_tests' from command line to 'False'
[0.435s] DEBUG:colcon.colcon_core.verb:Building package 'mqtt_bridge' with the following arguments: {'ament_cmake_args': None, 'build_base': '/home/vijay/ldlidar_ros2_ws/build/mqtt_bridge', 'catkin_cmake_args': None, 'catkin_skip_building_tests': False, 'cmake_args': None, 'cmake_clean_cache': False, 'cmake_clean_first': False, 'cmake_force_configure': False, 'cmake_target': None, 'cmake_target_skip_unavailable': False, 'install_base': '/home/vijay/ldlidar_ros2_ws/install/mqtt_bridge', 'merge_install': False, 'path': '/home/vijay/ldlidar_ros2_ws/src/mqtt_bridge', 'symlink_install': False, 'test_result_base': None}
[0.435s] Level 5:colcon.colcon_core.verb:set package 'pyside2_gui' build argument 'cmake_args' from command line to 'None'
[0.435s] Level 5:colcon.colcon_core.verb:set package 'pyside2_gui' build argument 'cmake_target' from command line to 'None'
[0.435s] Level 5:colcon.colcon_core.verb:set package 'pyside2_gui' build argument 'cmake_target_skip_unavailable' from command line to 'False'
[0.435s] Level 5:colcon.colcon_core.verb:set package 'pyside2_gui' build argument 'cmake_clean_cache' from command line to 'False'
[0.435s] Level 5:colcon.colcon_core.verb:set package 'pyside2_gui' build argument 'cmake_clean_first' from command line to 'False'
[0.435s] Level 5:colcon.colcon_core.verb:set package 'pyside2_gui' build argument 'cmake_force_configure' from command line to 'False'
[0.435s] Level 5:colcon.colcon_core.verb:set package 'pyside2_gui' build argument 'ament_cmake_args' from command line to 'None'
[0.435s] Level 5:colcon.colcon_core.verb:set package 'pyside2_gui' build argument 'catkin_cmake_args' from command line to 'None'
[0.435s] Level 5:colcon.colcon_core.verb:set package 'pyside2_gui' build argument 'catkin_skip_building_tests' from command line to 'False'
[0.436s] DEBUG:colcon.colcon_core.verb:Building package 'pyside2_gui' with the following arguments: {'ament_cmake_args': None, 'build_base': '/home/vijay/ldlidar_ros2_ws/build/pyside2_gui', 'catkin_cmake_args': None, 'catkin_skip_building_tests': False, 'cmake_args': None, 'cmake_clean_cache': False, 'cmake_clean_first': False, 'cmake_force_configure': False, 'cmake_target': None, 'cmake_target_skip_unavailable': False, 'install_base': '/home/vijay/ldlidar_ros2_ws/install/pyside2_gui', 'merge_install': False, 'path': '/home/vijay/ldlidar_ros2_ws/src/pyside2_gui', 'symlink_install': False, 'test_result_base': None}
[0.436s] Level 5:colcon.colcon_core.verb:set package 'vehicle_status_monitor' build argument 'cmake_args' from command line to 'None'
[0.436s] Level 5:colcon.colcon_core.verb:set package 'vehicle_status_monitor' build argument 'cmake_target' from command line to 'None'
[0.436s] Level 5:colcon.colcon_core.verb:set package 'vehicle_status_monitor' build argument 'cmake_target_skip_unavailable' from command line to 'False'
[0.436s] Level 5:colcon.colcon_core.verb:set package 'vehicle_status_monitor' build argument 'cmake_clean_cache' from command line to 'False'
[0.436s] Level 5:colcon.colcon_core.verb:set package 'vehicle_status_monitor' build argument 'cmake_clean_first' from command line to 'False'
[0.436s] Level 5:colcon.colcon_core.verb:set package 'vehicle_status_monitor' build argument 'cmake_force_configure' from command line to 'False'
[0.436s] Level 5:colcon.colcon_core.verb:set package 'vehicle_status_monitor' build argument 'ament_cmake_args' from command line to 'None'
[0.436s] Level 5:colcon.colcon_core.verb:set package 'vehicle_status_monitor' build argument 'catkin_cmake_args' from command line to 'None'
[0.436s] Level 5:colcon.colcon_core.verb:set package 'vehicle_status_monitor' build argument 'catkin_skip_building_tests' from command line to 'False'
[0.436s] DEBUG:colcon.colcon_core.verb:Building package 'vehicle_status_monitor' with the following arguments: {'ament_cmake_args': None, 'build_base': '/home/vijay/ldlidar_ros2_ws/build/vehicle_status_monitor', 'catkin_cmake_args': None, 'catkin_skip_building_tests': False, 'cmake_args': None, 'cmake_clean_cache': False, 'cmake_clean_first': False, 'cmake_force_configure': False, 'cmake_target': None, 'cmake_target_skip_unavailable': False, 'install_base': '/home/vijay/ldlidar_ros2_ws/install/vehicle_status_monitor', 'merge_install': False, 'path': '/home/vijay/ldlidar_ros2_ws/src/vehicle_status_monitor', 'symlink_install': False, 'test_result_base': None}
[0.437s] INFO:colcon.colcon_core.executor:Executing jobs using 'parallel' executor
[0.438s] DEBUG:colcon.colcon_parallel_executor.executor.parallel:run_until_complete
[0.439s] INFO:colcon.colcon_ros.task.ament_cmake.build:Building ROS package in '/home/vijay/ldlidar_ros2_ws/src/ldlidar_stl_ros2' with build type 'ament_cmake'
[0.439s] INFO:colcon.colcon_cmake.task.cmake.build:Building CMake package in '/home/vijay/ldlidar_ros2_ws/src/ldlidar_stl_ros2'
[0.442s] INFO:colcon.colcon_core.plugin_system:Skipping extension 'colcon_core.shell.bat': Not used on non-Windows systems
[0.442s] INFO:colcon.colcon_core.shell:Skip shell extension 'powershell' for command environment: Not usable outside of PowerShell
[0.442s] DEBUG:colcon.colcon_core.shell:Skip shell extension 'dsv' for command environment
[0.448s] INFO:colcon.colcon_ros.task.ament_python.build:Building ROS package in '/home/vijay/ldlidar_ros2_ws/src/mqtt_bridge' with build type 'ament_python'
[0.449s] Level 1:colcon.colcon_core.shell:create_environment_hook('mqtt_bridge', 'ament_prefix_path')
[0.449s] INFO:colcon.colcon_core.shell:Creating environment hook '/home/vijay/ldlidar_ros2_ws/install/mqtt_bridge/share/mqtt_bridge/hook/ament_prefix_path.ps1'
[0.450s] INFO:colcon.colcon_core.shell:Creating environment descriptor '/home/vijay/ldlidar_ros2_ws/install/mqtt_bridge/share/mqtt_bridge/hook/ament_prefix_path.dsv'
[0.451s] INFO:colcon.colcon_core.shell:Creating environment hook '/home/vijay/ldlidar_ros2_ws/install/mqtt_bridge/share/mqtt_bridge/hook/ament_prefix_path.sh'
[0.452s] INFO:colcon.colcon_core.shell:Skip shell extension 'powershell' for command environment: Not usable outside of PowerShell
[0.452s] DEBUG:colcon.colcon_core.shell:Skip shell extension 'dsv' for command environment
[0.458s] INFO:colcon.colcon_ros.task.ament_python.build:Building ROS package in '/home/vijay/ldlidar_ros2_ws/src/pyside2_gui' with build type 'ament_python'
[0.458s] Level 1:colcon.colcon_core.shell:create_environment_hook('pyside2_gui', 'ament_prefix_path')
[0.458s] INFO:colcon.colcon_core.shell:Creating environment hook '/home/vijay/ldlidar_ros2_ws/install/pyside2_gui/share/pyside2_gui/hook/ament_prefix_path.ps1'
[0.459s] INFO:colcon.colcon_core.shell:Creating environment descriptor '/home/vijay/ldlidar_ros2_ws/install/pyside2_gui/share/pyside2_gui/hook/ament_prefix_path.dsv'
[0.460s] INFO:colcon.colcon_core.shell:Creating environment hook '/home/vijay/ldlidar_ros2_ws/install/pyside2_gui/share/pyside2_gui/hook/ament_prefix_path.sh'
[0.461s] INFO:colcon.colcon_core.shell:Skip shell extension 'powershell' for command environment: Not usable outside of PowerShell
[0.461s] DEBUG:colcon.colcon_core.shell:Skip shell extension 'dsv' for command environment
[0.486s] INFO:colcon.colcon_ros.task.ament_python.build:Building ROS package in '/home/vijay/ldlidar_ros2_ws/src/vehicle_status_monitor' with build type 'ament_python'
[0.486s] Level 1:colcon.colcon_core.shell:create_environment_hook('vehicle_status_monitor', 'ament_prefix_path')
[0.487s] INFO:colcon.colcon_core.shell:Creating environment hook '/home/vijay/ldlidar_ros2_ws/install/vehicle_status_monitor/share/vehicle_status_monitor/hook/ament_prefix_path.ps1'
[0.488s] INFO:colcon.colcon_core.shell:Creating environment descriptor '/home/vijay/ldlidar_ros2_ws/install/vehicle_status_monitor/share/vehicle_status_monitor/hook/ament_prefix_path.dsv'
[0.488s] INFO:colcon.colcon_core.shell:Creating environment hook '/home/vijay/ldlidar_ros2_ws/install/vehicle_status_monitor/share/vehicle_status_monitor/hook/ament_prefix_path.sh'
[0.489s] INFO:colcon.colcon_core.shell:Skip shell extension 'powershell' for command environment: Not usable outside of PowerShell
[0.489s] DEBUG:colcon.colcon_core.shell:Skip shell extension 'dsv' for command environment
[0.503s] DEBUG:colcon.colcon_core.event_handler.log_command:Invoking command in '/home/vijay/ldlidar_ros2_ws/build/ldlidar_stl_ros2': CMAKE_PREFIX_PATH=${CMAKE_PREFIX_PATH}:/home/vijay/ldlidar_ros2_ws/install/vehicle_status_monitor:/home/vijay/ldlidar_ros2_ws/install/mqtt_bridge:/opt/ros/humble /usr/bin/cmake /home/vijay/ldlidar_ros2_ws/src/ldlidar_stl_ros2 -DCMAKE_INSTALL_PREFIX=/home/vijay/ldlidar_ros2_ws/install/ldlidar_stl_ros2
[0.888s] WARNING:colcon.colcon_ros.task.ament_python.build:Package 'mqtt_bridge' doesn't explicitly install a marker in the package index (colcon-ros currently does it implicitly but that fallback will be removed in the future)
[0.888s] WARNING:colcon.colcon_ros.task.ament_python.build:Package 'mqtt_bridge' doesn't explicitly install the 'package.xml' file (colcon-ros currently does it implicitly but that fallback will be removed in the future)
[0.889s] INFO:colcon.colcon_core.task.python.build:Building Python package in '/home/vijay/ldlidar_ros2_ws/src/mqtt_bridge'
[0.889s] INFO:colcon.colcon_core.shell:Skip shell extension 'powershell' for command environment: Not usable outside of PowerShell
[0.889s] DEBUG:colcon.colcon_core.shell:Skip shell extension 'dsv' for command environment
[1.279s] INFO:colcon.colcon_core.task.python.build:Building Python package in '/home/vijay/ldlidar_ros2_ws/src/pyside2_gui'
[1.280s] INFO:colcon.colcon_core.shell:Skip shell extension 'powershell' for command environment: Not usable outside of PowerShell
[1.280s] DEBUG:colcon.colcon_core.shell:Skip shell extension 'dsv' for command environment
[1.665s] INFO:colcon.colcon_core.task.python.build:Building Python package in '/home/vijay/ldlidar_ros2_ws/src/vehicle_status_monitor'
[1.665s] INFO:colcon.colcon_core.shell:Skip shell extension 'powershell' for command environment: Not usable outside of PowerShell
[1.665s] DEBUG:colcon.colcon_core.shell:Skip shell extension 'dsv' for command environment
[1.672s] DEBUG:colcon.colcon_core.event_handler.log_command:Invoked command in '/home/vijay/ldlidar_ros2_ws/build/ldlidar_stl_ros2' returned '0': CMAKE_PREFIX_PATH=${CMAKE_PREFIX_PATH}:/home/vijay/ldlidar_ros2_ws/install/vehicle_status_monitor:/home/vijay/ldlidar_ros2_ws/install/mqtt_bridge:/opt/ros/humble /usr/bin/cmake /home/vijay/ldlidar_ros2_ws/src/ldlidar_stl_ros2 -DCMAKE_INSTALL_PREFIX=/home/vijay/ldlidar_ros2_ws/install/ldlidar_stl_ros2
[1.677s] DEBUG:colcon.colcon_core.event_handler.log_command:Invoking command in '/home/vijay/ldlidar_ros2_ws/build/ldlidar_stl_ros2': CMAKE_PREFIX_PATH=${CMAKE_PREFIX_PATH}:/home/vijay/ldlidar_ros2_ws/install/vehicle_status_monitor:/home/vijay/ldlidar_ros2_ws/install/mqtt_bridge:/opt/ros/humble /usr/bin/cmake --build /home/vijay/ldlidar_ros2_ws/build/ldlidar_stl_ros2 -- -j8 -l8
[1.801s] DEBUG:colcon.colcon_core.event_handler.log_command:Invoked command in '/home/vijay/ldlidar_ros2_ws/build/ldlidar_stl_ros2' returned '0': CMAKE_PREFIX_PATH=${CMAKE_PREFIX_PATH}:/home/vijay/ldlidar_ros2_ws/install/vehicle_status_monitor:/home/vijay/ldlidar_ros2_ws/install/mqtt_bridge:/opt/ros/humble /usr/bin/cmake --build /home/vijay/ldlidar_ros2_ws/build/ldlidar_stl_ros2 -- -j8 -l8
[1.873s] DEBUG:colcon.colcon_core.event_handler.log_command:Invoking command in '/home/vijay/ldlidar_ros2_ws/build/ldlidar_stl_ros2': CMAKE_PREFIX_PATH=${CMAKE_PREFIX_PATH}:/home/vijay/ldlidar_ros2_ws/install/vehicle_status_monitor:/home/vijay/ldlidar_ros2_ws/install/mqtt_bridge:/opt/ros/humble /usr/bin/cmake --install /home/vijay/ldlidar_ros2_ws/build/ldlidar_stl_ros2
[1.910s] Level 1:colcon.colcon_core.environment:create_environment_scripts_only(ldlidar_stl_ros2)
[1.911s] DEBUG:colcon.colcon_core.event_handler.log_command:Invoked command in '/home/vijay/ldlidar_ros2_ws/build/ldlidar_stl_ros2' returned '0': CMAKE_PREFIX_PATH=${CMAKE_PREFIX_PATH}:/home/vijay/ldlidar_ros2_ws/install/vehicle_status_monitor:/home/vijay/ldlidar_ros2_ws/install/mqtt_bridge:/opt/ros/humble /usr/bin/cmake --install /home/vijay/ldlidar_ros2_ws/build/ldlidar_stl_ros2
[1.917s] Level 1:colcon.colcon_core.environment:checking '/home/vijay/ldlidar_ros2_ws/install/ldlidar_stl_ros2' for CMake module files
[1.918s] Level 1:colcon.colcon_core.environment:checking '/home/vijay/ldlidar_ros2_ws/install/ldlidar_stl_ros2' for CMake config files
[1.919s] Level 1:colcon.colcon_core.shell:create_environment_hook('ldlidar_stl_ros2', 'cmake_prefix_path')
[1.920s] INFO:colcon.colcon_core.shell:Creating environment hook '/home/vijay/ldlidar_ros2_ws/install/ldlidar_stl_ros2/share/ldlidar_stl_ros2/hook/cmake_prefix_path.ps1'
[1.921s] INFO:colcon.colcon_core.shell:Creating environment descriptor '/home/vijay/ldlidar_ros2_ws/install/ldlidar_stl_ros2/share/ldlidar_stl_ros2/hook/cmake_prefix_path.dsv'
[1.922s] INFO:colcon.colcon_core.shell:Creating environment hook '/home/vijay/ldlidar_ros2_ws/install/ldlidar_stl_ros2/share/ldlidar_stl_ros2/hook/cmake_prefix_path.sh'
[1.923s] Level 1:colcon.colcon_core.environment:checking '/home/vijay/ldlidar_ros2_ws/install/ldlidar_stl_ros2/lib'
[1.924s] Level 1:colcon.colcon_core.environment:checking '/home/vijay/ldlidar_ros2_ws/install/ldlidar_stl_ros2/bin'
[1.924s] Level 1:colcon.colcon_core.environment:checking '/home/vijay/ldlidar_ros2_ws/install/ldlidar_stl_ros2/lib/pkgconfig/ldlidar_stl_ros2.pc'
[1.925s] Level 1:colcon.colcon_core.environment:checking '/home/vijay/ldlidar_ros2_ws/install/ldlidar_stl_ros2/lib/python3.10/site-packages'
[1.925s] Level 1:colcon.colcon_core.environment:checking '/home/vijay/ldlidar_ros2_ws/install/ldlidar_stl_ros2/bin'
[1.926s] INFO:colcon.colcon_core.shell:Creating package script '/home/vijay/ldlidar_ros2_ws/install/ldlidar_stl_ros2/share/ldlidar_stl_ros2/package.ps1'
[1.929s] INFO:colcon.colcon_core.shell:Creating package descriptor '/home/vijay/ldlidar_ros2_ws/install/ldlidar_stl_ros2/share/ldlidar_stl_ros2/package.dsv'
[1.930s] INFO:colcon.colcon_core.shell:Creating package script '/home/vijay/ldlidar_ros2_ws/install/ldlidar_stl_ros2/share/ldlidar_stl_ros2/package.sh'
[1.932s] INFO:colcon.colcon_core.shell:Creating package script '/home/vijay/ldlidar_ros2_ws/install/ldlidar_stl_ros2/share/ldlidar_stl_ros2/package.bash'
[1.934s] INFO:colcon.colcon_core.shell:Creating package script '/home/vijay/ldlidar_ros2_ws/install/ldlidar_stl_ros2/share/ldlidar_stl_ros2/package.zsh'
[1.935s] Level 1:colcon.colcon_core.environment:create_file_with_runtime_dependencies(/home/vijay/ldlidar_ros2_ws/install/ldlidar_stl_ros2/share/colcon-core/packages/ldlidar_stl_ros2)
[1.993s] Level 1:colcon.colcon_core.environment:create_environment_scripts_only(ldlidar_stl_ros2)
[1.994s] Level 1:colcon.colcon_core.environment:checking '/home/vijay/ldlidar_ros2_ws/install/ldlidar_stl_ros2' for CMake module files
[1.995s] Level 1:colcon.colcon_core.environment:checking '/home/vijay/ldlidar_ros2_ws/install/ldlidar_stl_ros2' for CMake config files
[1.996s] Level 1:colcon.colcon_core.shell:create_environment_hook('ldlidar_stl_ros2', 'cmake_prefix_path')
[1.997s] INFO:colcon.colcon_core.shell:Creating environment hook '/home/vijay/ldlidar_ros2_ws/install/ldlidar_stl_ros2/share/ldlidar_stl_ros2/hook/cmake_prefix_path.ps1'
[1.998s] INFO:colcon.colcon_core.shell:Creating environment descriptor '/home/vijay/ldlidar_ros2_ws/install/ldlidar_stl_ros2/share/ldlidar_stl_ros2/hook/cmake_prefix_path.dsv'
[1.999s] INFO:colcon.colcon_core.shell:Creating environment hook '/home/vijay/ldlidar_ros2_ws/install/ldlidar_stl_ros2/share/ldlidar_stl_ros2/hook/cmake_prefix_path.sh'
[2.000s] Level 1:colcon.colcon_core.environment:checking '/home/vijay/ldlidar_ros2_ws/install/ldlidar_stl_ros2/lib'
[2.000s] Level 1:colcon.colcon_core.environment:checking '/home/vijay/ldlidar_ros2_ws/install/ldlidar_stl_ros2/bin'
[2.000s] Level 1:colcon.colcon_core.environment:checking '/home/vijay/ldlidar_ros2_ws/install/ldlidar_stl_ros2/lib/pkgconfig/ldlidar_stl_ros2.pc'
[2.001s] Level 1:colcon.colcon_core.environment:checking '/home/vijay/ldlidar_ros2_ws/install/ldlidar_stl_ros2/lib/python3.10/site-packages'
[2.001s] Level 1:colcon.colcon_core.environment:checking '/home/vijay/ldlidar_ros2_ws/install/ldlidar_stl_ros2/bin'
[2.002s] INFO:colcon.colcon_core.shell:Creating package script '/home/vijay/ldlidar_ros2_ws/install/ldlidar_stl_ros2/share/ldlidar_stl_ros2/package.ps1'
[2.003s] INFO:colcon.colcon_core.shell:Creating package descriptor '/home/vijay/ldlidar_ros2_ws/install/ldlidar_stl_ros2/share/ldlidar_stl_ros2/package.dsv'
[2.004s] INFO:colcon.colcon_core.shell:Creating package script '/home/vijay/ldlidar_ros2_ws/install/ldlidar_stl_ros2/share/ldlidar_stl_ros2/package.sh'
[2.005s] INFO:colcon.colcon_core.shell:Creating package script '/home/vijay/ldlidar_ros2_ws/install/ldlidar_stl_ros2/share/ldlidar_stl_ros2/package.bash'
[2.006s] INFO:colcon.colcon_core.shell:Creating package script '/home/vijay/ldlidar_ros2_ws/install/ldlidar_stl_ros2/share/ldlidar_stl_ros2/package.zsh'
[2.007s] Level 1:colcon.colcon_core.environment:create_file_with_runtime_dependencies(/home/vijay/ldlidar_ros2_ws/install/ldlidar_stl_ros2/share/colcon-core/packages/ldlidar_stl_ros2)
[2.678s] DEBUG:colcon.colcon_core.event_handler.log_command:Invoking command in '/home/vijay/ldlidar_ros2_ws/build/pyside2_gui': PYTHONPATH=/home/vijay/ldlidar_ros2_ws/build/pyside2_gui/prefix_override:/usr/lib/python3/dist-packages/colcon_core/task/python/colcon_distutils_commands:/home/vijay/ldlidar_ros2_ws/install/pyside2_gui/lib/python3.10/site-packages:${PYTHONPATH} /usr/bin/python3 -W ignore:setup.py install is deprecated setup.py develop --uninstall --editable --build-directory /home/vijay/ldlidar_ros2_ws/build/pyside2_gui/build
[2.694s] DEBUG:colcon.colcon_core.event_handler.log_command:Invoking command in '/home/vijay/ldlidar_ros2_ws/build/mqtt_bridge': PYTHONPATH=/home/vijay/ldlidar_ros2_ws/build/mqtt_bridge/prefix_override:/usr/lib/python3/dist-packages/colcon_core/task/python/colcon_distutils_commands:/home/vijay/ldlidar_ros2_ws/install/mqtt_bridge/lib/python3.10/site-packages:${PYTHONPATH} /usr/bin/python3 -W ignore:setup.py install is deprecated setup.py develop --uninstall --editable --build-directory /home/vijay/ldlidar_ros2_ws/build/mqtt_bridge/build
[2.705s] DEBUG:colcon.colcon_core.event_handler.log_command:Invoking command in '/home/vijay/ldlidar_ros2_ws/build/vehicle_status_monitor': PYTHONPATH=/home/vijay/ldlidar_ros2_ws/build/vehicle_status_monitor/prefix_override:/usr/lib/python3/dist-packages/colcon_core/task/python/colcon_distutils_commands:/home/vijay/ldlidar_ros2_ws/install/vehicle_status_monitor/lib/python3.10/site-packages:${PYTHONPATH} /usr/bin/python3 -W ignore:setup.py install is deprecated setup.py develop --uninstall --editable --build-directory /home/vijay/ldlidar_ros2_ws/build/vehicle_status_monitor/build
[3.776s] DEBUG:colcon.colcon_core.event_handler.log_command:Invoked command in '/home/vijay/ldlidar_ros2_ws/build/mqtt_bridge' returned '0': PYTHONPATH=/home/vijay/ldlidar_ros2_ws/build/mqtt_bridge/prefix_override:/usr/lib/python3/dist-packages/colcon_core/task/python/colcon_distutils_commands:/home/vijay/ldlidar_ros2_ws/install/mqtt_bridge/lib/python3.10/site-packages:${PYTHONPATH} /usr/bin/python3 -W ignore:setup.py install is deprecated setup.py develop --uninstall --editable --build-directory /home/vijay/ldlidar_ros2_ws/build/mqtt_bridge/build
[3.780s] DEBUG:colcon.colcon_core.event_handler.log_command:Invoking command in '/home/vijay/ldlidar_ros2_ws/src/mqtt_bridge': PYTHONPATH=/home/vijay/ldlidar_ros2_ws/build/mqtt_bridge/prefix_override:/usr/lib/python3/dist-packages/colcon_core/task/python/colcon_distutils_commands:/home/vijay/ldlidar_ros2_ws/install/mqtt_bridge/lib/python3.10/site-packages:${PYTHONPATH} /usr/bin/python3 -W ignore:setup.py install is deprecated setup.py egg_info --egg-base ../../build/mqtt_bridge build --build-base /home/vijay/ldlidar_ros2_ws/build/mqtt_bridge/build install --record /home/vijay/ldlidar_ros2_ws/build/mqtt_bridge/install.log --single-version-externally-managed
[3.802s] DEBUG:colcon.colcon_core.event_handler.log_command:Invoked command in '/home/vijay/ldlidar_ros2_ws/build/pyside2_gui' returned '0': PYTHONPATH=/home/vijay/ldlidar_ros2_ws/build/pyside2_gui/prefix_override:/usr/lib/python3/dist-packages/colcon_core/task/python/colcon_distutils_commands:/home/vijay/ldlidar_ros2_ws/install/pyside2_gui/lib/python3.10/site-packages:${PYTHONPATH} /usr/bin/python3 -W ignore:setup.py install is deprecated setup.py develop --uninstall --editable --build-directory /home/vijay/ldlidar_ros2_ws/build/pyside2_gui/build
[3.806s] DEBUG:colcon.colcon_core.event_handler.log_command:Invoking command in '/home/vijay/ldlidar_ros2_ws/src/pyside2_gui': PYTHONPATH=/home/vijay/ldlidar_ros2_ws/build/pyside2_gui/prefix_override:/usr/lib/python3/dist-packages/colcon_core/task/python/colcon_distutils_commands:/home/vijay/ldlidar_ros2_ws/install/pyside2_gui/lib/python3.10/site-packages:${PYTHONPATH} /usr/bin/python3 -W ignore:setup.py install is deprecated setup.py egg_info --egg-base ../../build/pyside2_gui build --build-base /home/vijay/ldlidar_ros2_ws/build/pyside2_gui/build install --record /home/vijay/ldlidar_ros2_ws/build/pyside2_gui/install.log --single-version-externally-managed install_data --force
[3.824s] DEBUG:colcon.colcon_core.event_handler.log_command:Invoked command in '/home/vijay/ldlidar_ros2_ws/build/vehicle_status_monitor' returned '0': PYTHONPATH=/home/vijay/ldlidar_ros2_ws/build/vehicle_status_monitor/prefix_override:/usr/lib/python3/dist-packages/colcon_core/task/python/colcon_distutils_commands:/home/vijay/ldlidar_ros2_ws/install/vehicle_status_monitor/lib/python3.10/site-packages:${PYTHONPATH} /usr/bin/python3 -W ignore:setup.py install is deprecated setup.py develop --uninstall --editable --build-directory /home/vijay/ldlidar_ros2_ws/build/vehicle_status_monitor/build
[3.828s] DEBUG:colcon.colcon_core.event_handler.log_command:Invoking command in '/home/vijay/ldlidar_ros2_ws/src/vehicle_status_monitor': PYTHONPATH=/home/vijay/ldlidar_ros2_ws/build/vehicle_status_monitor/prefix_override:/usr/lib/python3/dist-packages/colcon_core/task/python/colcon_distutils_commands:/home/vijay/ldlidar_ros2_ws/install/vehicle_status_monitor/lib/python3.10/site-packages:${PYTHONPATH} /usr/bin/python3 -W ignore:setup.py install is deprecated setup.py egg_info --egg-base ../../build/vehicle_status_monitor build --build-base /home/vijay/ldlidar_ros2_ws/build/vehicle_status_monitor/build install --record /home/vijay/ldlidar_ros2_ws/build/vehicle_status_monitor/install.log --single-version-externally-managed install_data --force
[4.752s] Level 1:colcon.colcon_core.environment:checking '/home/vijay/ldlidar_ros2_ws/install/mqtt_bridge' for CMake module files
[4.753s] DEBUG:colcon.colcon_core.event_handler.log_command:Invoked command in '/home/vijay/ldlidar_ros2_ws/src/mqtt_bridge' returned '0': PYTHONPATH=/home/vijay/ldlidar_ros2_ws/build/mqtt_bridge/prefix_override:/usr/lib/python3/dist-packages/colcon_core/task/python/colcon_distutils_commands:/home/vijay/ldlidar_ros2_ws/install/mqtt_bridge/lib/python3.10/site-packages:${PYTHONPATH} /usr/bin/python3 -W ignore:setup.py install is deprecated setup.py egg_info --egg-base ../../build/mqtt_bridge build --build-base /home/vijay/ldlidar_ros2_ws/build/mqtt_bridge/build install --record /home/vijay/ldlidar_ros2_ws/build/mqtt_bridge/install.log --single-version-externally-managed
[4.754s] Level 1:colcon.colcon_core.environment:checking '/home/vijay/ldlidar_ros2_ws/install/mqtt_bridge' for CMake config files
[4.755s] Level 1:colcon.colcon_core.environment:checking '/home/vijay/ldlidar_ros2_ws/install/mqtt_bridge/lib'
[4.755s] Level 1:colcon.colcon_core.environment:checking '/home/vijay/ldlidar_ros2_ws/install/mqtt_bridge/bin'
[4.755s] Level 1:colcon.colcon_core.shell:create_environment_hook('mqtt_bridge', 'path')
[4.756s] INFO:colcon.colcon_core.shell:Creating environment hook '/home/vijay/ldlidar_ros2_ws/install/mqtt_bridge/share/mqtt_bridge/hook/path.ps1'
[4.757s] INFO:colcon.colcon_core.shell:Creating environment descriptor '/home/vijay/ldlidar_ros2_ws/install/mqtt_bridge/share/mqtt_bridge/hook/path.dsv'
[4.757s] INFO:colcon.colcon_core.shell:Creating environment hook '/home/vijay/ldlidar_ros2_ws/install/mqtt_bridge/share/mqtt_bridge/hook/path.sh'
[4.758s] Level 1:colcon.colcon_core.environment:checking '/home/vijay/ldlidar_ros2_ws/install/mqtt_bridge/lib/pkgconfig/mqtt_bridge.pc'
[4.758s] Level 1:colcon.colcon_core.environment:checking '/home/vijay/ldlidar_ros2_ws/install/mqtt_bridge/lib/python3.10/site-packages'
[4.759s] Level 1:colcon.colcon_core.shell:create_environment_hook('mqtt_bridge', 'pythonpath')
[4.759s] INFO:colcon.colcon_core.shell:Creating environment hook '/home/vijay/ldlidar_ros2_ws/install/mqtt_bridge/share/mqtt_bridge/hook/pythonpath.ps1'
[4.760s] INFO:colcon.colcon_core.shell:Creating environment descriptor '/home/vijay/ldlidar_ros2_ws/install/mqtt_bridge/share/mqtt_bridge/hook/pythonpath.dsv'
[4.760s] INFO:colcon.colcon_core.shell:Creating environment hook '/home/vijay/ldlidar_ros2_ws/install/mqtt_bridge/share/mqtt_bridge/hook/pythonpath.sh'
[4.761s] Level 1:colcon.colcon_core.environment:checking '/home/vijay/ldlidar_ros2_ws/install/mqtt_bridge/bin'
[4.761s] Level 1:colcon.colcon_core.shell:create_environment_hook('mqtt_bridge', 'pythonscriptspath')
[4.762s] INFO:colcon.colcon_core.shell:Creating environment hook '/home/vijay/ldlidar_ros2_ws/install/mqtt_bridge/share/mqtt_bridge/hook/pythonscriptspath.ps1'
[4.762s] INFO:colcon.colcon_core.shell:Creating environment descriptor '/home/vijay/ldlidar_ros2_ws/install/mqtt_bridge/share/mqtt_bridge/hook/pythonscriptspath.dsv'
[4.763s] INFO:colcon.colcon_core.shell:Creating environment hook '/home/vijay/ldlidar_ros2_ws/install/mqtt_bridge/share/mqtt_bridge/hook/pythonscriptspath.sh'
[4.763s] Level 1:colcon.colcon_core.environment:create_environment_scripts_only(mqtt_bridge)
[4.764s] INFO:colcon.colcon_core.shell:Creating package script '/home/vijay/ldlidar_ros2_ws/install/mqtt_bridge/share/mqtt_bridge/package.ps1'
[4.765s] INFO:colcon.colcon_core.shell:Creating package descriptor '/home/vijay/ldlidar_ros2_ws/install/mqtt_bridge/share/mqtt_bridge/package.dsv'
[4.766s] INFO:colcon.colcon_core.shell:Creating package script '/home/vijay/ldlidar_ros2_ws/install/mqtt_bridge/share/mqtt_bridge/package.sh'
[4.767s] INFO:colcon.colcon_core.shell:Creating package script '/home/vijay/ldlidar_ros2_ws/install/mqtt_bridge/share/mqtt_bridge/package.bash'
[4.767s] INFO:colcon.colcon_core.shell:Creating package script '/home/vijay/ldlidar_ros2_ws/install/mqtt_bridge/share/mqtt_bridge/package.zsh'
[4.768s] Level 1:colcon.colcon_core.environment:create_file_with_runtime_dependencies(/home/vijay/ldlidar_ros2_ws/install/mqtt_bridge/share/colcon-core/packages/mqtt_bridge)
[4.824s] Level 1:colcon.colcon_core.environment:checking '/home/vijay/ldlidar_ros2_ws/install/pyside2_gui' for CMake module files
[4.825s] DEBUG:colcon.colcon_core.event_handler.log_command:Invoked command in '/home/vijay/ldlidar_ros2_ws/src/pyside2_gui' returned '0': PYTHONPATH=/home/vijay/ldlidar_ros2_ws/build/pyside2_gui/prefix_override:/usr/lib/python3/dist-packages/colcon_core/task/python/colcon_distutils_commands:/home/vijay/ldlidar_ros2_ws/install/pyside2_gui/lib/python3.10/site-packages:${PYTHONPATH} /usr/bin/python3 -W ignore:setup.py install is deprecated setup.py egg_info --egg-base ../../build/pyside2_gui build --build-base /home/vijay/ldlidar_ros2_ws/build/pyside2_gui/build install --record /home/vijay/ldlidar_ros2_ws/build/pyside2_gui/install.log --single-version-externally-managed install_data --force
[4.825s] Level 1:colcon.colcon_core.environment:checking '/home/vijay/ldlidar_ros2_ws/install/pyside2_gui' for CMake config files
[4.827s] Level 1:colcon.colcon_core.environment:checking '/home/vijay/ldlidar_ros2_ws/install/pyside2_gui/lib'
[4.827s] Level 1:colcon.colcon_core.environment:checking '/home/vijay/ldlidar_ros2_ws/install/pyside2_gui/bin'
[4.827s] Level 1:colcon.colcon_core.environment:checking '/home/vijay/ldlidar_ros2_ws/install/pyside2_gui/lib/pkgconfig/pyside2_gui.pc'
[4.827s] Level 1:colcon.colcon_core.environment:checking '/home/vijay/ldlidar_ros2_ws/install/pyside2_gui/lib/python3.10/site-packages'
[4.827s] Level 1:colcon.colcon_core.shell:create_environment_hook('pyside2_gui', 'pythonpath')
[4.828s] INFO:colcon.colcon_core.shell:Creating environment hook '/home/vijay/ldlidar_ros2_ws/install/pyside2_gui/share/pyside2_gui/hook/pythonpath.ps1'
[4.829s] INFO:colcon.colcon_core.shell:Creating environment descriptor '/home/vijay/ldlidar_ros2_ws/install/pyside2_gui/share/pyside2_gui/hook/pythonpath.dsv'
[4.830s] INFO:colcon.colcon_core.shell:Creating environment hook '/home/vijay/ldlidar_ros2_ws/install/pyside2_gui/share/pyside2_gui/hook/pythonpath.sh'
[4.831s] Level 1:colcon.colcon_core.environment:checking '/home/vijay/ldlidar_ros2_ws/install/pyside2_gui/bin'
[4.831s] Level 1:colcon.colcon_core.environment:create_environment_scripts_only(pyside2_gui)
[4.832s] INFO:colcon.colcon_core.shell:Creating package script '/home/vijay/ldlidar_ros2_ws/install/pyside2_gui/share/pyside2_gui/package.ps1'
[4.833s] INFO:colcon.colcon_core.shell:Creating package descriptor '/home/vijay/ldlidar_ros2_ws/install/pyside2_gui/share/pyside2_gui/package.dsv'
[4.834s] INFO:colcon.colcon_core.shell:Creating package script '/home/vijay/ldlidar_ros2_ws/install/pyside2_gui/share/pyside2_gui/package.sh'
[4.834s] INFO:colcon.colcon_core.shell:Creating package script '/home/vijay/ldlidar_ros2_ws/install/pyside2_gui/share/pyside2_gui/package.bash'
[4.835s] INFO:colcon.colcon_core.shell:Creating package script '/home/vijay/ldlidar_ros2_ws/install/pyside2_gui/share/pyside2_gui/package.zsh'
[4.836s] Level 1:colcon.colcon_core.environment:create_file_with_runtime_dependencies(/home/vijay/ldlidar_ros2_ws/install/pyside2_gui/share/colcon-core/packages/pyside2_gui)
[4.838s] Level 1:colcon.colcon_core.environment:checking '/home/vijay/ldlidar_ros2_ws/install/vehicle_status_monitor' for CMake module files
[4.839s] Level 1:colcon.colcon_core.environment:checking '/home/vijay/ldlidar_ros2_ws/install/vehicle_status_monitor' for CMake config files
[4.839s] DEBUG:colcon.colcon_core.event_handler.log_command:Invoked command in '/home/vijay/ldlidar_ros2_ws/src/vehicle_status_monitor' returned '0': PYTHONPATH=/home/vijay/ldlidar_ros2_ws/build/vehicle_status_monitor/prefix_override:/usr/lib/python3/dist-packages/colcon_core/task/python/colcon_distutils_commands:/home/vijay/ldlidar_ros2_ws/install/vehicle_status_monitor/lib/python3.10/site-packages:${PYTHONPATH} /usr/bin/python3 -W ignore:setup.py install is deprecated setup.py egg_info --egg-base ../../build/vehicle_status_monitor build --build-base /home/vijay/ldlidar_ros2_ws/build/vehicle_status_monitor/build install --record /home/vijay/ldlidar_ros2_ws/build/vehicle_status_monitor/install.log --single-version-externally-managed install_data --force
[4.840s] Level 1:colcon.colcon_core.environment:checking '/home/vijay/ldlidar_ros2_ws/install/vehicle_status_monitor/lib'
[4.841s] Level 1:colcon.colcon_core.environment:checking '/home/vijay/ldlidar_ros2_ws/install/vehicle_status_monitor/bin'
[4.841s] Level 1:colcon.colcon_core.environment:checking '/home/vijay/ldlidar_ros2_ws/install/vehicle_status_monitor/lib/pkgconfig/vehicle_status_monitor.pc'
[4.841s] Level 1:colcon.colcon_core.environment:checking '/home/vijay/ldlidar_ros2_ws/install/vehicle_status_monitor/lib/python3.10/site-packages'
[4.841s] Level 1:colcon.colcon_core.shell:create_environment_hook('vehicle_status_monitor', 'pythonpath')
[4.842s] INFO:colcon.colcon_core.shell:Creating environment hook '/home/vijay/ldlidar_ros2_ws/install/vehicle_status_monitor/share/vehicle_status_monitor/hook/pythonpath.ps1'
[4.842s] INFO:colcon.colcon_core.shell:Creating environment descriptor '/home/vijay/ldlidar_ros2_ws/install/vehicle_status_monitor/share/vehicle_status_monitor/hook/pythonpath.dsv'
[4.843s] INFO:colcon.colcon_core.shell:Creating environment hook '/home/vijay/ldlidar_ros2_ws/install/vehicle_status_monitor/share/vehicle_status_monitor/hook/pythonpath.sh'
[4.844s] Level 1:colcon.colcon_core.environment:checking '/home/vijay/ldlidar_ros2_ws/install/vehicle_status_monitor/bin'
[4.844s] Level 1:colcon.colcon_core.environment:create_environment_scripts_only(vehicle_status_monitor)
[4.845s] INFO:colcon.colcon_core.shell:Creating package script '/home/vijay/ldlidar_ros2_ws/install/vehicle_status_monitor/share/vehicle_status_monitor/package.ps1'
[4.846s] INFO:colcon.colcon_core.shell:Creating package descriptor '/home/vijay/ldlidar_ros2_ws/install/vehicle_status_monitor/share/vehicle_status_monitor/package.dsv'
[4.846s] INFO:colcon.colcon_core.shell:Creating package script '/home/vijay/ldlidar_ros2_ws/install/vehicle_status_monitor/share/vehicle_status_monitor/package.sh'
[4.847s] INFO:colcon.colcon_core.shell:Creating package script '/home/vijay/ldlidar_ros2_ws/install/vehicle_status_monitor/share/vehicle_status_monitor/package.bash'
[4.848s] INFO:colcon.colcon_core.shell:Creating package script '/home/vijay/ldlidar_ros2_ws/install/vehicle_status_monitor/share/vehicle_status_monitor/package.zsh'
[4.848s] Level 1:colcon.colcon_core.environment:create_file_with_runtime_dependencies(/home/vijay/ldlidar_ros2_ws/install/vehicle_status_monitor/share/colcon-core/packages/vehicle_status_monitor)
[4.849s] DEBUG:colcon.colcon_parallel_executor.executor.parallel:closing loop
[4.849s] DEBUG:colcon.colcon_parallel_executor.executor.parallel:loop closed
[4.849s] DEBUG:colcon.colcon_parallel_executor.executor.parallel:run_until_complete finished with '0'
[4.850s] DEBUG:colcon.colcon_core.event_reactor:joining thread
[4.878s] INFO:colcon.colcon_core.plugin_system:Skipping extension 'colcon_notification.desktop_notification.terminal_notifier': Not used on non-Darwin systems
[4.878s] INFO:colcon.colcon_core.plugin_system:Skipping extension 'colcon_notification.desktop_notification.win32': Not used on non-Windows systems
[4.879s] INFO:colcon.colcon_notification.desktop_notification:Sending desktop notification using 'notify2'
[4.900s] DEBUG:colcon.colcon_core.event_reactor:joined thread
[4.900s] INFO:colcon.colcon_core.shell:Creating prefix script '/home/vijay/ldlidar_ros2_ws/install/local_setup.ps1'
[4.902s] INFO:colcon.colcon_core.shell:Creating prefix util module '/home/vijay/ldlidar_ros2_ws/install/_local_setup_util_ps1.py'
[4.906s] INFO:colcon.colcon_core.shell:Creating prefix chain script '/home/vijay/ldlidar_ros2_ws/install/setup.ps1'
[4.908s] INFO:colcon.colcon_core.shell:Creating prefix script '/home/vijay/ldlidar_ros2_ws/install/local_setup.sh'
[4.909s] INFO:colcon.colcon_core.shell:Creating prefix util module '/home/vijay/ldlidar_ros2_ws/install/_local_setup_util_sh.py'
[4.910s] INFO:colcon.colcon_core.shell:Creating prefix chain script '/home/vijay/ldlidar_ros2_ws/install/setup.sh'
[4.913s] INFO:colcon.colcon_core.shell:Creating prefix script '/home/vijay/ldlidar_ros2_ws/install/local_setup.bash'
[4.914s] INFO:colcon.colcon_core.shell:Creating prefix chain script '/home/vijay/ldlidar_ros2_ws/install/setup.bash'
[4.916s] INFO:colcon.colcon_core.shell:Creating prefix script '/home/vijay/ldlidar_ros2_ws/install/local_setup.zsh'
[4.917s] INFO:colcon.colcon_core.shell:Creating prefix chain script '/home/vijay/ldlidar_ros2_ws/install/setup.zsh'
