[2.328s] Invoking command in '/home/vijay/ldlidar_ros2_ws/build/pyside2_gui': PYTHONPATH=/home/vijay/ldlidar_ros2_ws/build/pyside2_gui/prefix_override:/usr/lib/python3/dist-packages/colcon_core/task/python/colcon_distutils_commands:/home/vijay/ldlidar_ros2_ws/install/pyside2_gui/lib/python3.10/site-packages:${PYTHONPATH} /usr/bin/python3 -W ignore:setup.py install is deprecated setup.py develop --editable --build-directory /home/vijay/ldlidar_ros2_ws/build/pyside2_gui/build --no-deps symlink_data
[2.631s] /home/vijay/.local/lib/python3.10/site-packages/setuptools/_distutils/dist.py:261: UserWarning: Unknown distribution option: 'tests_require'
[2.632s]   warnings.warn(msg)
[3.025s] running develop
[3.025s] /home/vijay/.local/lib/python3.10/site-packages/setuptools/command/develop.py:41: EasyInstallDeprecationWarning: easy_install command is deprecated.
[3.025s] !!
[3.025s] 
[3.025s]         ********************************************************************************
[3.025s]         Please avoid running ``setup.py`` and ``easy_install``.
[3.026s]         Instead, use pypa/build, pypa/installer or other
[3.026s]         standards-based tools.
[3.026s] 
[3.026s]         See https://github.com/pypa/setuptools/issues/917 for details.
[3.026s]         ********************************************************************************
[3.026s] 
[3.027s] !!
[3.027s]   easy_install.initialize_options(self)
[3.512s] running egg_info
[3.550s] creating pyside2_gui.egg-info
[3.550s] writing pyside2_gui.egg-info/PKG-INFO
[3.551s] writing dependency_links to pyside2_gui.egg-info/dependency_links.txt
[3.551s] writing entry points to pyside2_gui.egg-info/entry_points.txt
[3.552s] writing requirements to pyside2_gui.egg-info/requires.txt
[3.552s] writing top-level names to pyside2_gui.egg-info/top_level.txt
[3.552s] writing manifest file 'pyside2_gui.egg-info/SOURCES.txt'
[3.640s] reading manifest file 'pyside2_gui.egg-info/SOURCES.txt'
[3.643s] writing manifest file 'pyside2_gui.egg-info/SOURCES.txt'
[3.691s] running build_ext
[3.691s] Creating /home/vijay/ldlidar_ros2_ws/install/pyside2_gui/lib/python3.10/site-packages/pyside2-gui.egg-link (link to .)
[3.692s] Installing pyside2_gui script to /home/vijay/ldlidar_ros2_ws/install/pyside2_gui/lib/pyside2_gui
[3.693s] 
[3.693s] Installed /home/vijay/ldlidar_ros2_ws/build/pyside2_gui
[3.693s] running symlink_data
[3.693s] creating /home/vijay/ldlidar_ros2_ws/install/pyside2_gui/share/ament_index/resource_index/packages
[3.694s] symbolically linking /home/vijay/ldlidar_ros2_ws/build/pyside2_gui/resource/pyside2_gui -> /home/vijay/ldlidar_ros2_ws/install/pyside2_gui/share/ament_index/resource_index/packages
[3.694s] symbolically linking /home/vijay/ldlidar_ros2_ws/build/pyside2_gui/package.xml -> /home/vijay/ldlidar_ros2_ws/install/pyside2_gui/share/pyside2_gui
[3.763s] Invoked command in '/home/vijay/ldlidar_ros2_ws/build/pyside2_gui' returned '0': PYTHONPATH=/home/vijay/ldlidar_ros2_ws/build/pyside2_gui/prefix_override:/usr/lib/python3/dist-packages/colcon_core/task/python/colcon_distutils_commands:/home/vijay/ldlidar_ros2_ws/install/pyside2_gui/lib/python3.10/site-packages:${PYTHONPATH} /usr/bin/python3 -W ignore:setup.py install is deprecated setup.py develop --editable --build-directory /home/vijay/ldlidar_ros2_ws/build/pyside2_gui/build --no-deps symlink_data
