[0.694s] Invoking command in '/home/vijay/ldlidar_ros2_ws/build/vehicle_status_monitor': PYTHONPATH=/home/vijay/ldlidar_ros2_ws/build/vehicle_status_monitor/prefix_override:/usr/lib/python3/dist-packages/colcon_core/task/python/colcon_distutils_commands:/home/vijay/ldlidar_ros2_ws/install/vehicle_status_monitor/lib/python3.10/site-packages:${PYTHONPATH} /usr/bin/python3 -W ignore:setup.py install is deprecated setup.py develop --editable --build-directory /home/vijay/ldlidar_ros2_ws/build/vehicle_status_monitor/build --no-deps symlink_data
[0.927s] running develop
[0.928s] /home/vijay/.local/lib/python3.10/site-packages/setuptools/command/develop.py:41: EasyInstallDeprecationWarning: easy_install command is deprecated.
[0.928s] !!
[0.928s] 
[0.928s]         ********************************************************************************
[0.928s]         Please avoid running ``setup.py`` and ``easy_install``.
[0.928s]         Instead, use pypa/build, pypa/installer or other
[0.928s]         standards-based tools.
[0.928s] 
[0.928s]         See https://github.com/pypa/setuptools/issues/917 for details.
[0.928s]         ********************************************************************************
[0.928s] 
[0.928s] !!
[0.928s]   easy_install.initialize_options(self)
[1.086s] running egg_info
[1.098s] writing vehicle_status_monitor.egg-info/PKG-INFO
[1.099s] writing dependency_links to vehicle_status_monitor.egg-info/dependency_links.txt
[1.099s] writing entry points to vehicle_status_monitor.egg-info/entry_points.txt
[1.099s] writing requirements to vehicle_status_monitor.egg-info/requires.txt
[1.099s] writing top-level names to vehicle_status_monitor.egg-info/top_level.txt
[1.125s] reading manifest file 'vehicle_status_monitor.egg-info/SOURCES.txt'
[1.126s] writing manifest file 'vehicle_status_monitor.egg-info/SOURCES.txt'
[1.140s] running build_ext
[1.140s] Creating /home/vijay/ldlidar_ros2_ws/install/vehicle_status_monitor/lib/python3.10/site-packages/vehicle-status-monitor.egg-link (link to .)
[1.141s] Installing monitor script to /home/vijay/ldlidar_ros2_ws/install/vehicle_status_monitor/lib/vehicle_status_monitor
[1.141s] 
[1.141s] Installed /home/vijay/ldlidar_ros2_ws/build/vehicle_status_monitor
[1.141s] running symlink_data
[1.178s] Invoked command in '/home/vijay/ldlidar_ros2_ws/build/vehicle_status_monitor' returned '0': PYTHONPATH=/home/vijay/ldlidar_ros2_ws/build/vehicle_status_monitor/prefix_override:/usr/lib/python3/dist-packages/colcon_core/task/python/colcon_distutils_commands:/home/vijay/ldlidar_ros2_ws/install/vehicle_status_monitor/lib/python3.10/site-packages:${PYTHONPATH} /usr/bin/python3 -W ignore:setup.py install is deprecated setup.py develop --editable --build-directory /home/vijay/ldlidar_ros2_ws/build/vehicle_status_monitor/build --no-deps symlink_data
