[0.191s] DEBUG:colcon:Command line arguments: ['/usr/bin/colcon', 'build']
[0.192s] DEBUG:colcon:Parsed command line arguments: Namespace(log_base=None, log_level=None, verb_name='build', build_base='build', install_base='install', merge_install=False, symlink_install=False, test_result_base=None, continue_on_error=False, executor='parallel', parallel_workers=8, event_handlers=None, ignore_user_meta=False, metas=['./colcon.meta'], base_paths=['.'], packages_ignore=None, packages_ignore_regex=None, paths=None, packages_up_to=None, packages_up_to_regex=None, packages_above=None, packages_above_and_dependencies=None, packages_above_depth=None, packages_select_by_dep=None, packages_skip_by_dep=None, packages_skip_up_to=None, packages_select_build_failed=False, packages_skip_build_finished=False, packages_select_test_failures=False, packages_skip_test_passed=False, packages_select=None, packages_skip=None, packages_select_regex=None, packages_skip_regex=None, packages_start=None, packages_end=None, allow_overriding=[], cmake_args=None, cmake_target=None, cmake_target_skip_unavailable=False, cmake_clean_cache=False, cmake_clean_first=False, cmake_force_configure=False, ament_cmake_args=None, catkin_cmake_args=None, catkin_skip_building_tests=False, mixin_files=None, mixin=None, verb_parser=<colcon_mixin.mixin.mixin_argument.MixinArgumentDecorator object at 0x7ec645638dc0>, verb_extension=<colcon_core.verb.build.BuildVerb object at 0x7ec645638730>, main=<bound method BuildVerb.main of <colcon_core.verb.build.BuildVerb object at 0x7ec645638730>>, mixin_verb=('build',))
[0.260s] Level 1:colcon.colcon_core.package_discovery:discover_packages(colcon_meta) check parameters
[0.260s] Level 1:colcon.colcon_core.package_discovery:discover_packages(recursive) check parameters
[0.260s] Level 1:colcon.colcon_core.package_discovery:discover_packages(ignore) check parameters
[0.260s] Level 1:colcon.colcon_core.package_discovery:discover_packages(path) check parameters
[0.260s] Level 1:colcon.colcon_core.package_discovery:discover_packages(colcon_meta) discover
[0.260s] Level 1:colcon.colcon_core.package_discovery:discover_packages(recursive) discover
[0.260s] INFO:colcon.colcon_core.package_discovery:Crawling recursively for packages in '/home/vijay/ldlidar_ros2_ws'
[0.260s] Level 1:colcon.colcon_core.package_identification:_identify(.) by extensions ['ignore', 'ignore_ament_install']
[0.261s] Level 1:colcon.colcon_core.package_identification:_identify(.) by extension 'ignore'
[0.261s] Level 1:colcon.colcon_core.package_identification:_identify(.) by extension 'ignore_ament_install'
[0.261s] Level 1:colcon.colcon_core.package_identification:_identify(.) by extensions ['colcon_pkg']
[0.261s] Level 1:colcon.colcon_core.package_identification:_identify(.) by extension 'colcon_pkg'
[0.261s] Level 1:colcon.colcon_core.package_identification:_identify(.) by extensions ['colcon_meta']
[0.261s] Level 1:colcon.colcon_core.package_identification:_identify(.) by extension 'colcon_meta'
[0.261s] Level 1:colcon.colcon_core.package_identification:_identify(.) by extensions ['ros']
[0.261s] Level 1:colcon.colcon_core.package_identification:_identify(.) by extension 'ros'
[0.288s] Level 1:colcon.colcon_core.package_identification:_identify(.) by extensions ['cmake', 'python']
[0.288s] Level 1:colcon.colcon_core.package_identification:_identify(.) by extension 'cmake'
[0.288s] Level 1:colcon.colcon_core.package_identification:_identify(.) by extension 'python'
[0.288s] Level 1:colcon.colcon_core.package_identification:_identify(.) by extensions ['python_setup_py']
[0.288s] Level 1:colcon.colcon_core.package_identification:_identify(.) by extension 'python_setup_py'
[0.288s] Level 1:colcon.colcon_core.package_identification:_identify(build) by extensions ['ignore', 'ignore_ament_install']
[0.289s] Level 1:colcon.colcon_core.package_identification:_identify(build) by extension 'ignore'
[0.289s] Level 1:colcon.colcon_core.package_identification:_identify(build) ignored
[0.289s] Level 1:colcon.colcon_core.package_identification:_identify(install) by extensions ['ignore', 'ignore_ament_install']
[0.289s] Level 1:colcon.colcon_core.package_identification:_identify(install) by extension 'ignore'
[0.289s] Level 1:colcon.colcon_core.package_identification:_identify(install) ignored
[0.289s] Level 1:colcon.colcon_core.package_identification:_identify(log) by extensions ['ignore', 'ignore_ament_install']
[0.290s] Level 1:colcon.colcon_core.package_identification:_identify(log) by extension 'ignore'
[0.290s] Level 1:colcon.colcon_core.package_identification:_identify(log) ignored
[0.290s] Level 1:colcon.colcon_core.package_identification:_identify(src) by extensions ['ignore', 'ignore_ament_install']
[0.290s] Level 1:colcon.colcon_core.package_identification:_identify(src) by extension 'ignore'
[0.290s] Level 1:colcon.colcon_core.package_identification:_identify(src) by extension 'ignore_ament_install'
[0.290s] Level 1:colcon.colcon_core.package_identification:_identify(src) by extensions ['colcon_pkg']
[0.290s] Level 1:colcon.colcon_core.package_identification:_identify(src) by extension 'colcon_pkg'
[0.290s] Level 1:colcon.colcon_core.package_identification:_identify(src) by extensions ['colcon_meta']
[0.290s] Level 1:colcon.colcon_core.package_identification:_identify(src) by extension 'colcon_meta'
[0.290s] Level 1:colcon.colcon_core.package_identification:_identify(src) by extensions ['ros']
[0.291s] Level 1:colcon.colcon_core.package_identification:_identify(src) by extension 'ros'
[0.291s] Level 1:colcon.colcon_core.package_identification:_identify(src) by extensions ['cmake', 'python']
[0.291s] Level 1:colcon.colcon_core.package_identification:_identify(src) by extension 'cmake'
[0.291s] Level 1:colcon.colcon_core.package_identification:_identify(src) by extension 'python'
[0.291s] Level 1:colcon.colcon_core.package_identification:_identify(src) by extensions ['python_setup_py']
[0.291s] Level 1:colcon.colcon_core.package_identification:_identify(src) by extension 'python_setup_py'
[0.291s] Level 1:colcon.colcon_core.package_identification:_identify(src/ldlidar_stl_ros2) by extensions ['ignore', 'ignore_ament_install']
[0.291s] Level 1:colcon.colcon_core.package_identification:_identify(src/ldlidar_stl_ros2) by extension 'ignore'
[0.291s] Level 1:colcon.colcon_core.package_identification:_identify(src/ldlidar_stl_ros2) by extension 'ignore_ament_install'
[0.291s] Level 1:colcon.colcon_core.package_identification:_identify(src/ldlidar_stl_ros2) by extensions ['colcon_pkg']
[0.291s] Level 1:colcon.colcon_core.package_identification:_identify(src/ldlidar_stl_ros2) by extension 'colcon_pkg'
[0.291s] Level 1:colcon.colcon_core.package_identification:_identify(src/ldlidar_stl_ros2) by extensions ['colcon_meta']
[0.292s] Level 1:colcon.colcon_core.package_identification:_identify(src/ldlidar_stl_ros2) by extension 'colcon_meta'
[0.292s] Level 1:colcon.colcon_core.package_identification:_identify(src/ldlidar_stl_ros2) by extensions ['ros']
[0.292s] Level 1:colcon.colcon_core.package_identification:_identify(src/ldlidar_stl_ros2) by extension 'ros'
[0.296s] DEBUG:colcon.colcon_core.package_identification:Package 'src/ldlidar_stl_ros2' with type 'ros.ament_cmake' and name 'ldlidar_stl_ros2'
[0.296s] Level 1:colcon.colcon_core.package_identification:_identify(src/mqtt_bridge) by extensions ['ignore', 'ignore_ament_install']
[0.296s] Level 1:colcon.colcon_core.package_identification:_identify(src/mqtt_bridge) by extension 'ignore'
[0.296s] Level 1:colcon.colcon_core.package_identification:_identify(src/mqtt_bridge) by extension 'ignore_ament_install'
[0.296s] Level 1:colcon.colcon_core.package_identification:_identify(src/mqtt_bridge) by extensions ['colcon_pkg']
[0.297s] Level 1:colcon.colcon_core.package_identification:_identify(src/mqtt_bridge) by extension 'colcon_pkg'
[0.297s] Level 1:colcon.colcon_core.package_identification:_identify(src/mqtt_bridge) by extensions ['colcon_meta']
[0.297s] Level 1:colcon.colcon_core.package_identification:_identify(src/mqtt_bridge) by extension 'colcon_meta'
[0.297s] Level 1:colcon.colcon_core.package_identification:_identify(src/mqtt_bridge) by extensions ['ros']
[0.297s] Level 1:colcon.colcon_core.package_identification:_identify(src/mqtt_bridge) by extension 'ros'
[0.298s] DEBUG:colcon.colcon_core.package_identification:Package 'src/mqtt_bridge' with type 'ros.ament_python' and name 'mqtt_bridge'
[0.298s] Level 1:colcon.colcon_core.package_identification:_identify(src/vehicle_status_monitor) by extensions ['ignore', 'ignore_ament_install']
[0.298s] Level 1:colcon.colcon_core.package_identification:_identify(src/vehicle_status_monitor) by extension 'ignore'
[0.298s] Level 1:colcon.colcon_core.package_identification:_identify(src/vehicle_status_monitor) by extension 'ignore_ament_install'
[0.299s] Level 1:colcon.colcon_core.package_identification:_identify(src/vehicle_status_monitor) by extensions ['colcon_pkg']
[0.299s] Level 1:colcon.colcon_core.package_identification:_identify(src/vehicle_status_monitor) by extension 'colcon_pkg'
[0.299s] Level 1:colcon.colcon_core.package_identification:_identify(src/vehicle_status_monitor) by extensions ['colcon_meta']
[0.299s] Level 1:colcon.colcon_core.package_identification:_identify(src/vehicle_status_monitor) by extension 'colcon_meta'
[0.299s] Level 1:colcon.colcon_core.package_identification:_identify(src/vehicle_status_monitor) by extensions ['ros']
[0.299s] Level 1:colcon.colcon_core.package_identification:_identify(src/vehicle_status_monitor) by extension 'ros'
[0.300s] DEBUG:colcon.colcon_core.package_identification:Package 'src/vehicle_status_monitor' with type 'ros.ament_python' and name 'vehicle_status_monitor'
[0.300s] Level 1:colcon.colcon_core.package_discovery:discover_packages(recursive) using defaults
[0.300s] Level 1:colcon.colcon_core.package_discovery:discover_packages(ignore) discover
[0.300s] Level 1:colcon.colcon_core.package_discovery:discover_packages(ignore) using defaults
[0.300s] Level 1:colcon.colcon_core.package_discovery:discover_packages(path) discover
[0.300s] Level 1:colcon.colcon_core.package_discovery:discover_packages(path) using defaults
[0.338s] Level 1:colcon.colcon_core.package_discovery:discover_packages(prefix_path) check parameters
[0.339s] Level 1:colcon.colcon_core.package_discovery:discover_packages(prefix_path) discover
[0.341s] DEBUG:colcon.colcon_installed_package_information.package_discovery:Found 3 installed packages in /home/vijay/ldlidar_ros2_ws/install
[0.344s] DEBUG:colcon.colcon_installed_package_information.package_discovery:Found 393 installed packages in /opt/ros/humble
[0.348s] Level 1:colcon.colcon_core.package_discovery:discover_packages(prefix_path) using defaults
[0.426s] Level 5:colcon.colcon_core.verb:set package 'ldlidar_stl_ros2' build argument 'cmake_args' from command line to 'None'
[0.426s] Level 5:colcon.colcon_core.verb:set package 'ldlidar_stl_ros2' build argument 'cmake_target' from command line to 'None'
[0.426s] Level 5:colcon.colcon_core.verb:set package 'ldlidar_stl_ros2' build argument 'cmake_target_skip_unavailable' from command line to 'False'
[0.426s] Level 5:colcon.colcon_core.verb:set package 'ldlidar_stl_ros2' build argument 'cmake_clean_cache' from command line to 'False'
[0.426s] Level 5:colcon.colcon_core.verb:set package 'ldlidar_stl_ros2' build argument 'cmake_clean_first' from command line to 'False'
[0.426s] Level 5:colcon.colcon_core.verb:set package 'ldlidar_stl_ros2' build argument 'cmake_force_configure' from command line to 'False'
[0.426s] Level 5:colcon.colcon_core.verb:set package 'ldlidar_stl_ros2' build argument 'ament_cmake_args' from command line to 'None'
[0.426s] Level 5:colcon.colcon_core.verb:set package 'ldlidar_stl_ros2' build argument 'catkin_cmake_args' from command line to 'None'
[0.426s] Level 5:colcon.colcon_core.verb:set package 'ldlidar_stl_ros2' build argument 'catkin_skip_building_tests' from command line to 'False'
[0.426s] DEBUG:colcon.colcon_core.verb:Building package 'ldlidar_stl_ros2' with the following arguments: {'ament_cmake_args': None, 'build_base': '/home/vijay/ldlidar_ros2_ws/build/ldlidar_stl_ros2', 'catkin_cmake_args': None, 'catkin_skip_building_tests': False, 'cmake_args': None, 'cmake_clean_cache': False, 'cmake_clean_first': False, 'cmake_force_configure': False, 'cmake_target': None, 'cmake_target_skip_unavailable': False, 'install_base': '/home/vijay/ldlidar_ros2_ws/install/ldlidar_stl_ros2', 'merge_install': False, 'path': '/home/vijay/ldlidar_ros2_ws/src/ldlidar_stl_ros2', 'symlink_install': False, 'test_result_base': None}
[0.427s] Level 5:colcon.colcon_core.verb:set package 'mqtt_bridge' build argument 'cmake_args' from command line to 'None'
[0.427s] Level 5:colcon.colcon_core.verb:set package 'mqtt_bridge' build argument 'cmake_target' from command line to 'None'
[0.427s] Level 5:colcon.colcon_core.verb:set package 'mqtt_bridge' build argument 'cmake_target_skip_unavailable' from command line to 'False'
[0.427s] Level 5:colcon.colcon_core.verb:set package 'mqtt_bridge' build argument 'cmake_clean_cache' from command line to 'False'
[0.427s] Level 5:colcon.colcon_core.verb:set package 'mqtt_bridge' build argument 'cmake_clean_first' from command line to 'False'
[0.427s] Level 5:colcon.colcon_core.verb:set package 'mqtt_bridge' build argument 'cmake_force_configure' from command line to 'False'
[0.427s] Level 5:colcon.colcon_core.verb:set package 'mqtt_bridge' build argument 'ament_cmake_args' from command line to 'None'
[0.427s] Level 5:colcon.colcon_core.verb:set package 'mqtt_bridge' build argument 'catkin_cmake_args' from command line to 'None'
[0.427s] Level 5:colcon.colcon_core.verb:set package 'mqtt_bridge' build argument 'catkin_skip_building_tests' from command line to 'False'
[0.427s] DEBUG:colcon.colcon_core.verb:Building package 'mqtt_bridge' with the following arguments: {'ament_cmake_args': None, 'build_base': '/home/vijay/ldlidar_ros2_ws/build/mqtt_bridge', 'catkin_cmake_args': None, 'catkin_skip_building_tests': False, 'cmake_args': None, 'cmake_clean_cache': False, 'cmake_clean_first': False, 'cmake_force_configure': False, 'cmake_target': None, 'cmake_target_skip_unavailable': False, 'install_base': '/home/vijay/ldlidar_ros2_ws/install/mqtt_bridge', 'merge_install': False, 'path': '/home/vijay/ldlidar_ros2_ws/src/mqtt_bridge', 'symlink_install': False, 'test_result_base': None}
[0.428s] Level 5:colcon.colcon_core.verb:set package 'vehicle_status_monitor' build argument 'cmake_args' from command line to 'None'
[0.428s] Level 5:colcon.colcon_core.verb:set package 'vehicle_status_monitor' build argument 'cmake_target' from command line to 'None'
[0.428s] Level 5:colcon.colcon_core.verb:set package 'vehicle_status_monitor' build argument 'cmake_target_skip_unavailable' from command line to 'False'
[0.428s] Level 5:colcon.colcon_core.verb:set package 'vehicle_status_monitor' build argument 'cmake_clean_cache' from command line to 'False'
[0.428s] Level 5:colcon.colcon_core.verb:set package 'vehicle_status_monitor' build argument 'cmake_clean_first' from command line to 'False'
[0.428s] Level 5:colcon.colcon_core.verb:set package 'vehicle_status_monitor' build argument 'cmake_force_configure' from command line to 'False'
[0.428s] Level 5:colcon.colcon_core.verb:set package 'vehicle_status_monitor' build argument 'ament_cmake_args' from command line to 'None'
[0.428s] Level 5:colcon.colcon_core.verb:set package 'vehicle_status_monitor' build argument 'catkin_cmake_args' from command line to 'None'
[0.428s] Level 5:colcon.colcon_core.verb:set package 'vehicle_status_monitor' build argument 'catkin_skip_building_tests' from command line to 'False'
[0.428s] DEBUG:colcon.colcon_core.verb:Building package 'vehicle_status_monitor' with the following arguments: {'ament_cmake_args': None, 'build_base': '/home/vijay/ldlidar_ros2_ws/build/vehicle_status_monitor', 'catkin_cmake_args': None, 'catkin_skip_building_tests': False, 'cmake_args': None, 'cmake_clean_cache': False, 'cmake_clean_first': False, 'cmake_force_configure': False, 'cmake_target': None, 'cmake_target_skip_unavailable': False, 'install_base': '/home/vijay/ldlidar_ros2_ws/install/vehicle_status_monitor', 'merge_install': False, 'path': '/home/vijay/ldlidar_ros2_ws/src/vehicle_status_monitor', 'symlink_install': False, 'test_result_base': None}
[0.429s] INFO:colcon.colcon_core.executor:Executing jobs using 'parallel' executor
[0.431s] DEBUG:colcon.colcon_parallel_executor.executor.parallel:run_until_complete
[0.431s] INFO:colcon.colcon_ros.task.ament_cmake.build:Building ROS package in '/home/vijay/ldlidar_ros2_ws/src/ldlidar_stl_ros2' with build type 'ament_cmake'
[0.431s] INFO:colcon.colcon_cmake.task.cmake.build:Building CMake package in '/home/vijay/ldlidar_ros2_ws/src/ldlidar_stl_ros2'
[0.434s] INFO:colcon.colcon_core.plugin_system:Skipping extension 'colcon_core.shell.bat': Not used on non-Windows systems
[0.434s] INFO:colcon.colcon_core.shell:Skip shell extension 'powershell' for command environment: Not usable outside of PowerShell
[0.434s] DEBUG:colcon.colcon_core.shell:Skip shell extension 'dsv' for command environment
[0.441s] INFO:colcon.colcon_ros.task.ament_python.build:Building ROS package in '/home/vijay/ldlidar_ros2_ws/src/mqtt_bridge' with build type 'ament_python'
[0.441s] Level 1:colcon.colcon_core.shell:create_environment_hook('mqtt_bridge', 'ament_prefix_path')
[0.441s] INFO:colcon.colcon_core.shell:Creating environment hook '/home/vijay/ldlidar_ros2_ws/install/mqtt_bridge/share/mqtt_bridge/hook/ament_prefix_path.ps1'
[0.443s] INFO:colcon.colcon_core.shell:Creating environment descriptor '/home/vijay/ldlidar_ros2_ws/install/mqtt_bridge/share/mqtt_bridge/hook/ament_prefix_path.dsv'
[0.444s] INFO:colcon.colcon_core.shell:Creating environment hook '/home/vijay/ldlidar_ros2_ws/install/mqtt_bridge/share/mqtt_bridge/hook/ament_prefix_path.sh'
[0.445s] INFO:colcon.colcon_core.shell:Skip shell extension 'powershell' for command environment: Not usable outside of PowerShell
[0.445s] DEBUG:colcon.colcon_core.shell:Skip shell extension 'dsv' for command environment
[0.451s] INFO:colcon.colcon_ros.task.ament_python.build:Building ROS package in '/home/vijay/ldlidar_ros2_ws/src/vehicle_status_monitor' with build type 'ament_python'
[0.451s] Level 1:colcon.colcon_core.shell:create_environment_hook('vehicle_status_monitor', 'ament_prefix_path')
[0.451s] INFO:colcon.colcon_core.shell:Creating environment hook '/home/vijay/ldlidar_ros2_ws/install/vehicle_status_monitor/share/vehicle_status_monitor/hook/ament_prefix_path.ps1'
[0.452s] INFO:colcon.colcon_core.shell:Creating environment descriptor '/home/vijay/ldlidar_ros2_ws/install/vehicle_status_monitor/share/vehicle_status_monitor/hook/ament_prefix_path.dsv'
[0.453s] INFO:colcon.colcon_core.shell:Creating environment hook '/home/vijay/ldlidar_ros2_ws/install/vehicle_status_monitor/share/vehicle_status_monitor/hook/ament_prefix_path.sh'
[0.454s] INFO:colcon.colcon_core.shell:Skip shell extension 'powershell' for command environment: Not usable outside of PowerShell
[0.454s] DEBUG:colcon.colcon_core.shell:Skip shell extension 'dsv' for command environment
[0.469s] DEBUG:colcon.colcon_core.event_handler.log_command:Invoking command in '/home/vijay/ldlidar_ros2_ws/build/ldlidar_stl_ros2': CMAKE_PREFIX_PATH=${CMAKE_PREFIX_PATH}:/home/vijay/ldlidar_ros2_ws/install/vehicle_status_monitor:/home/vijay/ldlidar_ros2_ws/install/mqtt_bridge:/opt/ros/humble /usr/bin/cmake --build /home/vijay/ldlidar_ros2_ws/build/ldlidar_stl_ros2 -- -j8 -l8
[0.851s] WARNING:colcon.colcon_ros.task.ament_python.build:Package 'mqtt_bridge' doesn't explicitly install a marker in the package index (colcon-ros currently does it implicitly but that fallback will be removed in the future)
[0.851s] WARNING:colcon.colcon_ros.task.ament_python.build:Package 'mqtt_bridge' doesn't explicitly install the 'package.xml' file (colcon-ros currently does it implicitly but that fallback will be removed in the future)
[0.852s] INFO:colcon.colcon_core.task.python.build:Building Python package in '/home/vijay/ldlidar_ros2_ws/src/mqtt_bridge'
[0.852s] INFO:colcon.colcon_core.shell:Skip shell extension 'powershell' for command environment: Not usable outside of PowerShell
[0.852s] DEBUG:colcon.colcon_core.shell:Skip shell extension 'dsv' for command environment
[1.246s] INFO:colcon.colcon_core.task.python.build:Building Python package in '/home/vijay/ldlidar_ros2_ws/src/vehicle_status_monitor'
[1.247s] INFO:colcon.colcon_core.shell:Skip shell extension 'powershell' for command environment: Not usable outside of PowerShell
[1.247s] DEBUG:colcon.colcon_core.shell:Skip shell extension 'dsv' for command environment
[1.254s] DEBUG:colcon.colcon_core.event_handler.log_command:Invoked command in '/home/vijay/ldlidar_ros2_ws/build/ldlidar_stl_ros2' returned '0': CMAKE_PREFIX_PATH=${CMAKE_PREFIX_PATH}:/home/vijay/ldlidar_ros2_ws/install/vehicle_status_monitor:/home/vijay/ldlidar_ros2_ws/install/mqtt_bridge:/opt/ros/humble /usr/bin/cmake --build /home/vijay/ldlidar_ros2_ws/build/ldlidar_stl_ros2 -- -j8 -l8
[1.334s] DEBUG:colcon.colcon_core.event_handler.log_command:Invoking command in '/home/vijay/ldlidar_ros2_ws/build/ldlidar_stl_ros2': CMAKE_PREFIX_PATH=${CMAKE_PREFIX_PATH}:/home/vijay/ldlidar_ros2_ws/install/vehicle_status_monitor:/home/vijay/ldlidar_ros2_ws/install/mqtt_bridge:/opt/ros/humble /usr/bin/cmake --install /home/vijay/ldlidar_ros2_ws/build/ldlidar_stl_ros2
[1.371s] Level 1:colcon.colcon_core.environment:create_environment_scripts_only(ldlidar_stl_ros2)
[1.372s] DEBUG:colcon.colcon_core.event_handler.log_command:Invoked command in '/home/vijay/ldlidar_ros2_ws/build/ldlidar_stl_ros2' returned '0': CMAKE_PREFIX_PATH=${CMAKE_PREFIX_PATH}:/home/vijay/ldlidar_ros2_ws/install/vehicle_status_monitor:/home/vijay/ldlidar_ros2_ws/install/mqtt_bridge:/opt/ros/humble /usr/bin/cmake --install /home/vijay/ldlidar_ros2_ws/build/ldlidar_stl_ros2
[1.376s] Level 1:colcon.colcon_core.environment:checking '/home/vijay/ldlidar_ros2_ws/install/ldlidar_stl_ros2' for CMake module files
[1.377s] Level 1:colcon.colcon_core.environment:checking '/home/vijay/ldlidar_ros2_ws/install/ldlidar_stl_ros2' for CMake config files
[1.378s] Level 1:colcon.colcon_core.shell:create_environment_hook('ldlidar_stl_ros2', 'cmake_prefix_path')
[1.378s] INFO:colcon.colcon_core.shell:Creating environment hook '/home/vijay/ldlidar_ros2_ws/install/ldlidar_stl_ros2/share/ldlidar_stl_ros2/hook/cmake_prefix_path.ps1'
[1.379s] INFO:colcon.colcon_core.shell:Creating environment descriptor '/home/vijay/ldlidar_ros2_ws/install/ldlidar_stl_ros2/share/ldlidar_stl_ros2/hook/cmake_prefix_path.dsv'
[1.380s] INFO:colcon.colcon_core.shell:Creating environment hook '/home/vijay/ldlidar_ros2_ws/install/ldlidar_stl_ros2/share/ldlidar_stl_ros2/hook/cmake_prefix_path.sh'
[1.381s] Level 1:colcon.colcon_core.environment:checking '/home/vijay/ldlidar_ros2_ws/install/ldlidar_stl_ros2/lib'
[1.381s] Level 1:colcon.colcon_core.environment:checking '/home/vijay/ldlidar_ros2_ws/install/ldlidar_stl_ros2/bin'
[1.381s] Level 1:colcon.colcon_core.environment:checking '/home/vijay/ldlidar_ros2_ws/install/ldlidar_stl_ros2/lib/pkgconfig/ldlidar_stl_ros2.pc'
[1.382s] Level 1:colcon.colcon_core.environment:checking '/home/vijay/ldlidar_ros2_ws/install/ldlidar_stl_ros2/lib/python3.10/site-packages'
[1.382s] Level 1:colcon.colcon_core.environment:checking '/home/vijay/ldlidar_ros2_ws/install/ldlidar_stl_ros2/bin'
[1.382s] INFO:colcon.colcon_core.shell:Creating package script '/home/vijay/ldlidar_ros2_ws/install/ldlidar_stl_ros2/share/ldlidar_stl_ros2/package.ps1'
[1.384s] INFO:colcon.colcon_core.shell:Creating package descriptor '/home/vijay/ldlidar_ros2_ws/install/ldlidar_stl_ros2/share/ldlidar_stl_ros2/package.dsv'
[1.385s] INFO:colcon.colcon_core.shell:Creating package script '/home/vijay/ldlidar_ros2_ws/install/ldlidar_stl_ros2/share/ldlidar_stl_ros2/package.sh'
[1.386s] INFO:colcon.colcon_core.shell:Creating package script '/home/vijay/ldlidar_ros2_ws/install/ldlidar_stl_ros2/share/ldlidar_stl_ros2/package.bash'
[1.387s] INFO:colcon.colcon_core.shell:Creating package script '/home/vijay/ldlidar_ros2_ws/install/ldlidar_stl_ros2/share/ldlidar_stl_ros2/package.zsh'
[1.388s] Level 1:colcon.colcon_core.environment:create_file_with_runtime_dependencies(/home/vijay/ldlidar_ros2_ws/install/ldlidar_stl_ros2/share/colcon-core/packages/ldlidar_stl_ros2)
[1.445s] Level 1:colcon.colcon_core.environment:create_environment_scripts_only(ldlidar_stl_ros2)
[1.446s] Level 1:colcon.colcon_core.environment:checking '/home/vijay/ldlidar_ros2_ws/install/ldlidar_stl_ros2' for CMake module files
[1.447s] Level 1:colcon.colcon_core.environment:checking '/home/vijay/ldlidar_ros2_ws/install/ldlidar_stl_ros2' for CMake config files
[1.448s] Level 1:colcon.colcon_core.shell:create_environment_hook('ldlidar_stl_ros2', 'cmake_prefix_path')
[1.449s] INFO:colcon.colcon_core.shell:Creating environment hook '/home/vijay/ldlidar_ros2_ws/install/ldlidar_stl_ros2/share/ldlidar_stl_ros2/hook/cmake_prefix_path.ps1'
[1.450s] INFO:colcon.colcon_core.shell:Creating environment descriptor '/home/vijay/ldlidar_ros2_ws/install/ldlidar_stl_ros2/share/ldlidar_stl_ros2/hook/cmake_prefix_path.dsv'
[1.451s] INFO:colcon.colcon_core.shell:Creating environment hook '/home/vijay/ldlidar_ros2_ws/install/ldlidar_stl_ros2/share/ldlidar_stl_ros2/hook/cmake_prefix_path.sh'
[1.452s] Level 1:colcon.colcon_core.environment:checking '/home/vijay/ldlidar_ros2_ws/install/ldlidar_stl_ros2/lib'
[1.452s] Level 1:colcon.colcon_core.environment:checking '/home/vijay/ldlidar_ros2_ws/install/ldlidar_stl_ros2/bin'
[1.452s] Level 1:colcon.colcon_core.environment:checking '/home/vijay/ldlidar_ros2_ws/install/ldlidar_stl_ros2/lib/pkgconfig/ldlidar_stl_ros2.pc'
[1.453s] Level 1:colcon.colcon_core.environment:checking '/home/vijay/ldlidar_ros2_ws/install/ldlidar_stl_ros2/lib/python3.10/site-packages'
[1.453s] Level 1:colcon.colcon_core.environment:checking '/home/vijay/ldlidar_ros2_ws/install/ldlidar_stl_ros2/bin'
[1.454s] INFO:colcon.colcon_core.shell:Creating package script '/home/vijay/ldlidar_ros2_ws/install/ldlidar_stl_ros2/share/ldlidar_stl_ros2/package.ps1'
[1.455s] INFO:colcon.colcon_core.shell:Creating package descriptor '/home/vijay/ldlidar_ros2_ws/install/ldlidar_stl_ros2/share/ldlidar_stl_ros2/package.dsv'
[1.456s] INFO:colcon.colcon_core.shell:Creating package script '/home/vijay/ldlidar_ros2_ws/install/ldlidar_stl_ros2/share/ldlidar_stl_ros2/package.sh'
[1.457s] INFO:colcon.colcon_core.shell:Creating package script '/home/vijay/ldlidar_ros2_ws/install/ldlidar_stl_ros2/share/ldlidar_stl_ros2/package.bash'
[1.458s] INFO:colcon.colcon_core.shell:Creating package script '/home/vijay/ldlidar_ros2_ws/install/ldlidar_stl_ros2/share/ldlidar_stl_ros2/package.zsh'
[1.459s] Level 1:colcon.colcon_core.environment:create_file_with_runtime_dependencies(/home/vijay/ldlidar_ros2_ws/install/ldlidar_stl_ros2/share/colcon-core/packages/ldlidar_stl_ros2)
[2.240s] DEBUG:colcon.colcon_core.event_handler.log_command:Invoking command in '/home/vijay/ldlidar_ros2_ws/src/mqtt_bridge': PYTHONPATH=/home/vijay/ldlidar_ros2_ws/build/mqtt_bridge/prefix_override:/usr/lib/python3/dist-packages/colcon_core/task/python/colcon_distutils_commands:/home/vijay/ldlidar_ros2_ws/install/mqtt_bridge/lib/python3.10/site-packages:${PYTHONPATH} /usr/bin/python3 -W ignore:setup.py install is deprecated setup.py egg_info --egg-base ../../build/mqtt_bridge build --build-base /home/vijay/ldlidar_ros2_ws/build/mqtt_bridge/build install --record /home/vijay/ldlidar_ros2_ws/build/mqtt_bridge/install.log --single-version-externally-managed
[2.242s] DEBUG:colcon.colcon_core.event_handler.log_command:Invoking command in '/home/vijay/ldlidar_ros2_ws/src/vehicle_status_monitor': PYTHONPATH=/home/vijay/ldlidar_ros2_ws/build/vehicle_status_monitor/prefix_override:/usr/lib/python3/dist-packages/colcon_core/task/python/colcon_distutils_commands:/home/vijay/ldlidar_ros2_ws/install/vehicle_status_monitor/lib/python3.10/site-packages:${PYTHONPATH} /usr/bin/python3 -W ignore:setup.py install is deprecated setup.py egg_info --egg-base ../../build/vehicle_status_monitor build --build-base /home/vijay/ldlidar_ros2_ws/build/vehicle_status_monitor/build install --record /home/vijay/ldlidar_ros2_ws/build/vehicle_status_monitor/install.log --single-version-externally-managed install_data
[3.172s] Level 1:colcon.colcon_core.environment:checking '/home/vijay/ldlidar_ros2_ws/install/mqtt_bridge' for CMake module files
[3.174s] DEBUG:colcon.colcon_core.event_handler.log_command:Invoked command in '/home/vijay/ldlidar_ros2_ws/src/mqtt_bridge' returned '0': PYTHONPATH=/home/vijay/ldlidar_ros2_ws/build/mqtt_bridge/prefix_override:/usr/lib/python3/dist-packages/colcon_core/task/python/colcon_distutils_commands:/home/vijay/ldlidar_ros2_ws/install/mqtt_bridge/lib/python3.10/site-packages:${PYTHONPATH} /usr/bin/python3 -W ignore:setup.py install is deprecated setup.py egg_info --egg-base ../../build/mqtt_bridge build --build-base /home/vijay/ldlidar_ros2_ws/build/mqtt_bridge/build install --record /home/vijay/ldlidar_ros2_ws/build/mqtt_bridge/install.log --single-version-externally-managed
[3.174s] Level 1:colcon.colcon_core.environment:checking '/home/vijay/ldlidar_ros2_ws/install/mqtt_bridge' for CMake config files
[3.176s] Level 1:colcon.colcon_core.environment:checking '/home/vijay/ldlidar_ros2_ws/install/mqtt_bridge/lib'
[3.176s] Level 1:colcon.colcon_core.environment:checking '/home/vijay/ldlidar_ros2_ws/install/mqtt_bridge/bin'
[3.176s] Level 1:colcon.colcon_core.shell:create_environment_hook('mqtt_bridge', 'path')
[3.176s] INFO:colcon.colcon_core.shell:Creating environment hook '/home/vijay/ldlidar_ros2_ws/install/mqtt_bridge/share/mqtt_bridge/hook/path.ps1'
[3.177s] INFO:colcon.colcon_core.shell:Creating environment descriptor '/home/vijay/ldlidar_ros2_ws/install/mqtt_bridge/share/mqtt_bridge/hook/path.dsv'
[3.178s] INFO:colcon.colcon_core.shell:Creating environment hook '/home/vijay/ldlidar_ros2_ws/install/mqtt_bridge/share/mqtt_bridge/hook/path.sh'
[3.179s] Level 1:colcon.colcon_core.environment:checking '/home/vijay/ldlidar_ros2_ws/install/mqtt_bridge/lib/pkgconfig/mqtt_bridge.pc'
[3.179s] Level 1:colcon.colcon_core.environment:checking '/home/vijay/ldlidar_ros2_ws/install/mqtt_bridge/lib/python3.10/site-packages'
[3.179s] Level 1:colcon.colcon_core.shell:create_environment_hook('mqtt_bridge', 'pythonpath')
[3.179s] INFO:colcon.colcon_core.shell:Creating environment hook '/home/vijay/ldlidar_ros2_ws/install/mqtt_bridge/share/mqtt_bridge/hook/pythonpath.ps1'
[3.180s] INFO:colcon.colcon_core.shell:Creating environment descriptor '/home/vijay/ldlidar_ros2_ws/install/mqtt_bridge/share/mqtt_bridge/hook/pythonpath.dsv'
[3.181s] INFO:colcon.colcon_core.shell:Creating environment hook '/home/vijay/ldlidar_ros2_ws/install/mqtt_bridge/share/mqtt_bridge/hook/pythonpath.sh'
[3.183s] Level 1:colcon.colcon_core.environment:checking '/home/vijay/ldlidar_ros2_ws/install/mqtt_bridge/bin'
[3.183s] Level 1:colcon.colcon_core.shell:create_environment_hook('mqtt_bridge', 'pythonscriptspath')
[3.184s] INFO:colcon.colcon_core.shell:Creating environment hook '/home/vijay/ldlidar_ros2_ws/install/mqtt_bridge/share/mqtt_bridge/hook/pythonscriptspath.ps1'
[3.184s] INFO:colcon.colcon_core.shell:Creating environment descriptor '/home/vijay/ldlidar_ros2_ws/install/mqtt_bridge/share/mqtt_bridge/hook/pythonscriptspath.dsv'
[3.185s] INFO:colcon.colcon_core.shell:Creating environment hook '/home/vijay/ldlidar_ros2_ws/install/mqtt_bridge/share/mqtt_bridge/hook/pythonscriptspath.sh'
[3.186s] Level 1:colcon.colcon_core.environment:create_environment_scripts_only(mqtt_bridge)
[3.186s] INFO:colcon.colcon_core.shell:Creating package script '/home/vijay/ldlidar_ros2_ws/install/mqtt_bridge/share/mqtt_bridge/package.ps1'
[3.188s] INFO:colcon.colcon_core.shell:Creating package descriptor '/home/vijay/ldlidar_ros2_ws/install/mqtt_bridge/share/mqtt_bridge/package.dsv'
[3.188s] INFO:colcon.colcon_core.shell:Creating package script '/home/vijay/ldlidar_ros2_ws/install/mqtt_bridge/share/mqtt_bridge/package.sh'
[3.189s] INFO:colcon.colcon_core.shell:Creating package script '/home/vijay/ldlidar_ros2_ws/install/mqtt_bridge/share/mqtt_bridge/package.bash'
[3.190s] INFO:colcon.colcon_core.shell:Creating package script '/home/vijay/ldlidar_ros2_ws/install/mqtt_bridge/share/mqtt_bridge/package.zsh'
[3.190s] Level 1:colcon.colcon_core.environment:create_file_with_runtime_dependencies(/home/vijay/ldlidar_ros2_ws/install/mqtt_bridge/share/colcon-core/packages/mqtt_bridge)
[3.229s] Level 1:colcon.colcon_core.environment:checking '/home/vijay/ldlidar_ros2_ws/install/vehicle_status_monitor' for CMake module files
[3.230s] DEBUG:colcon.colcon_core.event_handler.log_command:Invoked command in '/home/vijay/ldlidar_ros2_ws/src/vehicle_status_monitor' returned '0': PYTHONPATH=/home/vijay/ldlidar_ros2_ws/build/vehicle_status_monitor/prefix_override:/usr/lib/python3/dist-packages/colcon_core/task/python/colcon_distutils_commands:/home/vijay/ldlidar_ros2_ws/install/vehicle_status_monitor/lib/python3.10/site-packages:${PYTHONPATH} /usr/bin/python3 -W ignore:setup.py install is deprecated setup.py egg_info --egg-base ../../build/vehicle_status_monitor build --build-base /home/vijay/ldlidar_ros2_ws/build/vehicle_status_monitor/build install --record /home/vijay/ldlidar_ros2_ws/build/vehicle_status_monitor/install.log --single-version-externally-managed install_data
[3.231s] Level 1:colcon.colcon_core.environment:checking '/home/vijay/ldlidar_ros2_ws/install/vehicle_status_monitor' for CMake config files
[3.231s] Level 1:colcon.colcon_core.environment:checking '/home/vijay/ldlidar_ros2_ws/install/vehicle_status_monitor/lib'
[3.232s] Level 1:colcon.colcon_core.environment:checking '/home/vijay/ldlidar_ros2_ws/install/vehicle_status_monitor/bin'
[3.232s] Level 1:colcon.colcon_core.environment:checking '/home/vijay/ldlidar_ros2_ws/install/vehicle_status_monitor/lib/pkgconfig/vehicle_status_monitor.pc'
[3.232s] Level 1:colcon.colcon_core.environment:checking '/home/vijay/ldlidar_ros2_ws/install/vehicle_status_monitor/lib/python3.10/site-packages'
[3.232s] Level 1:colcon.colcon_core.shell:create_environment_hook('vehicle_status_monitor', 'pythonpath')
[3.233s] INFO:colcon.colcon_core.shell:Creating environment hook '/home/vijay/ldlidar_ros2_ws/install/vehicle_status_monitor/share/vehicle_status_monitor/hook/pythonpath.ps1'
[3.234s] INFO:colcon.colcon_core.shell:Creating environment descriptor '/home/vijay/ldlidar_ros2_ws/install/vehicle_status_monitor/share/vehicle_status_monitor/hook/pythonpath.dsv'
[3.234s] INFO:colcon.colcon_core.shell:Creating environment hook '/home/vijay/ldlidar_ros2_ws/install/vehicle_status_monitor/share/vehicle_status_monitor/hook/pythonpath.sh'
[3.235s] Level 1:colcon.colcon_core.environment:checking '/home/vijay/ldlidar_ros2_ws/install/vehicle_status_monitor/bin'
[3.236s] Level 1:colcon.colcon_core.environment:create_environment_scripts_only(vehicle_status_monitor)
[3.236s] INFO:colcon.colcon_core.shell:Creating package script '/home/vijay/ldlidar_ros2_ws/install/vehicle_status_monitor/share/vehicle_status_monitor/package.ps1'
[3.237s] INFO:colcon.colcon_core.shell:Creating package descriptor '/home/vijay/ldlidar_ros2_ws/install/vehicle_status_monitor/share/vehicle_status_monitor/package.dsv'
[3.238s] INFO:colcon.colcon_core.shell:Creating package script '/home/vijay/ldlidar_ros2_ws/install/vehicle_status_monitor/share/vehicle_status_monitor/package.sh'
[3.239s] INFO:colcon.colcon_core.shell:Creating package script '/home/vijay/ldlidar_ros2_ws/install/vehicle_status_monitor/share/vehicle_status_monitor/package.bash'
[3.239s] INFO:colcon.colcon_core.shell:Creating package script '/home/vijay/ldlidar_ros2_ws/install/vehicle_status_monitor/share/vehicle_status_monitor/package.zsh'
[3.240s] Level 1:colcon.colcon_core.environment:create_file_with_runtime_dependencies(/home/vijay/ldlidar_ros2_ws/install/vehicle_status_monitor/share/colcon-core/packages/vehicle_status_monitor)
[3.240s] DEBUG:colcon.colcon_parallel_executor.executor.parallel:closing loop
[3.241s] DEBUG:colcon.colcon_parallel_executor.executor.parallel:loop closed
[3.241s] DEBUG:colcon.colcon_parallel_executor.executor.parallel:run_until_complete finished with '0'
[3.241s] DEBUG:colcon.colcon_core.event_reactor:joining thread
[3.251s] INFO:colcon.colcon_core.plugin_system:Skipping extension 'colcon_notification.desktop_notification.terminal_notifier': Not used on non-Darwin systems
[3.251s] INFO:colcon.colcon_core.plugin_system:Skipping extension 'colcon_notification.desktop_notification.win32': Not used on non-Windows systems
[3.251s] INFO:colcon.colcon_notification.desktop_notification:Sending desktop notification using 'notify2'
[3.273s] DEBUG:colcon.colcon_core.event_reactor:joined thread
[3.274s] INFO:colcon.colcon_core.shell:Creating prefix script '/home/vijay/ldlidar_ros2_ws/install/local_setup.ps1'
[3.276s] INFO:colcon.colcon_core.shell:Creating prefix util module '/home/vijay/ldlidar_ros2_ws/install/_local_setup_util_ps1.py'
[3.280s] INFO:colcon.colcon_core.shell:Creating prefix chain script '/home/vijay/ldlidar_ros2_ws/install/setup.ps1'
[3.302s] INFO:colcon.colcon_core.shell:Creating prefix script '/home/vijay/ldlidar_ros2_ws/install/local_setup.sh'
[3.303s] INFO:colcon.colcon_core.shell:Creating prefix util module '/home/vijay/ldlidar_ros2_ws/install/_local_setup_util_sh.py'
[3.304s] INFO:colcon.colcon_core.shell:Creating prefix chain script '/home/vijay/ldlidar_ros2_ws/install/setup.sh'
[3.307s] INFO:colcon.colcon_core.shell:Creating prefix script '/home/vijay/ldlidar_ros2_ws/install/local_setup.bash'
[3.308s] INFO:colcon.colcon_core.shell:Creating prefix chain script '/home/vijay/ldlidar_ros2_ws/install/setup.bash'
[3.310s] INFO:colcon.colcon_core.shell:Creating prefix script '/home/vijay/ldlidar_ros2_ws/install/local_setup.zsh'
[3.311s] INFO:colcon.colcon_core.shell:Creating prefix chain script '/home/vijay/ldlidar_ros2_ws/install/setup.zsh'
