running develop
Removing /home/vijay/ldlidar_ros2_ws/install/mqtt_bridge/lib/python3.10/site-packages/mqtt-bridge.egg-link (link to .)
running egg_info
writing ../../build/mqtt_bridge/mqtt_bridge.egg-info/PKG-INFO
writing dependency_links to ../../build/mqtt_bridge/mqtt_bridge.egg-info/dependency_links.txt
writing entry points to ../../build/mqtt_bridge/mqtt_bridge.egg-info/entry_points.txt
writing requirements to ../../build/mqtt_bridge/mqtt_bridge.egg-info/requires.txt
writing top-level names to ../../build/mqtt_bridge/mqtt_bridge.egg-info/top_level.txt
reading manifest file '../../build/mqtt_bridge/mqtt_bridge.egg-info/SOURCES.txt'
writing manifest file '../../build/mqtt_bridge/mqtt_bridge.egg-info/SOURCES.txt'
running build
running build_py
creating /home/vijay/ldlidar_ros2_ws/build/mqtt_bridge/build/lib/mqtt_bridge
copying mqtt_bridge/mqtt_bridge_node.py -> /home/vijay/ldlidar_ros2_ws/build/mqtt_bridge/build/lib/mqtt_bridge
copying mqtt_bridge/__init__.py -> /home/vijay/ldlidar_ros2_ws/build/mqtt_bridge/build/lib/mqtt_bridge
running install
running install_lib
creating /home/vijay/ldlidar_ros2_ws/install/mqtt_bridge/lib/python3.10/site-packages/mqtt_bridge
copying /home/vijay/ldlidar_ros2_ws/build/mqtt_bridge/build/lib/mqtt_bridge/mqtt_bridge_node.py -> /home/vijay/ldlidar_ros2_ws/install/mqtt_bridge/lib/python3.10/site-packages/mqtt_bridge
copying /home/vijay/ldlidar_ros2_ws/build/mqtt_bridge/build/lib/mqtt_bridge/__init__.py -> /home/vijay/ldlidar_ros2_ws/install/mqtt_bridge/lib/python3.10/site-packages/mqtt_bridge
byte-compiling /home/vijay/ldlidar_ros2_ws/install/mqtt_bridge/lib/python3.10/site-packages/mqtt_bridge/mqtt_bridge_node.py to mqtt_bridge_node.cpython-310.pyc
byte-compiling /home/vijay/ldlidar_ros2_ws/install/mqtt_bridge/lib/python3.10/site-packages/mqtt_bridge/__init__.py to __init__.cpython-310.pyc
running install_egg_info
Copying ../../build/mqtt_bridge/mqtt_bridge.egg-info to /home/vijay/ldlidar_ros2_ws/install/mqtt_bridge/lib/python3.10/site-packages/mqtt_bridge-0.0.1-py3.10.egg-info
running install_scripts
Installing mqtt_bridge_node script to /home/vijay/ldlidar_ros2_ws/install/mqtt_bridge/lib/mqtt_bridge
writing list of installed files to '/home/vijay/ldlidar_ros2_ws/build/mqtt_bridge/install.log'
