[1.904s] Invoking command in '/home/vijay/ldlidar_ros2_ws/build/mqtt_bridge': PYTHONPATH=/home/vijay/ldlidar_ros2_ws/build/mqtt_bridge/prefix_override:/usr/lib/python3/dist-packages/colcon_core/task/python/colcon_distutils_commands:/home/vijay/ldlidar_ros2_ws/install/mqtt_bridge/lib/python3.10/site-packages:${PYTHONPATH} /usr/bin/python3 -W ignore:setup.py install is deprecated setup.py develop --uninstall --editable --build-directory /home/vijay/ldlidar_ros2_ws/build/mqtt_bridge/build
[2.483s] running develop
[2.489s] /home/vijay/.local/lib/python3.10/site-packages/setuptools/command/develop.py:41: EasyInstallDeprecationWarning: easy_install command is deprecated.
[2.490s] !!
[2.490s] 
[2.490s]         ********************************************************************************
[2.490s]         Please avoid running ``setup.py`` and ``easy_install``.
[2.490s]         Instead, use pypa/build, pypa/installer or other
[2.490s]         standards-based tools.
[2.491s] 
[2.491s]         See https://github.com/pypa/setuptools/issues/917 for details.
[2.491s]         ********************************************************************************
[2.491s] 
[2.491s] !!
[2.491s]   easy_install.initialize_options(self)
[2.930s] Removing /home/vijay/ldlidar_ros2_ws/install/mqtt_bridge/lib/python3.10/site-packages/mqtt-bridge.egg-link (link to .)
[2.996s] Invoked command in '/home/vijay/ldlidar_ros2_ws/build/mqtt_bridge' returned '0': PYTHONPATH=/home/vijay/ldlidar_ros2_ws/build/mqtt_bridge/prefix_override:/usr/lib/python3/dist-packages/colcon_core/task/python/colcon_distutils_commands:/home/vijay/ldlidar_ros2_ws/install/mqtt_bridge/lib/python3.10/site-packages:${PYTHONPATH} /usr/bin/python3 -W ignore:setup.py install is deprecated setup.py develop --uninstall --editable --build-directory /home/vijay/ldlidar_ros2_ws/build/mqtt_bridge/build
[2.999s] Invoking command in '/home/vijay/ldlidar_ros2_ws/src/mqtt_bridge': PYTHONPATH=/home/vijay/ldlidar_ros2_ws/build/mqtt_bridge/prefix_override:/usr/lib/python3/dist-packages/colcon_core/task/python/colcon_distutils_commands:/home/vijay/ldlidar_ros2_ws/install/mqtt_bridge/lib/python3.10/site-packages:${PYTHONPATH} /usr/bin/python3 -W ignore:setup.py install is deprecated setup.py egg_info --egg-base ../../build/mqtt_bridge build --build-base /home/vijay/ldlidar_ros2_ws/build/mqtt_bridge/build install --record /home/vijay/ldlidar_ros2_ws/build/mqtt_bridge/install.log --single-version-externally-managed
[3.462s] running egg_info
[3.494s] writing ../../build/mqtt_bridge/mqtt_bridge.egg-info/PKG-INFO
[3.495s] writing dependency_links to ../../build/mqtt_bridge/mqtt_bridge.egg-info/dependency_links.txt
[3.495s] writing entry points to ../../build/mqtt_bridge/mqtt_bridge.egg-info/entry_points.txt
[3.495s] writing requirements to ../../build/mqtt_bridge/mqtt_bridge.egg-info/requires.txt
[3.496s] writing top-level names to ../../build/mqtt_bridge/mqtt_bridge.egg-info/top_level.txt
[3.563s] reading manifest file '../../build/mqtt_bridge/mqtt_bridge.egg-info/SOURCES.txt'
[3.565s] writing manifest file '../../build/mqtt_bridge/mqtt_bridge.egg-info/SOURCES.txt'
[3.565s] running build
[3.566s] running build_py
[3.566s] creating /home/vijay/ldlidar_ros2_ws/build/mqtt_bridge/build/lib/mqtt_bridge
[3.567s] copying mqtt_bridge/mqtt_bridge_node.py -> /home/vijay/ldlidar_ros2_ws/build/mqtt_bridge/build/lib/mqtt_bridge
[3.567s] copying mqtt_bridge/__init__.py -> /home/vijay/ldlidar_ros2_ws/build/mqtt_bridge/build/lib/mqtt_bridge
[3.568s] running install
[3.577s] running install_lib
[3.611s] creating /home/vijay/ldlidar_ros2_ws/install/mqtt_bridge/lib/python3.10/site-packages/mqtt_bridge
[3.611s] copying /home/vijay/ldlidar_ros2_ws/build/mqtt_bridge/build/lib/mqtt_bridge/mqtt_bridge_node.py -> /home/vijay/ldlidar_ros2_ws/install/mqtt_bridge/lib/python3.10/site-packages/mqtt_bridge
[3.612s] copying /home/vijay/ldlidar_ros2_ws/build/mqtt_bridge/build/lib/mqtt_bridge/__init__.py -> /home/vijay/ldlidar_ros2_ws/install/mqtt_bridge/lib/python3.10/site-packages/mqtt_bridge
[3.613s] byte-compiling /home/vijay/ldlidar_ros2_ws/install/mqtt_bridge/lib/python3.10/site-packages/mqtt_bridge/mqtt_bridge_node.py to mqtt_bridge_node.cpython-310.pyc
[3.614s] byte-compiling /home/vijay/ldlidar_ros2_ws/install/mqtt_bridge/lib/python3.10/site-packages/mqtt_bridge/__init__.py to __init__.cpython-310.pyc
[3.614s] running install_egg_info
[3.651s] Copying ../../build/mqtt_bridge/mqtt_bridge.egg-info to /home/vijay/ldlidar_ros2_ws/install/mqtt_bridge/lib/python3.10/site-packages/mqtt_bridge-0.0.1-py3.10.egg-info
[3.652s] running install_scripts
[3.907s] Installing mqtt_bridge_node script to /home/vijay/ldlidar_ros2_ws/install/mqtt_bridge/lib/mqtt_bridge
[3.908s] writing list of installed files to '/home/vijay/ldlidar_ros2_ws/build/mqtt_bridge/install.log'
[3.955s] Invoked command in '/home/vijay/ldlidar_ros2_ws/src/mqtt_bridge' returned '0': PYTHONPATH=/home/vijay/ldlidar_ros2_ws/build/mqtt_bridge/prefix_override:/usr/lib/python3/dist-packages/colcon_core/task/python/colcon_distutils_commands:/home/vijay/ldlidar_ros2_ws/install/mqtt_bridge/lib/python3.10/site-packages:${PYTHONPATH} /usr/bin/python3 -W ignore:setup.py install is deprecated setup.py egg_info --egg-base ../../build/mqtt_bridge build --build-base /home/vijay/ldlidar_ros2_ws/build/mqtt_bridge/build install --record /home/vijay/ldlidar_ros2_ws/build/mqtt_bridge/install.log --single-version-externally-managed
