[0.252s] DEBUG:colcon:Command line arguments: ['/usr/bin/colcon', 'build']
[0.252s] DEBUG:colcon:Parsed command line arguments: Namespace(log_base=None, log_level=None, verb_name='build', build_base='build', install_base='install', merge_install=False, symlink_install=False, test_result_base=None, continue_on_error=False, executor='parallel', parallel_workers=8, event_handlers=None, ignore_user_meta=False, metas=['./colcon.meta'], base_paths=['.'], packages_ignore=None, packages_ignore_regex=None, paths=None, packages_up_to=None, packages_up_to_regex=None, packages_above=None, packages_above_and_dependencies=None, packages_above_depth=None, packages_select_by_dep=None, packages_skip_by_dep=None, packages_skip_up_to=None, packages_select_build_failed=False, packages_skip_build_finished=False, packages_select_test_failures=False, packages_skip_test_passed=False, packages_select=None, packages_skip=None, packages_select_regex=None, packages_skip_regex=None, packages_start=None, packages_end=None, allow_overriding=[], cmake_args=None, cmake_target=None, cmake_target_skip_unavailable=False, cmake_clean_cache=False, cmake_clean_first=False, cmake_force_configure=False, ament_cmake_args=None, catkin_cmake_args=None, catkin_skip_building_tests=False, mixin_files=None, mixin=None, verb_parser=<colcon_mixin.mixin.mixin_argument.MixinArgumentDecorator object at 0x79211df8ceb0>, verb_extension=<colcon_core.verb.build.BuildVerb object at 0x79211df8c820>, main=<bound method BuildVerb.main of <colcon_core.verb.build.BuildVerb object at 0x79211df8c820>>, mixin_verb=('build',))
[0.352s] Level 1:colcon.colcon_core.package_discovery:discover_packages(colcon_meta) check parameters
[0.352s] Level 1:colcon.colcon_core.package_discovery:discover_packages(recursive) check parameters
[0.352s] Level 1:colcon.colcon_core.package_discovery:discover_packages(ignore) check parameters
[0.352s] Level 1:colcon.colcon_core.package_discovery:discover_packages(path) check parameters
[0.352s] Level 1:colcon.colcon_core.package_discovery:discover_packages(colcon_meta) discover
[0.352s] Level 1:colcon.colcon_core.package_discovery:discover_packages(recursive) discover
[0.352s] INFO:colcon.colcon_core.package_discovery:Crawling recursively for packages in '/home/vijay/ldlidar_ros2_ws'
[0.352s] Level 1:colcon.colcon_core.package_identification:_identify(.) by extensions ['ignore', 'ignore_ament_install']
[0.353s] Level 1:colcon.colcon_core.package_identification:_identify(.) by extension 'ignore'
[0.353s] Level 1:colcon.colcon_core.package_identification:_identify(.) by extension 'ignore_ament_install'
[0.353s] Level 1:colcon.colcon_core.package_identification:_identify(.) by extensions ['colcon_pkg']
[0.353s] Level 1:colcon.colcon_core.package_identification:_identify(.) by extension 'colcon_pkg'
[0.353s] Level 1:colcon.colcon_core.package_identification:_identify(.) by extensions ['colcon_meta']
[0.353s] Level 1:colcon.colcon_core.package_identification:_identify(.) by extension 'colcon_meta'
[0.353s] Level 1:colcon.colcon_core.package_identification:_identify(.) by extensions ['ros']
[0.353s] Level 1:colcon.colcon_core.package_identification:_identify(.) by extension 'ros'
[0.382s] Level 1:colcon.colcon_core.package_identification:_identify(.) by extensions ['cmake', 'python']
[0.382s] Level 1:colcon.colcon_core.package_identification:_identify(.) by extension 'cmake'
[0.382s] Level 1:colcon.colcon_core.package_identification:_identify(.) by extension 'python'
[0.382s] Level 1:colcon.colcon_core.package_identification:_identify(.) by extensions ['python_setup_py']
[0.382s] Level 1:colcon.colcon_core.package_identification:_identify(.) by extension 'python_setup_py'
[0.383s] Level 1:colcon.colcon_core.package_identification:_identify(build) by extensions ['ignore', 'ignore_ament_install']
[0.383s] Level 1:colcon.colcon_core.package_identification:_identify(build) by extension 'ignore'
[0.383s] Level 1:colcon.colcon_core.package_identification:_identify(build) ignored
[0.383s] Level 1:colcon.colcon_core.package_identification:_identify(install) by extensions ['ignore', 'ignore_ament_install']
[0.383s] Level 1:colcon.colcon_core.package_identification:_identify(install) by extension 'ignore'
[0.383s] Level 1:colcon.colcon_core.package_identification:_identify(install) ignored
[0.384s] Level 1:colcon.colcon_core.package_identification:_identify(log) by extensions ['ignore', 'ignore_ament_install']
[0.384s] Level 1:colcon.colcon_core.package_identification:_identify(log) by extension 'ignore'
[0.384s] Level 1:colcon.colcon_core.package_identification:_identify(log) ignored
[0.384s] Level 1:colcon.colcon_core.package_identification:_identify(src) by extensions ['ignore', 'ignore_ament_install']
[0.384s] Level 1:colcon.colcon_core.package_identification:_identify(src) by extension 'ignore'
[0.384s] Level 1:colcon.colcon_core.package_identification:_identify(src) by extension 'ignore_ament_install'
[0.384s] Level 1:colcon.colcon_core.package_identification:_identify(src) by extensions ['colcon_pkg']
[0.384s] Level 1:colcon.colcon_core.package_identification:_identify(src) by extension 'colcon_pkg'
[0.384s] Level 1:colcon.colcon_core.package_identification:_identify(src) by extensions ['colcon_meta']
[0.384s] Level 1:colcon.colcon_core.package_identification:_identify(src) by extension 'colcon_meta'
[0.384s] Level 1:colcon.colcon_core.package_identification:_identify(src) by extensions ['ros']
[0.384s] Level 1:colcon.colcon_core.package_identification:_identify(src) by extension 'ros'
[0.385s] Level 1:colcon.colcon_core.package_identification:_identify(src) by extensions ['cmake', 'python']
[0.385s] Level 1:colcon.colcon_core.package_identification:_identify(src) by extension 'cmake'
[0.385s] Level 1:colcon.colcon_core.package_identification:_identify(src) by extension 'python'
[0.385s] Level 1:colcon.colcon_core.package_identification:_identify(src) by extensions ['python_setup_py']
[0.385s] Level 1:colcon.colcon_core.package_identification:_identify(src) by extension 'python_setup_py'
[0.385s] Level 1:colcon.colcon_core.package_identification:_identify(src/ldlidar_stl_ros2) by extensions ['ignore', 'ignore_ament_install']
[0.385s] Level 1:colcon.colcon_core.package_identification:_identify(src/ldlidar_stl_ros2) by extension 'ignore'
[0.385s] Level 1:colcon.colcon_core.package_identification:_identify(src/ldlidar_stl_ros2) by extension 'ignore_ament_install'
[0.385s] Level 1:colcon.colcon_core.package_identification:_identify(src/ldlidar_stl_ros2) by extensions ['colcon_pkg']
[0.385s] Level 1:colcon.colcon_core.package_identification:_identify(src/ldlidar_stl_ros2) by extension 'colcon_pkg'
[0.385s] Level 1:colcon.colcon_core.package_identification:_identify(src/ldlidar_stl_ros2) by extensions ['colcon_meta']
[0.385s] Level 1:colcon.colcon_core.package_identification:_identify(src/ldlidar_stl_ros2) by extension 'colcon_meta'
[0.386s] Level 1:colcon.colcon_core.package_identification:_identify(src/ldlidar_stl_ros2) by extensions ['ros']
[0.386s] Level 1:colcon.colcon_core.package_identification:_identify(src/ldlidar_stl_ros2) by extension 'ros'
[0.391s] DEBUG:colcon.colcon_core.package_identification:Package 'src/ldlidar_stl_ros2' with type 'ros.ament_cmake' and name 'ldlidar_stl_ros2'
[0.391s] Level 1:colcon.colcon_core.package_identification:_identify(src/mqtt_bridge) by extensions ['ignore', 'ignore_ament_install']
[0.391s] Level 1:colcon.colcon_core.package_identification:_identify(src/mqtt_bridge) by extension 'ignore'
[0.391s] Level 1:colcon.colcon_core.package_identification:_identify(src/mqtt_bridge) by extension 'ignore_ament_install'
[0.391s] Level 1:colcon.colcon_core.package_identification:_identify(src/mqtt_bridge) by extensions ['colcon_pkg']
[0.391s] Level 1:colcon.colcon_core.package_identification:_identify(src/mqtt_bridge) by extension 'colcon_pkg'
[0.391s] Level 1:colcon.colcon_core.package_identification:_identify(src/mqtt_bridge) by extensions ['colcon_meta']
[0.391s] Level 1:colcon.colcon_core.package_identification:_identify(src/mqtt_bridge) by extension 'colcon_meta'
[0.391s] Level 1:colcon.colcon_core.package_identification:_identify(src/mqtt_bridge) by extensions ['ros']
[0.391s] Level 1:colcon.colcon_core.package_identification:_identify(src/mqtt_bridge) by extension 'ros'
[0.392s] DEBUG:colcon.colcon_core.package_identification:Package 'src/mqtt_bridge' with type 'ros.ament_python' and name 'mqtt_bridge'
[0.393s] Level 1:colcon.colcon_core.package_identification:_identify(src/vehicle_status_monitor) by extensions ['ignore', 'ignore_ament_install']
[0.393s] Level 1:colcon.colcon_core.package_identification:_identify(src/vehicle_status_monitor) by extension 'ignore'
[0.393s] Level 1:colcon.colcon_core.package_identification:_identify(src/vehicle_status_monitor) by extension 'ignore_ament_install'
[0.393s] Level 1:colcon.colcon_core.package_identification:_identify(src/vehicle_status_monitor) by extensions ['colcon_pkg']
[0.393s] Level 1:colcon.colcon_core.package_identification:_identify(src/vehicle_status_monitor) by extension 'colcon_pkg'
[0.393s] Level 1:colcon.colcon_core.package_identification:_identify(src/vehicle_status_monitor) by extensions ['colcon_meta']
[0.393s] Level 1:colcon.colcon_core.package_identification:_identify(src/vehicle_status_monitor) by extension 'colcon_meta'
[0.393s] Level 1:colcon.colcon_core.package_identification:_identify(src/vehicle_status_monitor) by extensions ['ros']
[0.393s] Level 1:colcon.colcon_core.package_identification:_identify(src/vehicle_status_monitor) by extension 'ros'
[0.395s] DEBUG:colcon.colcon_core.package_identification:Package 'src/vehicle_status_monitor' with type 'ros.ament_python' and name 'vehicle_status_monitor'
[0.395s] Level 1:colcon.colcon_core.package_discovery:discover_packages(recursive) using defaults
[0.395s] Level 1:colcon.colcon_core.package_discovery:discover_packages(ignore) discover
[0.395s] Level 1:colcon.colcon_core.package_discovery:discover_packages(ignore) using defaults
[0.395s] Level 1:colcon.colcon_core.package_discovery:discover_packages(path) discover
[0.395s] Level 1:colcon.colcon_core.package_discovery:discover_packages(path) using defaults
[0.446s] Level 1:colcon.colcon_core.package_discovery:discover_packages(prefix_path) check parameters
[0.446s] Level 1:colcon.colcon_core.package_discovery:discover_packages(prefix_path) discover
[0.450s] DEBUG:colcon.colcon_installed_package_information.package_discovery:Found 3 installed packages in /home/vijay/ldlidar_ros2_ws/install
[0.453s] DEBUG:colcon.colcon_installed_package_information.package_discovery:Found 393 installed packages in /opt/ros/humble
[0.456s] Level 1:colcon.colcon_core.package_discovery:discover_packages(prefix_path) using defaults
[0.536s] Level 5:colcon.colcon_core.verb:set package 'ldlidar_stl_ros2' build argument 'cmake_args' from command line to 'None'
[0.537s] Level 5:colcon.colcon_core.verb:set package 'ldlidar_stl_ros2' build argument 'cmake_target' from command line to 'None'
[0.537s] Level 5:colcon.colcon_core.verb:set package 'ldlidar_stl_ros2' build argument 'cmake_target_skip_unavailable' from command line to 'False'
[0.537s] Level 5:colcon.colcon_core.verb:set package 'ldlidar_stl_ros2' build argument 'cmake_clean_cache' from command line to 'False'
[0.537s] Level 5:colcon.colcon_core.verb:set package 'ldlidar_stl_ros2' build argument 'cmake_clean_first' from command line to 'False'
[0.537s] Level 5:colcon.colcon_core.verb:set package 'ldlidar_stl_ros2' build argument 'cmake_force_configure' from command line to 'False'
[0.537s] Level 5:colcon.colcon_core.verb:set package 'ldlidar_stl_ros2' build argument 'ament_cmake_args' from command line to 'None'
[0.537s] Level 5:colcon.colcon_core.verb:set package 'ldlidar_stl_ros2' build argument 'catkin_cmake_args' from command line to 'None'
[0.537s] Level 5:colcon.colcon_core.verb:set package 'ldlidar_stl_ros2' build argument 'catkin_skip_building_tests' from command line to 'False'
[0.537s] DEBUG:colcon.colcon_core.verb:Building package 'ldlidar_stl_ros2' with the following arguments: {'ament_cmake_args': None, 'build_base': '/home/vijay/ldlidar_ros2_ws/build/ldlidar_stl_ros2', 'catkin_cmake_args': None, 'catkin_skip_building_tests': False, 'cmake_args': None, 'cmake_clean_cache': False, 'cmake_clean_first': False, 'cmake_force_configure': False, 'cmake_target': None, 'cmake_target_skip_unavailable': False, 'install_base': '/home/vijay/ldlidar_ros2_ws/install/ldlidar_stl_ros2', 'merge_install': False, 'path': '/home/vijay/ldlidar_ros2_ws/src/ldlidar_stl_ros2', 'symlink_install': False, 'test_result_base': None}
[0.538s] Level 5:colcon.colcon_core.verb:set package 'mqtt_bridge' build argument 'cmake_args' from command line to 'None'
[0.538s] Level 5:colcon.colcon_core.verb:set package 'mqtt_bridge' build argument 'cmake_target' from command line to 'None'
[0.538s] Level 5:colcon.colcon_core.verb:set package 'mqtt_bridge' build argument 'cmake_target_skip_unavailable' from command line to 'False'
[0.538s] Level 5:colcon.colcon_core.verb:set package 'mqtt_bridge' build argument 'cmake_clean_cache' from command line to 'False'
[0.538s] Level 5:colcon.colcon_core.verb:set package 'mqtt_bridge' build argument 'cmake_clean_first' from command line to 'False'
[0.538s] Level 5:colcon.colcon_core.verb:set package 'mqtt_bridge' build argument 'cmake_force_configure' from command line to 'False'
[0.538s] Level 5:colcon.colcon_core.verb:set package 'mqtt_bridge' build argument 'ament_cmake_args' from command line to 'None'
[0.538s] Level 5:colcon.colcon_core.verb:set package 'mqtt_bridge' build argument 'catkin_cmake_args' from command line to 'None'
[0.538s] Level 5:colcon.colcon_core.verb:set package 'mqtt_bridge' build argument 'catkin_skip_building_tests' from command line to 'False'
[0.538s] DEBUG:colcon.colcon_core.verb:Building package 'mqtt_bridge' with the following arguments: {'ament_cmake_args': None, 'build_base': '/home/vijay/ldlidar_ros2_ws/build/mqtt_bridge', 'catkin_cmake_args': None, 'catkin_skip_building_tests': False, 'cmake_args': None, 'cmake_clean_cache': False, 'cmake_clean_first': False, 'cmake_force_configure': False, 'cmake_target': None, 'cmake_target_skip_unavailable': False, 'install_base': '/home/vijay/ldlidar_ros2_ws/install/mqtt_bridge', 'merge_install': False, 'path': '/home/vijay/ldlidar_ros2_ws/src/mqtt_bridge', 'symlink_install': False, 'test_result_base': None}
[0.538s] Level 5:colcon.colcon_core.verb:set package 'vehicle_status_monitor' build argument 'cmake_args' from command line to 'None'
[0.538s] Level 5:colcon.colcon_core.verb:set package 'vehicle_status_monitor' build argument 'cmake_target' from command line to 'None'
[0.538s] Level 5:colcon.colcon_core.verb:set package 'vehicle_status_monitor' build argument 'cmake_target_skip_unavailable' from command line to 'False'
[0.539s] Level 5:colcon.colcon_core.verb:set package 'vehicle_status_monitor' build argument 'cmake_clean_cache' from command line to 'False'
[0.539s] Level 5:colcon.colcon_core.verb:set package 'vehicle_status_monitor' build argument 'cmake_clean_first' from command line to 'False'
[0.539s] Level 5:colcon.colcon_core.verb:set package 'vehicle_status_monitor' build argument 'cmake_force_configure' from command line to 'False'
[0.539s] Level 5:colcon.colcon_core.verb:set package 'vehicle_status_monitor' build argument 'ament_cmake_args' from command line to 'None'
[0.539s] Level 5:colcon.colcon_core.verb:set package 'vehicle_status_monitor' build argument 'catkin_cmake_args' from command line to 'None'
[0.539s] Level 5:colcon.colcon_core.verb:set package 'vehicle_status_monitor' build argument 'catkin_skip_building_tests' from command line to 'False'
[0.539s] DEBUG:colcon.colcon_core.verb:Building package 'vehicle_status_monitor' with the following arguments: {'ament_cmake_args': None, 'build_base': '/home/vijay/ldlidar_ros2_ws/build/vehicle_status_monitor', 'catkin_cmake_args': None, 'catkin_skip_building_tests': False, 'cmake_args': None, 'cmake_clean_cache': False, 'cmake_clean_first': False, 'cmake_force_configure': False, 'cmake_target': None, 'cmake_target_skip_unavailable': False, 'install_base': '/home/vijay/ldlidar_ros2_ws/install/vehicle_status_monitor', 'merge_install': False, 'path': '/home/vijay/ldlidar_ros2_ws/src/vehicle_status_monitor', 'symlink_install': False, 'test_result_base': None}
[0.539s] INFO:colcon.colcon_core.executor:Executing jobs using 'parallel' executor
[0.540s] DEBUG:colcon.colcon_parallel_executor.executor.parallel:run_until_complete
[0.541s] INFO:colcon.colcon_ros.task.ament_cmake.build:Building ROS package in '/home/vijay/ldlidar_ros2_ws/src/ldlidar_stl_ros2' with build type 'ament_cmake'
[0.541s] INFO:colcon.colcon_cmake.task.cmake.build:Building CMake package in '/home/vijay/ldlidar_ros2_ws/src/ldlidar_stl_ros2'
[0.547s] INFO:colcon.colcon_core.plugin_system:Skipping extension 'colcon_core.shell.bat': Not used on non-Windows systems
[0.547s] INFO:colcon.colcon_core.shell:Skip shell extension 'powershell' for command environment: Not usable outside of PowerShell
[0.547s] DEBUG:colcon.colcon_core.shell:Skip shell extension 'dsv' for command environment
[0.553s] INFO:colcon.colcon_ros.task.ament_python.build:Building ROS package in '/home/vijay/ldlidar_ros2_ws/src/mqtt_bridge' with build type 'ament_python'
[0.553s] Level 1:colcon.colcon_core.shell:create_environment_hook('mqtt_bridge', 'ament_prefix_path')
[0.554s] INFO:colcon.colcon_core.shell:Creating environment hook '/home/vijay/ldlidar_ros2_ws/install/mqtt_bridge/share/mqtt_bridge/hook/ament_prefix_path.ps1'
[0.556s] INFO:colcon.colcon_core.shell:Creating environment descriptor '/home/vijay/ldlidar_ros2_ws/install/mqtt_bridge/share/mqtt_bridge/hook/ament_prefix_path.dsv'
[0.557s] INFO:colcon.colcon_core.shell:Creating environment hook '/home/vijay/ldlidar_ros2_ws/install/mqtt_bridge/share/mqtt_bridge/hook/ament_prefix_path.sh'
[0.558s] INFO:colcon.colcon_core.shell:Skip shell extension 'powershell' for command environment: Not usable outside of PowerShell
[0.558s] DEBUG:colcon.colcon_core.shell:Skip shell extension 'dsv' for command environment
[0.564s] INFO:colcon.colcon_ros.task.ament_python.build:Building ROS package in '/home/vijay/ldlidar_ros2_ws/src/vehicle_status_monitor' with build type 'ament_python'
[0.564s] Level 1:colcon.colcon_core.shell:create_environment_hook('vehicle_status_monitor', 'ament_prefix_path')
[0.564s] INFO:colcon.colcon_core.shell:Creating environment hook '/home/vijay/ldlidar_ros2_ws/install/vehicle_status_monitor/share/vehicle_status_monitor/hook/ament_prefix_path.ps1'
[0.565s] INFO:colcon.colcon_core.shell:Creating environment descriptor '/home/vijay/ldlidar_ros2_ws/install/vehicle_status_monitor/share/vehicle_status_monitor/hook/ament_prefix_path.dsv'
[0.566s] INFO:colcon.colcon_core.shell:Creating environment hook '/home/vijay/ldlidar_ros2_ws/install/vehicle_status_monitor/share/vehicle_status_monitor/hook/ament_prefix_path.sh'
[0.567s] INFO:colcon.colcon_core.shell:Skip shell extension 'powershell' for command environment: Not usable outside of PowerShell
[0.567s] DEBUG:colcon.colcon_core.shell:Skip shell extension 'dsv' for command environment
[0.580s] DEBUG:colcon.colcon_core.event_handler.log_command:Invoking command in '/home/vijay/ldlidar_ros2_ws/build/ldlidar_stl_ros2': CMAKE_PREFIX_PATH=${CMAKE_PREFIX_PATH}:/home/vijay/ldlidar_ros2_ws/install/vehicle_status_monitor:/home/vijay/ldlidar_ros2_ws/install/mqtt_bridge:/opt/ros/humble /usr/bin/cmake /home/vijay/ldlidar_ros2_ws/src/ldlidar_stl_ros2 -DCMAKE_INSTALL_PREFIX=/home/vijay/ldlidar_ros2_ws/install/ldlidar_stl_ros2
[0.963s] WARNING:colcon.colcon_ros.task.ament_python.build:Package 'mqtt_bridge' doesn't explicitly install a marker in the package index (colcon-ros currently does it implicitly but that fallback will be removed in the future)
[0.963s] WARNING:colcon.colcon_ros.task.ament_python.build:Package 'mqtt_bridge' doesn't explicitly install the 'package.xml' file (colcon-ros currently does it implicitly but that fallback will be removed in the future)
[0.963s] INFO:colcon.colcon_core.task.python.build:Building Python package in '/home/vijay/ldlidar_ros2_ws/src/mqtt_bridge'
[0.964s] INFO:colcon.colcon_core.shell:Skip shell extension 'powershell' for command environment: Not usable outside of PowerShell
[0.964s] DEBUG:colcon.colcon_core.shell:Skip shell extension 'dsv' for command environment
[1.354s] INFO:colcon.colcon_core.task.python.build:Building Python package in '/home/vijay/ldlidar_ros2_ws/src/vehicle_status_monitor'
[1.354s] INFO:colcon.colcon_core.shell:Skip shell extension 'powershell' for command environment: Not usable outside of PowerShell
[1.354s] DEBUG:colcon.colcon_core.shell:Skip shell extension 'dsv' for command environment
[1.457s] DEBUG:colcon.colcon_core.event_handler.log_command:Invoked command in '/home/vijay/ldlidar_ros2_ws/build/ldlidar_stl_ros2' returned '0': CMAKE_PREFIX_PATH=${CMAKE_PREFIX_PATH}:/home/vijay/ldlidar_ros2_ws/install/vehicle_status_monitor:/home/vijay/ldlidar_ros2_ws/install/mqtt_bridge:/opt/ros/humble /usr/bin/cmake /home/vijay/ldlidar_ros2_ws/src/ldlidar_stl_ros2 -DCMAKE_INSTALL_PREFIX=/home/vijay/ldlidar_ros2_ws/install/ldlidar_stl_ros2
[1.460s] DEBUG:colcon.colcon_core.event_handler.log_command:Invoking command in '/home/vijay/ldlidar_ros2_ws/build/ldlidar_stl_ros2': CMAKE_PREFIX_PATH=${CMAKE_PREFIX_PATH}:/home/vijay/ldlidar_ros2_ws/install/vehicle_status_monitor:/home/vijay/ldlidar_ros2_ws/install/mqtt_bridge:/opt/ros/humble /usr/bin/cmake --build /home/vijay/ldlidar_ros2_ws/build/ldlidar_stl_ros2 -- -j8 -l8
[1.591s] DEBUG:colcon.colcon_core.event_handler.log_command:Invoked command in '/home/vijay/ldlidar_ros2_ws/build/ldlidar_stl_ros2' returned '0': CMAKE_PREFIX_PATH=${CMAKE_PREFIX_PATH}:/home/vijay/ldlidar_ros2_ws/install/vehicle_status_monitor:/home/vijay/ldlidar_ros2_ws/install/mqtt_bridge:/opt/ros/humble /usr/bin/cmake --build /home/vijay/ldlidar_ros2_ws/build/ldlidar_stl_ros2 -- -j8 -l8
[1.664s] DEBUG:colcon.colcon_core.event_handler.log_command:Invoking command in '/home/vijay/ldlidar_ros2_ws/build/ldlidar_stl_ros2': CMAKE_PREFIX_PATH=${CMAKE_PREFIX_PATH}:/home/vijay/ldlidar_ros2_ws/install/vehicle_status_monitor:/home/vijay/ldlidar_ros2_ws/install/mqtt_bridge:/opt/ros/humble /usr/bin/cmake --install /home/vijay/ldlidar_ros2_ws/build/ldlidar_stl_ros2
[1.700s] Level 1:colcon.colcon_core.environment:create_environment_scripts_only(ldlidar_stl_ros2)
[1.700s] DEBUG:colcon.colcon_core.event_handler.log_command:Invoked command in '/home/vijay/ldlidar_ros2_ws/build/ldlidar_stl_ros2' returned '0': CMAKE_PREFIX_PATH=${CMAKE_PREFIX_PATH}:/home/vijay/ldlidar_ros2_ws/install/vehicle_status_monitor:/home/vijay/ldlidar_ros2_ws/install/mqtt_bridge:/opt/ros/humble /usr/bin/cmake --install /home/vijay/ldlidar_ros2_ws/build/ldlidar_stl_ros2
[1.707s] Level 1:colcon.colcon_core.environment:checking '/home/vijay/ldlidar_ros2_ws/install/ldlidar_stl_ros2' for CMake module files
[1.708s] Level 1:colcon.colcon_core.environment:checking '/home/vijay/ldlidar_ros2_ws/install/ldlidar_stl_ros2' for CMake config files
[1.708s] Level 1:colcon.colcon_core.shell:create_environment_hook('ldlidar_stl_ros2', 'cmake_prefix_path')
[1.708s] INFO:colcon.colcon_core.shell:Creating environment hook '/home/vijay/ldlidar_ros2_ws/install/ldlidar_stl_ros2/share/ldlidar_stl_ros2/hook/cmake_prefix_path.ps1'
[1.709s] INFO:colcon.colcon_core.shell:Creating environment descriptor '/home/vijay/ldlidar_ros2_ws/install/ldlidar_stl_ros2/share/ldlidar_stl_ros2/hook/cmake_prefix_path.dsv'
[1.710s] INFO:colcon.colcon_core.shell:Creating environment hook '/home/vijay/ldlidar_ros2_ws/install/ldlidar_stl_ros2/share/ldlidar_stl_ros2/hook/cmake_prefix_path.sh'
[1.711s] Level 1:colcon.colcon_core.environment:checking '/home/vijay/ldlidar_ros2_ws/install/ldlidar_stl_ros2/lib'
[1.711s] Level 1:colcon.colcon_core.environment:checking '/home/vijay/ldlidar_ros2_ws/install/ldlidar_stl_ros2/bin'
[1.711s] Level 1:colcon.colcon_core.environment:checking '/home/vijay/ldlidar_ros2_ws/install/ldlidar_stl_ros2/lib/pkgconfig/ldlidar_stl_ros2.pc'
[1.712s] Level 1:colcon.colcon_core.environment:checking '/home/vijay/ldlidar_ros2_ws/install/ldlidar_stl_ros2/lib/python3.10/site-packages'
[1.712s] Level 1:colcon.colcon_core.environment:checking '/home/vijay/ldlidar_ros2_ws/install/ldlidar_stl_ros2/bin'
[1.713s] INFO:colcon.colcon_core.shell:Creating package script '/home/vijay/ldlidar_ros2_ws/install/ldlidar_stl_ros2/share/ldlidar_stl_ros2/package.ps1'
[1.714s] INFO:colcon.colcon_core.shell:Creating package descriptor '/home/vijay/ldlidar_ros2_ws/install/ldlidar_stl_ros2/share/ldlidar_stl_ros2/package.dsv'
[1.715s] INFO:colcon.colcon_core.shell:Creating package script '/home/vijay/ldlidar_ros2_ws/install/ldlidar_stl_ros2/share/ldlidar_stl_ros2/package.sh'
[1.716s] INFO:colcon.colcon_core.shell:Creating package script '/home/vijay/ldlidar_ros2_ws/install/ldlidar_stl_ros2/share/ldlidar_stl_ros2/package.bash'
[1.718s] INFO:colcon.colcon_core.shell:Creating package script '/home/vijay/ldlidar_ros2_ws/install/ldlidar_stl_ros2/share/ldlidar_stl_ros2/package.zsh'
[1.719s] Level 1:colcon.colcon_core.environment:create_file_with_runtime_dependencies(/home/vijay/ldlidar_ros2_ws/install/ldlidar_stl_ros2/share/colcon-core/packages/ldlidar_stl_ros2)
[1.774s] Level 1:colcon.colcon_core.environment:create_environment_scripts_only(ldlidar_stl_ros2)
[1.775s] Level 1:colcon.colcon_core.environment:checking '/home/vijay/ldlidar_ros2_ws/install/ldlidar_stl_ros2' for CMake module files
[1.777s] Level 1:colcon.colcon_core.environment:checking '/home/vijay/ldlidar_ros2_ws/install/ldlidar_stl_ros2' for CMake config files
[1.777s] Level 1:colcon.colcon_core.shell:create_environment_hook('ldlidar_stl_ros2', 'cmake_prefix_path')
[1.778s] INFO:colcon.colcon_core.shell:Creating environment hook '/home/vijay/ldlidar_ros2_ws/install/ldlidar_stl_ros2/share/ldlidar_stl_ros2/hook/cmake_prefix_path.ps1'
[1.779s] INFO:colcon.colcon_core.shell:Creating environment descriptor '/home/vijay/ldlidar_ros2_ws/install/ldlidar_stl_ros2/share/ldlidar_stl_ros2/hook/cmake_prefix_path.dsv'
[1.780s] INFO:colcon.colcon_core.shell:Creating environment hook '/home/vijay/ldlidar_ros2_ws/install/ldlidar_stl_ros2/share/ldlidar_stl_ros2/hook/cmake_prefix_path.sh'
[1.781s] Level 1:colcon.colcon_core.environment:checking '/home/vijay/ldlidar_ros2_ws/install/ldlidar_stl_ros2/lib'
[1.781s] Level 1:colcon.colcon_core.environment:checking '/home/vijay/ldlidar_ros2_ws/install/ldlidar_stl_ros2/bin'
[1.781s] Level 1:colcon.colcon_core.environment:checking '/home/vijay/ldlidar_ros2_ws/install/ldlidar_stl_ros2/lib/pkgconfig/ldlidar_stl_ros2.pc'
[1.782s] Level 1:colcon.colcon_core.environment:checking '/home/vijay/ldlidar_ros2_ws/install/ldlidar_stl_ros2/lib/python3.10/site-packages'
[1.783s] Level 1:colcon.colcon_core.environment:checking '/home/vijay/ldlidar_ros2_ws/install/ldlidar_stl_ros2/bin'
[1.783s] INFO:colcon.colcon_core.shell:Creating package script '/home/vijay/ldlidar_ros2_ws/install/ldlidar_stl_ros2/share/ldlidar_stl_ros2/package.ps1'
[1.785s] INFO:colcon.colcon_core.shell:Creating package descriptor '/home/vijay/ldlidar_ros2_ws/install/ldlidar_stl_ros2/share/ldlidar_stl_ros2/package.dsv'
[1.786s] INFO:colcon.colcon_core.shell:Creating package script '/home/vijay/ldlidar_ros2_ws/install/ldlidar_stl_ros2/share/ldlidar_stl_ros2/package.sh'
[1.787s] INFO:colcon.colcon_core.shell:Creating package script '/home/vijay/ldlidar_ros2_ws/install/ldlidar_stl_ros2/share/ldlidar_stl_ros2/package.bash'
[1.788s] INFO:colcon.colcon_core.shell:Creating package script '/home/vijay/ldlidar_ros2_ws/install/ldlidar_stl_ros2/share/ldlidar_stl_ros2/package.zsh'
[1.789s] Level 1:colcon.colcon_core.environment:create_file_with_runtime_dependencies(/home/vijay/ldlidar_ros2_ws/install/ldlidar_stl_ros2/share/colcon-core/packages/ldlidar_stl_ros2)
[2.458s] DEBUG:colcon.colcon_core.event_handler.log_command:Invoking command in '/home/vijay/ldlidar_ros2_ws/build/vehicle_status_monitor': PYTHONPATH=/home/vijay/ldlidar_ros2_ws/build/vehicle_status_monitor/prefix_override:/usr/lib/python3/dist-packages/colcon_core/task/python/colcon_distutils_commands:/home/vijay/ldlidar_ros2_ws/install/vehicle_status_monitor/lib/python3.10/site-packages:${PYTHONPATH} /usr/bin/python3 -W ignore:setup.py install is deprecated setup.py develop --uninstall --editable --build-directory /home/vijay/ldlidar_ros2_ws/build/vehicle_status_monitor/build
[2.459s] DEBUG:colcon.colcon_core.event_handler.log_command:Invoking command in '/home/vijay/ldlidar_ros2_ws/build/mqtt_bridge': PYTHONPATH=/home/vijay/ldlidar_ros2_ws/build/mqtt_bridge/prefix_override:/usr/lib/python3/dist-packages/colcon_core/task/python/colcon_distutils_commands:/home/vijay/ldlidar_ros2_ws/install/mqtt_bridge/lib/python3.10/site-packages:${PYTHONPATH} /usr/bin/python3 -W ignore:setup.py install is deprecated setup.py develop --uninstall --editable --build-directory /home/vijay/ldlidar_ros2_ws/build/mqtt_bridge/build
[3.551s] DEBUG:colcon.colcon_core.event_handler.log_command:Invoked command in '/home/vijay/ldlidar_ros2_ws/build/mqtt_bridge' returned '0': PYTHONPATH=/home/vijay/ldlidar_ros2_ws/build/mqtt_bridge/prefix_override:/usr/lib/python3/dist-packages/colcon_core/task/python/colcon_distutils_commands:/home/vijay/ldlidar_ros2_ws/install/mqtt_bridge/lib/python3.10/site-packages:${PYTHONPATH} /usr/bin/python3 -W ignore:setup.py install is deprecated setup.py develop --uninstall --editable --build-directory /home/vijay/ldlidar_ros2_ws/build/mqtt_bridge/build
[3.553s] DEBUG:colcon.colcon_core.event_handler.log_command:Invoking command in '/home/vijay/ldlidar_ros2_ws/src/mqtt_bridge': PYTHONPATH=/home/vijay/ldlidar_ros2_ws/build/mqtt_bridge/prefix_override:/usr/lib/python3/dist-packages/colcon_core/task/python/colcon_distutils_commands:/home/vijay/ldlidar_ros2_ws/install/mqtt_bridge/lib/python3.10/site-packages:${PYTHONPATH} /usr/bin/python3 -W ignore:setup.py install is deprecated setup.py egg_info --egg-base ../../build/mqtt_bridge build --build-base /home/vijay/ldlidar_ros2_ws/build/mqtt_bridge/build install --record /home/vijay/ldlidar_ros2_ws/build/mqtt_bridge/install.log --single-version-externally-managed
[3.555s] DEBUG:colcon.colcon_core.event_handler.log_command:Invoked command in '/home/vijay/ldlidar_ros2_ws/build/vehicle_status_monitor' returned '0': PYTHONPATH=/home/vijay/ldlidar_ros2_ws/build/vehicle_status_monitor/prefix_override:/usr/lib/python3/dist-packages/colcon_core/task/python/colcon_distutils_commands:/home/vijay/ldlidar_ros2_ws/install/vehicle_status_monitor/lib/python3.10/site-packages:${PYTHONPATH} /usr/bin/python3 -W ignore:setup.py install is deprecated setup.py develop --uninstall --editable --build-directory /home/vijay/ldlidar_ros2_ws/build/vehicle_status_monitor/build
[3.559s] DEBUG:colcon.colcon_core.event_handler.log_command:Invoking command in '/home/vijay/ldlidar_ros2_ws/src/vehicle_status_monitor': PYTHONPATH=/home/vijay/ldlidar_ros2_ws/build/vehicle_status_monitor/prefix_override:/usr/lib/python3/dist-packages/colcon_core/task/python/colcon_distutils_commands:/home/vijay/ldlidar_ros2_ws/install/vehicle_status_monitor/lib/python3.10/site-packages:${PYTHONPATH} /usr/bin/python3 -W ignore:setup.py install is deprecated setup.py egg_info --egg-base ../../build/vehicle_status_monitor build --build-base /home/vijay/ldlidar_ros2_ws/build/vehicle_status_monitor/build install --record /home/vijay/ldlidar_ros2_ws/build/vehicle_status_monitor/install.log --single-version-externally-managed install_data --force
[4.509s] Level 1:colcon.colcon_core.environment:checking '/home/vijay/ldlidar_ros2_ws/install/mqtt_bridge' for CMake module files
[4.510s] DEBUG:colcon.colcon_core.event_handler.log_command:Invoked command in '/home/vijay/ldlidar_ros2_ws/src/mqtt_bridge' returned '0': PYTHONPATH=/home/vijay/ldlidar_ros2_ws/build/mqtt_bridge/prefix_override:/usr/lib/python3/dist-packages/colcon_core/task/python/colcon_distutils_commands:/home/vijay/ldlidar_ros2_ws/install/mqtt_bridge/lib/python3.10/site-packages:${PYTHONPATH} /usr/bin/python3 -W ignore:setup.py install is deprecated setup.py egg_info --egg-base ../../build/mqtt_bridge build --build-base /home/vijay/ldlidar_ros2_ws/build/mqtt_bridge/build install --record /home/vijay/ldlidar_ros2_ws/build/mqtt_bridge/install.log --single-version-externally-managed
[4.511s] Level 1:colcon.colcon_core.environment:checking '/home/vijay/ldlidar_ros2_ws/install/mqtt_bridge' for CMake config files
[4.512s] Level 1:colcon.colcon_core.environment:checking '/home/vijay/ldlidar_ros2_ws/install/mqtt_bridge/lib'
[4.512s] Level 1:colcon.colcon_core.environment:checking '/home/vijay/ldlidar_ros2_ws/install/mqtt_bridge/bin'
[4.512s] Level 1:colcon.colcon_core.shell:create_environment_hook('mqtt_bridge', 'path')
[4.512s] INFO:colcon.colcon_core.shell:Creating environment hook '/home/vijay/ldlidar_ros2_ws/install/mqtt_bridge/share/mqtt_bridge/hook/path.ps1'
[4.513s] INFO:colcon.colcon_core.shell:Creating environment descriptor '/home/vijay/ldlidar_ros2_ws/install/mqtt_bridge/share/mqtt_bridge/hook/path.dsv'
[4.514s] INFO:colcon.colcon_core.shell:Creating environment hook '/home/vijay/ldlidar_ros2_ws/install/mqtt_bridge/share/mqtt_bridge/hook/path.sh'
[4.515s] Level 1:colcon.colcon_core.environment:checking '/home/vijay/ldlidar_ros2_ws/install/mqtt_bridge/lib/pkgconfig/mqtt_bridge.pc'
[4.515s] Level 1:colcon.colcon_core.environment:checking '/home/vijay/ldlidar_ros2_ws/install/mqtt_bridge/lib/python3.10/site-packages'
[4.515s] Level 1:colcon.colcon_core.shell:create_environment_hook('mqtt_bridge', 'pythonpath')
[4.516s] INFO:colcon.colcon_core.shell:Creating environment hook '/home/vijay/ldlidar_ros2_ws/install/mqtt_bridge/share/mqtt_bridge/hook/pythonpath.ps1'
[4.517s] INFO:colcon.colcon_core.shell:Creating environment descriptor '/home/vijay/ldlidar_ros2_ws/install/mqtt_bridge/share/mqtt_bridge/hook/pythonpath.dsv'
[4.517s] INFO:colcon.colcon_core.shell:Creating environment hook '/home/vijay/ldlidar_ros2_ws/install/mqtt_bridge/share/mqtt_bridge/hook/pythonpath.sh'
[4.518s] Level 1:colcon.colcon_core.environment:checking '/home/vijay/ldlidar_ros2_ws/install/mqtt_bridge/bin'
[4.518s] Level 1:colcon.colcon_core.shell:create_environment_hook('mqtt_bridge', 'pythonscriptspath')
[4.519s] INFO:colcon.colcon_core.shell:Creating environment hook '/home/vijay/ldlidar_ros2_ws/install/mqtt_bridge/share/mqtt_bridge/hook/pythonscriptspath.ps1'
[4.520s] INFO:colcon.colcon_core.shell:Creating environment descriptor '/home/vijay/ldlidar_ros2_ws/install/mqtt_bridge/share/mqtt_bridge/hook/pythonscriptspath.dsv'
[4.520s] INFO:colcon.colcon_core.shell:Creating environment hook '/home/vijay/ldlidar_ros2_ws/install/mqtt_bridge/share/mqtt_bridge/hook/pythonscriptspath.sh'
[4.521s] Level 1:colcon.colcon_core.environment:create_environment_scripts_only(mqtt_bridge)
[4.522s] INFO:colcon.colcon_core.shell:Creating package script '/home/vijay/ldlidar_ros2_ws/install/mqtt_bridge/share/mqtt_bridge/package.ps1'
[4.523s] INFO:colcon.colcon_core.shell:Creating package descriptor '/home/vijay/ldlidar_ros2_ws/install/mqtt_bridge/share/mqtt_bridge/package.dsv'
[4.524s] INFO:colcon.colcon_core.shell:Creating package script '/home/vijay/ldlidar_ros2_ws/install/mqtt_bridge/share/mqtt_bridge/package.sh'
[4.525s] INFO:colcon.colcon_core.shell:Creating package script '/home/vijay/ldlidar_ros2_ws/install/mqtt_bridge/share/mqtt_bridge/package.bash'
[4.525s] INFO:colcon.colcon_core.shell:Creating package script '/home/vijay/ldlidar_ros2_ws/install/mqtt_bridge/share/mqtt_bridge/package.zsh'
[4.526s] Level 1:colcon.colcon_core.environment:create_file_with_runtime_dependencies(/home/vijay/ldlidar_ros2_ws/install/mqtt_bridge/share/colcon-core/packages/mqtt_bridge)
[4.540s] Level 1:colcon.colcon_core.environment:checking '/home/vijay/ldlidar_ros2_ws/install/vehicle_status_monitor' for CMake module files
[4.541s] DEBUG:colcon.colcon_core.event_handler.log_command:Invoked command in '/home/vijay/ldlidar_ros2_ws/src/vehicle_status_monitor' returned '0': PYTHONPATH=/home/vijay/ldlidar_ros2_ws/build/vehicle_status_monitor/prefix_override:/usr/lib/python3/dist-packages/colcon_core/task/python/colcon_distutils_commands:/home/vijay/ldlidar_ros2_ws/install/vehicle_status_monitor/lib/python3.10/site-packages:${PYTHONPATH} /usr/bin/python3 -W ignore:setup.py install is deprecated setup.py egg_info --egg-base ../../build/vehicle_status_monitor build --build-base /home/vijay/ldlidar_ros2_ws/build/vehicle_status_monitor/build install --record /home/vijay/ldlidar_ros2_ws/build/vehicle_status_monitor/install.log --single-version-externally-managed install_data --force
[4.541s] Level 1:colcon.colcon_core.environment:checking '/home/vijay/ldlidar_ros2_ws/install/vehicle_status_monitor' for CMake config files
[4.542s] Level 1:colcon.colcon_core.environment:checking '/home/vijay/ldlidar_ros2_ws/install/vehicle_status_monitor/lib'
[4.543s] Level 1:colcon.colcon_core.environment:checking '/home/vijay/ldlidar_ros2_ws/install/vehicle_status_monitor/bin'
[4.543s] Level 1:colcon.colcon_core.environment:checking '/home/vijay/ldlidar_ros2_ws/install/vehicle_status_monitor/lib/pkgconfig/vehicle_status_monitor.pc'
[4.543s] Level 1:colcon.colcon_core.environment:checking '/home/vijay/ldlidar_ros2_ws/install/vehicle_status_monitor/lib/python3.10/site-packages'
[4.543s] Level 1:colcon.colcon_core.shell:create_environment_hook('vehicle_status_monitor', 'pythonpath')
[4.544s] INFO:colcon.colcon_core.shell:Creating environment hook '/home/vijay/ldlidar_ros2_ws/install/vehicle_status_monitor/share/vehicle_status_monitor/hook/pythonpath.ps1'
[4.545s] INFO:colcon.colcon_core.shell:Creating environment descriptor '/home/vijay/ldlidar_ros2_ws/install/vehicle_status_monitor/share/vehicle_status_monitor/hook/pythonpath.dsv'
[4.545s] INFO:colcon.colcon_core.shell:Creating environment hook '/home/vijay/ldlidar_ros2_ws/install/vehicle_status_monitor/share/vehicle_status_monitor/hook/pythonpath.sh'
[4.546s] Level 1:colcon.colcon_core.environment:checking '/home/vijay/ldlidar_ros2_ws/install/vehicle_status_monitor/bin'
[4.546s] Level 1:colcon.colcon_core.environment:create_environment_scripts_only(vehicle_status_monitor)
[4.547s] INFO:colcon.colcon_core.shell:Creating package script '/home/vijay/ldlidar_ros2_ws/install/vehicle_status_monitor/share/vehicle_status_monitor/package.ps1'
[4.548s] INFO:colcon.colcon_core.shell:Creating package descriptor '/home/vijay/ldlidar_ros2_ws/install/vehicle_status_monitor/share/vehicle_status_monitor/package.dsv'
[4.549s] INFO:colcon.colcon_core.shell:Creating package script '/home/vijay/ldlidar_ros2_ws/install/vehicle_status_monitor/share/vehicle_status_monitor/package.sh'
[4.549s] INFO:colcon.colcon_core.shell:Creating package script '/home/vijay/ldlidar_ros2_ws/install/vehicle_status_monitor/share/vehicle_status_monitor/package.bash'
[4.550s] INFO:colcon.colcon_core.shell:Creating package script '/home/vijay/ldlidar_ros2_ws/install/vehicle_status_monitor/share/vehicle_status_monitor/package.zsh'
[4.551s] Level 1:colcon.colcon_core.environment:create_file_with_runtime_dependencies(/home/vijay/ldlidar_ros2_ws/install/vehicle_status_monitor/share/colcon-core/packages/vehicle_status_monitor)
[4.551s] DEBUG:colcon.colcon_parallel_executor.executor.parallel:closing loop
[4.551s] DEBUG:colcon.colcon_parallel_executor.executor.parallel:loop closed
[4.552s] DEBUG:colcon.colcon_parallel_executor.executor.parallel:run_until_complete finished with '0'
[4.552s] DEBUG:colcon.colcon_core.event_reactor:joining thread
[4.563s] INFO:colcon.colcon_core.plugin_system:Skipping extension 'colcon_notification.desktop_notification.terminal_notifier': Not used on non-Darwin systems
[4.563s] INFO:colcon.colcon_core.plugin_system:Skipping extension 'colcon_notification.desktop_notification.win32': Not used on non-Windows systems
[4.563s] INFO:colcon.colcon_notification.desktop_notification:Sending desktop notification using 'notify2'
[4.586s] DEBUG:colcon.colcon_core.event_reactor:joined thread
[4.586s] INFO:colcon.colcon_core.shell:Creating prefix script '/home/vijay/ldlidar_ros2_ws/install/local_setup.ps1'
[4.589s] INFO:colcon.colcon_core.shell:Creating prefix util module '/home/vijay/ldlidar_ros2_ws/install/_local_setup_util_ps1.py'
[4.591s] INFO:colcon.colcon_core.shell:Creating prefix chain script '/home/vijay/ldlidar_ros2_ws/install/setup.ps1'
[4.593s] INFO:colcon.colcon_core.shell:Creating prefix script '/home/vijay/ldlidar_ros2_ws/install/local_setup.sh'
[4.595s] INFO:colcon.colcon_core.shell:Creating prefix util module '/home/vijay/ldlidar_ros2_ws/install/_local_setup_util_sh.py'
[4.596s] INFO:colcon.colcon_core.shell:Creating prefix chain script '/home/vijay/ldlidar_ros2_ws/install/setup.sh'
[4.617s] INFO:colcon.colcon_core.shell:Creating prefix script '/home/vijay/ldlidar_ros2_ws/install/local_setup.bash'
[4.618s] INFO:colcon.colcon_core.shell:Creating prefix chain script '/home/vijay/ldlidar_ros2_ws/install/setup.bash'
[4.621s] INFO:colcon.colcon_core.shell:Creating prefix script '/home/vijay/ldlidar_ros2_ws/install/local_setup.zsh'
[4.622s] INFO:colcon.colcon_core.shell:Creating prefix chain script '/home/vijay/ldlidar_ros2_ws/install/setup.zsh'
