[0.072s] DEBUG:colcon:Command line arguments: ['/usr/bin/colcon', 'build', '--symlink-install']
[0.073s] DEBUG:colcon:Parsed command line arguments: Namespace(log_base=None, log_level=None, verb_name='build', build_base='build', install_base='install', merge_install=False, symlink_install=True, test_result_base=None, continue_on_error=False, executor='parallel', parallel_workers=8, event_handlers=None, ignore_user_meta=False, metas=['./colcon.meta'], base_paths=['.'], packages_ignore=None, packages_ignore_regex=None, paths=None, packages_up_to=None, packages_up_to_regex=None, packages_above=None, packages_above_and_dependencies=None, packages_above_depth=None, packages_select_by_dep=None, packages_skip_by_dep=None, packages_skip_up_to=None, packages_select_build_failed=False, packages_skip_build_finished=False, packages_select_test_failures=False, packages_skip_test_passed=False, packages_select=None, packages_skip=None, packages_select_regex=None, packages_skip_regex=None, packages_start=None, packages_end=None, allow_overriding=[], cmake_args=None, cmake_target=None, cmake_target_skip_unavailable=False, cmake_clean_cache=False, cmake_clean_first=False, cmake_force_configure=False, ament_cmake_args=None, catkin_cmake_args=None, catkin_skip_building_tests=False, mixin_files=None, mixin=None, verb_parser=<colcon_mixin.mixin.mixin_argument.MixinArgumentDecorator object at 0x70addf2f0e20>, verb_extension=<colcon_core.verb.build.BuildVerb object at 0x70addf2f0790>, main=<bound method BuildVerb.main of <colcon_core.verb.build.BuildVerb object at 0x70addf2f0790>>, mixin_verb=('build',))
[0.097s] Level 1:colcon.colcon_core.package_discovery:discover_packages(colcon_meta) check parameters
[0.097s] Level 1:colcon.colcon_core.package_discovery:discover_packages(recursive) check parameters
[0.097s] Level 1:colcon.colcon_core.package_discovery:discover_packages(ignore) check parameters
[0.097s] Level 1:colcon.colcon_core.package_discovery:discover_packages(path) check parameters
[0.097s] Level 1:colcon.colcon_core.package_discovery:discover_packages(colcon_meta) discover
[0.097s] Level 1:colcon.colcon_core.package_discovery:discover_packages(recursive) discover
[0.097s] INFO:colcon.colcon_core.package_discovery:Crawling recursively for packages in '/home/vijay/ldlidar_ros2_ws'
[0.097s] Level 1:colcon.colcon_core.package_identification:_identify(.) by extensions ['ignore', 'ignore_ament_install']
[0.098s] Level 1:colcon.colcon_core.package_identification:_identify(.) by extension 'ignore'
[0.098s] Level 1:colcon.colcon_core.package_identification:_identify(.) by extension 'ignore_ament_install'
[0.098s] Level 1:colcon.colcon_core.package_identification:_identify(.) by extensions ['colcon_pkg']
[0.098s] Level 1:colcon.colcon_core.package_identification:_identify(.) by extension 'colcon_pkg'
[0.098s] Level 1:colcon.colcon_core.package_identification:_identify(.) by extensions ['colcon_meta']
[0.098s] Level 1:colcon.colcon_core.package_identification:_identify(.) by extension 'colcon_meta'
[0.098s] Level 1:colcon.colcon_core.package_identification:_identify(.) by extensions ['ros']
[0.098s] Level 1:colcon.colcon_core.package_identification:_identify(.) by extension 'ros'
[0.107s] Level 1:colcon.colcon_core.package_identification:_identify(.) by extensions ['cmake', 'python']
[0.107s] Level 1:colcon.colcon_core.package_identification:_identify(.) by extension 'cmake'
[0.108s] Level 1:colcon.colcon_core.package_identification:_identify(.) by extension 'python'
[0.108s] Level 1:colcon.colcon_core.package_identification:_identify(.) by extensions ['python_setup_py']
[0.108s] Level 1:colcon.colcon_core.package_identification:_identify(.) by extension 'python_setup_py'
[0.108s] Level 1:colcon.colcon_core.package_identification:_identify(build) by extensions ['ignore', 'ignore_ament_install']
[0.108s] Level 1:colcon.colcon_core.package_identification:_identify(build) by extension 'ignore'
[0.108s] Level 1:colcon.colcon_core.package_identification:_identify(build) ignored
[0.108s] Level 1:colcon.colcon_core.package_identification:_identify(install) by extensions ['ignore', 'ignore_ament_install']
[0.108s] Level 1:colcon.colcon_core.package_identification:_identify(install) by extension 'ignore'
[0.108s] Level 1:colcon.colcon_core.package_identification:_identify(install) ignored
[0.108s] Level 1:colcon.colcon_core.package_identification:_identify(log) by extensions ['ignore', 'ignore_ament_install']
[0.108s] Level 1:colcon.colcon_core.package_identification:_identify(log) by extension 'ignore'
[0.108s] Level 1:colcon.colcon_core.package_identification:_identify(log) ignored
[0.108s] Level 1:colcon.colcon_core.package_identification:_identify(src) by extensions ['ignore', 'ignore_ament_install']
[0.108s] Level 1:colcon.colcon_core.package_identification:_identify(src) by extension 'ignore'
[0.108s] Level 1:colcon.colcon_core.package_identification:_identify(src) by extension 'ignore_ament_install'
[0.108s] Level 1:colcon.colcon_core.package_identification:_identify(src) by extensions ['colcon_pkg']
[0.108s] Level 1:colcon.colcon_core.package_identification:_identify(src) by extension 'colcon_pkg'
[0.108s] Level 1:colcon.colcon_core.package_identification:_identify(src) by extensions ['colcon_meta']
[0.108s] Level 1:colcon.colcon_core.package_identification:_identify(src) by extension 'colcon_meta'
[0.108s] Level 1:colcon.colcon_core.package_identification:_identify(src) by extensions ['ros']
[0.108s] Level 1:colcon.colcon_core.package_identification:_identify(src) by extension 'ros'
[0.108s] Level 1:colcon.colcon_core.package_identification:_identify(src) by extensions ['cmake', 'python']
[0.108s] Level 1:colcon.colcon_core.package_identification:_identify(src) by extension 'cmake'
[0.108s] Level 1:colcon.colcon_core.package_identification:_identify(src) by extension 'python'
[0.108s] Level 1:colcon.colcon_core.package_identification:_identify(src) by extensions ['python_setup_py']
[0.108s] Level 1:colcon.colcon_core.package_identification:_identify(src) by extension 'python_setup_py'
[0.108s] Level 1:colcon.colcon_core.package_identification:_identify(src/ldlidar_stl_ros2) by extensions ['ignore', 'ignore_ament_install']
[0.108s] Level 1:colcon.colcon_core.package_identification:_identify(src/ldlidar_stl_ros2) by extension 'ignore'
[0.109s] Level 1:colcon.colcon_core.package_identification:_identify(src/ldlidar_stl_ros2) by extension 'ignore_ament_install'
[0.109s] Level 1:colcon.colcon_core.package_identification:_identify(src/ldlidar_stl_ros2) by extensions ['colcon_pkg']
[0.109s] Level 1:colcon.colcon_core.package_identification:_identify(src/ldlidar_stl_ros2) by extension 'colcon_pkg'
[0.109s] Level 1:colcon.colcon_core.package_identification:_identify(src/ldlidar_stl_ros2) by extensions ['colcon_meta']
[0.109s] Level 1:colcon.colcon_core.package_identification:_identify(src/ldlidar_stl_ros2) by extension 'colcon_meta'
[0.109s] Level 1:colcon.colcon_core.package_identification:_identify(src/ldlidar_stl_ros2) by extensions ['ros']
[0.109s] Level 1:colcon.colcon_core.package_identification:_identify(src/ldlidar_stl_ros2) by extension 'ros'
[0.110s] DEBUG:colcon.colcon_core.package_identification:Package 'src/ldlidar_stl_ros2' with type 'ros.ament_cmake' and name 'ldlidar_stl_ros2'
[0.110s] Level 1:colcon.colcon_core.package_identification:_identify(src/mqtt_bridge) by extensions ['ignore', 'ignore_ament_install']
[0.110s] Level 1:colcon.colcon_core.package_identification:_identify(src/mqtt_bridge) by extension 'ignore'
[0.110s] Level 1:colcon.colcon_core.package_identification:_identify(src/mqtt_bridge) by extension 'ignore_ament_install'
[0.111s] Level 1:colcon.colcon_core.package_identification:_identify(src/mqtt_bridge) by extensions ['colcon_pkg']
[0.111s] Level 1:colcon.colcon_core.package_identification:_identify(src/mqtt_bridge) by extension 'colcon_pkg'
[0.111s] Level 1:colcon.colcon_core.package_identification:_identify(src/mqtt_bridge) by extensions ['colcon_meta']
[0.111s] Level 1:colcon.colcon_core.package_identification:_identify(src/mqtt_bridge) by extension 'colcon_meta'
[0.111s] Level 1:colcon.colcon_core.package_identification:_identify(src/mqtt_bridge) by extensions ['ros']
[0.111s] Level 1:colcon.colcon_core.package_identification:_identify(src/mqtt_bridge) by extension 'ros'
[0.111s] DEBUG:colcon.colcon_core.package_identification:Package 'src/mqtt_bridge' with type 'ros.ament_python' and name 'mqtt_bridge'
[0.111s] Level 1:colcon.colcon_core.package_identification:_identify(src/vehicle_status_monitor) by extensions ['ignore', 'ignore_ament_install']
[0.111s] Level 1:colcon.colcon_core.package_identification:_identify(src/vehicle_status_monitor) by extension 'ignore'
[0.111s] Level 1:colcon.colcon_core.package_identification:_identify(src/vehicle_status_monitor) by extension 'ignore_ament_install'
[0.112s] Level 1:colcon.colcon_core.package_identification:_identify(src/vehicle_status_monitor) by extensions ['colcon_pkg']
[0.112s] Level 1:colcon.colcon_core.package_identification:_identify(src/vehicle_status_monitor) by extension 'colcon_pkg'
[0.112s] Level 1:colcon.colcon_core.package_identification:_identify(src/vehicle_status_monitor) by extensions ['colcon_meta']
[0.112s] Level 1:colcon.colcon_core.package_identification:_identify(src/vehicle_status_monitor) by extension 'colcon_meta'
[0.112s] Level 1:colcon.colcon_core.package_identification:_identify(src/vehicle_status_monitor) by extensions ['ros']
[0.112s] Level 1:colcon.colcon_core.package_identification:_identify(src/vehicle_status_monitor) by extension 'ros'
[0.112s] DEBUG:colcon.colcon_core.package_identification:Package 'src/vehicle_status_monitor' with type 'ros.ament_python' and name 'vehicle_status_monitor'
[0.112s] Level 1:colcon.colcon_core.package_discovery:discover_packages(recursive) using defaults
[0.112s] Level 1:colcon.colcon_core.package_discovery:discover_packages(ignore) discover
[0.112s] Level 1:colcon.colcon_core.package_discovery:discover_packages(ignore) using defaults
[0.112s] Level 1:colcon.colcon_core.package_discovery:discover_packages(path) discover
[0.112s] Level 1:colcon.colcon_core.package_discovery:discover_packages(path) using defaults
[0.126s] Level 1:colcon.colcon_core.package_discovery:discover_packages(prefix_path) check parameters
[0.126s] Level 1:colcon.colcon_core.package_discovery:discover_packages(prefix_path) discover
[0.127s] DEBUG:colcon.colcon_installed_package_information.package_discovery:Found 3 installed packages in /home/vijay/ldlidar_ros2_ws/install
[0.128s] DEBUG:colcon.colcon_installed_package_information.package_discovery:Found 393 installed packages in /opt/ros/humble
[0.130s] Level 1:colcon.colcon_core.package_discovery:discover_packages(prefix_path) using defaults
[0.158s] Level 5:colcon.colcon_core.verb:set package 'ldlidar_stl_ros2' build argument 'cmake_args' from command line to 'None'
[0.158s] Level 5:colcon.colcon_core.verb:set package 'ldlidar_stl_ros2' build argument 'cmake_target' from command line to 'None'
[0.158s] Level 5:colcon.colcon_core.verb:set package 'ldlidar_stl_ros2' build argument 'cmake_target_skip_unavailable' from command line to 'False'
[0.158s] Level 5:colcon.colcon_core.verb:set package 'ldlidar_stl_ros2' build argument 'cmake_clean_cache' from command line to 'False'
[0.158s] Level 5:colcon.colcon_core.verb:set package 'ldlidar_stl_ros2' build argument 'cmake_clean_first' from command line to 'False'
[0.158s] Level 5:colcon.colcon_core.verb:set package 'ldlidar_stl_ros2' build argument 'cmake_force_configure' from command line to 'False'
[0.158s] Level 5:colcon.colcon_core.verb:set package 'ldlidar_stl_ros2' build argument 'ament_cmake_args' from command line to 'None'
[0.158s] Level 5:colcon.colcon_core.verb:set package 'ldlidar_stl_ros2' build argument 'catkin_cmake_args' from command line to 'None'
[0.158s] Level 5:colcon.colcon_core.verb:set package 'ldlidar_stl_ros2' build argument 'catkin_skip_building_tests' from command line to 'False'
[0.158s] DEBUG:colcon.colcon_core.verb:Building package 'ldlidar_stl_ros2' with the following arguments: {'ament_cmake_args': None, 'build_base': '/home/vijay/ldlidar_ros2_ws/build/ldlidar_stl_ros2', 'catkin_cmake_args': None, 'catkin_skip_building_tests': False, 'cmake_args': None, 'cmake_clean_cache': False, 'cmake_clean_first': False, 'cmake_force_configure': False, 'cmake_target': None, 'cmake_target_skip_unavailable': False, 'install_base': '/home/vijay/ldlidar_ros2_ws/install/ldlidar_stl_ros2', 'merge_install': False, 'path': '/home/vijay/ldlidar_ros2_ws/src/ldlidar_stl_ros2', 'symlink_install': True, 'test_result_base': None}
[0.158s] Level 5:colcon.colcon_core.verb:set package 'mqtt_bridge' build argument 'cmake_args' from command line to 'None'
[0.158s] Level 5:colcon.colcon_core.verb:set package 'mqtt_bridge' build argument 'cmake_target' from command line to 'None'
[0.158s] Level 5:colcon.colcon_core.verb:set package 'mqtt_bridge' build argument 'cmake_target_skip_unavailable' from command line to 'False'
[0.158s] Level 5:colcon.colcon_core.verb:set package 'mqtt_bridge' build argument 'cmake_clean_cache' from command line to 'False'
[0.158s] Level 5:colcon.colcon_core.verb:set package 'mqtt_bridge' build argument 'cmake_clean_first' from command line to 'False'
[0.158s] Level 5:colcon.colcon_core.verb:set package 'mqtt_bridge' build argument 'cmake_force_configure' from command line to 'False'
[0.158s] Level 5:colcon.colcon_core.verb:set package 'mqtt_bridge' build argument 'ament_cmake_args' from command line to 'None'
[0.159s] Level 5:colcon.colcon_core.verb:set package 'mqtt_bridge' build argument 'catkin_cmake_args' from command line to 'None'
[0.159s] Level 5:colcon.colcon_core.verb:set package 'mqtt_bridge' build argument 'catkin_skip_building_tests' from command line to 'False'
[0.159s] DEBUG:colcon.colcon_core.verb:Building package 'mqtt_bridge' with the following arguments: {'ament_cmake_args': None, 'build_base': '/home/vijay/ldlidar_ros2_ws/build/mqtt_bridge', 'catkin_cmake_args': None, 'catkin_skip_building_tests': False, 'cmake_args': None, 'cmake_clean_cache': False, 'cmake_clean_first': False, 'cmake_force_configure': False, 'cmake_target': None, 'cmake_target_skip_unavailable': False, 'install_base': '/home/vijay/ldlidar_ros2_ws/install/mqtt_bridge', 'merge_install': False, 'path': '/home/vijay/ldlidar_ros2_ws/src/mqtt_bridge', 'symlink_install': True, 'test_result_base': None}
[0.159s] Level 5:colcon.colcon_core.verb:set package 'vehicle_status_monitor' build argument 'cmake_args' from command line to 'None'
[0.159s] Level 5:colcon.colcon_core.verb:set package 'vehicle_status_monitor' build argument 'cmake_target' from command line to 'None'
[0.159s] Level 5:colcon.colcon_core.verb:set package 'vehicle_status_monitor' build argument 'cmake_target_skip_unavailable' from command line to 'False'
[0.159s] Level 5:colcon.colcon_core.verb:set package 'vehicle_status_monitor' build argument 'cmake_clean_cache' from command line to 'False'
[0.159s] Level 5:colcon.colcon_core.verb:set package 'vehicle_status_monitor' build argument 'cmake_clean_first' from command line to 'False'
[0.159s] Level 5:colcon.colcon_core.verb:set package 'vehicle_status_monitor' build argument 'cmake_force_configure' from command line to 'False'
[0.159s] Level 5:colcon.colcon_core.verb:set package 'vehicle_status_monitor' build argument 'ament_cmake_args' from command line to 'None'
[0.159s] Level 5:colcon.colcon_core.verb:set package 'vehicle_status_monitor' build argument 'catkin_cmake_args' from command line to 'None'
[0.159s] Level 5:colcon.colcon_core.verb:set package 'vehicle_status_monitor' build argument 'catkin_skip_building_tests' from command line to 'False'
[0.159s] DEBUG:colcon.colcon_core.verb:Building package 'vehicle_status_monitor' with the following arguments: {'ament_cmake_args': None, 'build_base': '/home/vijay/ldlidar_ros2_ws/build/vehicle_status_monitor', 'catkin_cmake_args': None, 'catkin_skip_building_tests': False, 'cmake_args': None, 'cmake_clean_cache': False, 'cmake_clean_first': False, 'cmake_force_configure': False, 'cmake_target': None, 'cmake_target_skip_unavailable': False, 'install_base': '/home/vijay/ldlidar_ros2_ws/install/vehicle_status_monitor', 'merge_install': False, 'path': '/home/vijay/ldlidar_ros2_ws/src/vehicle_status_monitor', 'symlink_install': True, 'test_result_base': None}
[0.159s] INFO:colcon.colcon_core.executor:Executing jobs using 'parallel' executor
[0.160s] DEBUG:colcon.colcon_parallel_executor.executor.parallel:run_until_complete
[0.160s] INFO:colcon.colcon_ros.task.ament_cmake.build:Building ROS package in '/home/vijay/ldlidar_ros2_ws/src/ldlidar_stl_ros2' with build type 'ament_cmake'
[0.160s] INFO:colcon.colcon_cmake.task.cmake.build:Building CMake package in '/home/vijay/ldlidar_ros2_ws/src/ldlidar_stl_ros2'
[0.161s] INFO:colcon.colcon_core.plugin_system:Skipping extension 'colcon_core.shell.bat': Not used on non-Windows systems
[0.161s] INFO:colcon.colcon_core.shell:Skip shell extension 'powershell' for command environment: Not usable outside of PowerShell
[0.161s] DEBUG:colcon.colcon_core.shell:Skip shell extension 'dsv' for command environment
[0.164s] INFO:colcon.colcon_ros.task.ament_python.build:Building ROS package in '/home/vijay/ldlidar_ros2_ws/src/mqtt_bridge' with build type 'ament_python'
[0.164s] Level 1:colcon.colcon_core.shell:create_environment_hook('mqtt_bridge', 'ament_prefix_path')
[0.164s] INFO:colcon.colcon_core.shell:Creating environment hook '/home/vijay/ldlidar_ros2_ws/install/mqtt_bridge/share/mqtt_bridge/hook/ament_prefix_path.ps1'
[0.165s] INFO:colcon.colcon_core.shell:Creating environment descriptor '/home/vijay/ldlidar_ros2_ws/install/mqtt_bridge/share/mqtt_bridge/hook/ament_prefix_path.dsv'
[0.165s] INFO:colcon.colcon_core.shell:Creating environment hook '/home/vijay/ldlidar_ros2_ws/install/mqtt_bridge/share/mqtt_bridge/hook/ament_prefix_path.sh'
[0.165s] INFO:colcon.colcon_core.shell:Skip shell extension 'powershell' for command environment: Not usable outside of PowerShell
[0.165s] DEBUG:colcon.colcon_core.shell:Skip shell extension 'dsv' for command environment
[0.167s] INFO:colcon.colcon_ros.task.ament_python.build:Building ROS package in '/home/vijay/ldlidar_ros2_ws/src/vehicle_status_monitor' with build type 'ament_python'
[0.168s] Level 1:colcon.colcon_core.shell:create_environment_hook('vehicle_status_monitor', 'ament_prefix_path')
[0.168s] INFO:colcon.colcon_core.shell:Creating environment hook '/home/vijay/ldlidar_ros2_ws/install/vehicle_status_monitor/share/vehicle_status_monitor/hook/ament_prefix_path.ps1'
[0.168s] INFO:colcon.colcon_core.shell:Creating environment descriptor '/home/vijay/ldlidar_ros2_ws/install/vehicle_status_monitor/share/vehicle_status_monitor/hook/ament_prefix_path.dsv'
[0.168s] INFO:colcon.colcon_core.shell:Creating environment hook '/home/vijay/ldlidar_ros2_ws/install/vehicle_status_monitor/share/vehicle_status_monitor/hook/ament_prefix_path.sh'
[0.169s] INFO:colcon.colcon_core.shell:Skip shell extension 'powershell' for command environment: Not usable outside of PowerShell
[0.169s] DEBUG:colcon.colcon_core.shell:Skip shell extension 'dsv' for command environment
[0.209s] DEBUG:colcon.colcon_core.event_handler.log_command:Invoking command in '/home/vijay/ldlidar_ros2_ws/build/ldlidar_stl_ros2': CMAKE_PREFIX_PATH=${CMAKE_PREFIX_PATH}:/home/vijay/ldlidar_ros2_ws/install/vehicle_status_monitor:/home/vijay/ldlidar_ros2_ws/install/mqtt_bridge:/opt/ros/humble /usr/bin/cmake --build /home/vijay/ldlidar_ros2_ws/build/ldlidar_stl_ros2 -- -j8 -l8
[0.356s] WARNING:colcon.colcon_ros.task.ament_python.build:Package 'mqtt_bridge' doesn't explicitly install a marker in the package index (colcon-ros currently does it implicitly but that fallback will be removed in the future)
[0.357s] WARNING:colcon.colcon_ros.task.ament_python.build:Package 'mqtt_bridge' doesn't explicitly install the 'package.xml' file (colcon-ros currently does it implicitly but that fallback will be removed in the future)
[0.357s] INFO:colcon.colcon_core.task.python.build:Building Python package in '/home/vijay/ldlidar_ros2_ws/src/mqtt_bridge'
[0.357s] INFO:colcon.colcon_core.shell:Skip shell extension 'powershell' for command environment: Not usable outside of PowerShell
[0.357s] DEBUG:colcon.colcon_core.shell:Skip shell extension 'dsv' for command environment
[0.503s] INFO:colcon.colcon_core.task.python.build:Building Python package in '/home/vijay/ldlidar_ros2_ws/src/vehicle_status_monitor'
[0.504s] INFO:colcon.colcon_core.shell:Skip shell extension 'powershell' for command environment: Not usable outside of PowerShell
[0.504s] DEBUG:colcon.colcon_core.shell:Skip shell extension 'dsv' for command environment
[0.507s] DEBUG:colcon.colcon_core.event_handler.log_command:Invoked command in '/home/vijay/ldlidar_ros2_ws/build/ldlidar_stl_ros2' returned '0': CMAKE_PREFIX_PATH=${CMAKE_PREFIX_PATH}:/home/vijay/ldlidar_ros2_ws/install/vehicle_status_monitor:/home/vijay/ldlidar_ros2_ws/install/mqtt_bridge:/opt/ros/humble /usr/bin/cmake --build /home/vijay/ldlidar_ros2_ws/build/ldlidar_stl_ros2 -- -j8 -l8
[0.537s] DEBUG:colcon.colcon_core.event_handler.log_command:Invoking command in '/home/vijay/ldlidar_ros2_ws/build/ldlidar_stl_ros2': CMAKE_PREFIX_PATH=${CMAKE_PREFIX_PATH}:/home/vijay/ldlidar_ros2_ws/install/vehicle_status_monitor:/home/vijay/ldlidar_ros2_ws/install/mqtt_bridge:/opt/ros/humble /usr/bin/cmake --install /home/vijay/ldlidar_ros2_ws/build/ldlidar_stl_ros2
[0.553s] Level 1:colcon.colcon_core.environment:create_environment_scripts_only(ldlidar_stl_ros2)
[0.553s] DEBUG:colcon.colcon_core.event_handler.log_command:Invoked command in '/home/vijay/ldlidar_ros2_ws/build/ldlidar_stl_ros2' returned '0': CMAKE_PREFIX_PATH=${CMAKE_PREFIX_PATH}:/home/vijay/ldlidar_ros2_ws/install/vehicle_status_monitor:/home/vijay/ldlidar_ros2_ws/install/mqtt_bridge:/opt/ros/humble /usr/bin/cmake --install /home/vijay/ldlidar_ros2_ws/build/ldlidar_stl_ros2
[0.555s] Level 1:colcon.colcon_core.environment:checking '/home/vijay/ldlidar_ros2_ws/install/ldlidar_stl_ros2' for CMake module files
[0.555s] Level 1:colcon.colcon_core.environment:checking '/home/vijay/ldlidar_ros2_ws/install/ldlidar_stl_ros2' for CMake config files
[0.555s] Level 1:colcon.colcon_core.shell:create_environment_hook('ldlidar_stl_ros2', 'cmake_prefix_path')
[0.556s] INFO:colcon.colcon_core.shell:Creating environment hook '/home/vijay/ldlidar_ros2_ws/install/ldlidar_stl_ros2/share/ldlidar_stl_ros2/hook/cmake_prefix_path.ps1'
[0.556s] INFO:colcon.colcon_core.shell:Creating environment descriptor '/home/vijay/ldlidar_ros2_ws/install/ldlidar_stl_ros2/share/ldlidar_stl_ros2/hook/cmake_prefix_path.dsv'
[0.556s] INFO:colcon.colcon_core.shell:Creating environment hook '/home/vijay/ldlidar_ros2_ws/install/ldlidar_stl_ros2/share/ldlidar_stl_ros2/hook/cmake_prefix_path.sh'
[0.557s] Level 1:colcon.colcon_core.environment:checking '/home/vijay/ldlidar_ros2_ws/install/ldlidar_stl_ros2/lib'
[0.557s] Level 1:colcon.colcon_core.environment:checking '/home/vijay/ldlidar_ros2_ws/install/ldlidar_stl_ros2/bin'
[0.557s] Level 1:colcon.colcon_core.environment:checking '/home/vijay/ldlidar_ros2_ws/install/ldlidar_stl_ros2/lib/pkgconfig/ldlidar_stl_ros2.pc'
[0.557s] Level 1:colcon.colcon_core.environment:checking '/home/vijay/ldlidar_ros2_ws/install/ldlidar_stl_ros2/lib/python3.10/site-packages'
[0.557s] Level 1:colcon.colcon_core.environment:checking '/home/vijay/ldlidar_ros2_ws/install/ldlidar_stl_ros2/bin'
[0.557s] INFO:colcon.colcon_core.shell:Creating package script '/home/vijay/ldlidar_ros2_ws/install/ldlidar_stl_ros2/share/ldlidar_stl_ros2/package.ps1'
[0.558s] INFO:colcon.colcon_core.shell:Creating package descriptor '/home/vijay/ldlidar_ros2_ws/install/ldlidar_stl_ros2/share/ldlidar_stl_ros2/package.dsv'
[0.558s] INFO:colcon.colcon_core.shell:Creating package script '/home/vijay/ldlidar_ros2_ws/install/ldlidar_stl_ros2/share/ldlidar_stl_ros2/package.sh'
[0.559s] INFO:colcon.colcon_core.shell:Creating package script '/home/vijay/ldlidar_ros2_ws/install/ldlidar_stl_ros2/share/ldlidar_stl_ros2/package.bash'
[0.559s] INFO:colcon.colcon_core.shell:Creating package script '/home/vijay/ldlidar_ros2_ws/install/ldlidar_stl_ros2/share/ldlidar_stl_ros2/package.zsh'
[0.560s] Level 1:colcon.colcon_core.environment:create_file_with_runtime_dependencies(/home/vijay/ldlidar_ros2_ws/install/ldlidar_stl_ros2/share/colcon-core/packages/ldlidar_stl_ros2)
[0.585s] Level 1:colcon.colcon_core.environment:create_environment_scripts_only(ldlidar_stl_ros2)
[0.585s] Level 1:colcon.colcon_core.environment:checking '/home/vijay/ldlidar_ros2_ws/install/ldlidar_stl_ros2' for CMake module files
[0.586s] Level 1:colcon.colcon_core.environment:checking '/home/vijay/ldlidar_ros2_ws/install/ldlidar_stl_ros2' for CMake config files
[0.586s] Level 1:colcon.colcon_core.shell:create_environment_hook('ldlidar_stl_ros2', 'cmake_prefix_path')
[0.586s] INFO:colcon.colcon_core.shell:Creating environment hook '/home/vijay/ldlidar_ros2_ws/install/ldlidar_stl_ros2/share/ldlidar_stl_ros2/hook/cmake_prefix_path.ps1'
[0.586s] INFO:colcon.colcon_core.shell:Creating environment descriptor '/home/vijay/ldlidar_ros2_ws/install/ldlidar_stl_ros2/share/ldlidar_stl_ros2/hook/cmake_prefix_path.dsv'
[0.586s] INFO:colcon.colcon_core.shell:Creating environment hook '/home/vijay/ldlidar_ros2_ws/install/ldlidar_stl_ros2/share/ldlidar_stl_ros2/hook/cmake_prefix_path.sh'
[0.587s] Level 1:colcon.colcon_core.environment:checking '/home/vijay/ldlidar_ros2_ws/install/ldlidar_stl_ros2/lib'
[0.587s] Level 1:colcon.colcon_core.environment:checking '/home/vijay/ldlidar_ros2_ws/install/ldlidar_stl_ros2/bin'
[0.587s] Level 1:colcon.colcon_core.environment:checking '/home/vijay/ldlidar_ros2_ws/install/ldlidar_stl_ros2/lib/pkgconfig/ldlidar_stl_ros2.pc'
[0.587s] Level 1:colcon.colcon_core.environment:checking '/home/vijay/ldlidar_ros2_ws/install/ldlidar_stl_ros2/lib/python3.10/site-packages'
[0.587s] Level 1:colcon.colcon_core.environment:checking '/home/vijay/ldlidar_ros2_ws/install/ldlidar_stl_ros2/bin'
[0.587s] INFO:colcon.colcon_core.shell:Creating package script '/home/vijay/ldlidar_ros2_ws/install/ldlidar_stl_ros2/share/ldlidar_stl_ros2/package.ps1'
[0.588s] INFO:colcon.colcon_core.shell:Creating package descriptor '/home/vijay/ldlidar_ros2_ws/install/ldlidar_stl_ros2/share/ldlidar_stl_ros2/package.dsv'
[0.588s] INFO:colcon.colcon_core.shell:Creating package script '/home/vijay/ldlidar_ros2_ws/install/ldlidar_stl_ros2/share/ldlidar_stl_ros2/package.sh'
[0.589s] INFO:colcon.colcon_core.shell:Creating package script '/home/vijay/ldlidar_ros2_ws/install/ldlidar_stl_ros2/share/ldlidar_stl_ros2/package.bash'
[0.589s] INFO:colcon.colcon_core.shell:Creating package script '/home/vijay/ldlidar_ros2_ws/install/ldlidar_stl_ros2/share/ldlidar_stl_ros2/package.zsh'
[0.589s] Level 1:colcon.colcon_core.environment:create_file_with_runtime_dependencies(/home/vijay/ldlidar_ros2_ws/install/ldlidar_stl_ros2/share/colcon-core/packages/ldlidar_stl_ros2)
[0.900s] DEBUG:colcon.colcon_core.event_handler.log_command:Invoking command in '/home/vijay/ldlidar_ros2_ws/build/vehicle_status_monitor': PYTHONPATH=/home/vijay/ldlidar_ros2_ws/build/vehicle_status_monitor/prefix_override:/usr/lib/python3/dist-packages/colcon_core/task/python/colcon_distutils_commands:/home/vijay/ldlidar_ros2_ws/install/vehicle_status_monitor/lib/python3.10/site-packages:${PYTHONPATH} /usr/bin/python3 -W ignore:setup.py install is deprecated setup.py develop --editable --build-directory /home/vijay/ldlidar_ros2_ws/build/vehicle_status_monitor/build --no-deps symlink_data
[0.901s] DEBUG:colcon.colcon_core.event_handler.log_command:Invoking command in '/home/vijay/ldlidar_ros2_ws/build/mqtt_bridge': PYTHONPATH=/home/vijay/ldlidar_ros2_ws/build/mqtt_bridge/prefix_override:/usr/lib/python3/dist-packages/colcon_core/task/python/colcon_distutils_commands:/home/vijay/ldlidar_ros2_ws/install/mqtt_bridge/lib/python3.10/site-packages:${PYTHONPATH} /usr/bin/python3 -W ignore:setup.py install is deprecated setup.py develop --editable --build-directory /home/vijay/ldlidar_ros2_ws/build/mqtt_bridge/build --no-deps
[1.368s] Level 1:colcon.colcon_core.shell:create_environment_hook('mqtt_bridge', 'pythonpath_develop')
[1.369s] INFO:colcon.colcon_core.shell:Creating environment hook '/home/vijay/ldlidar_ros2_ws/build/mqtt_bridge/share/mqtt_bridge/hook/pythonpath_develop.ps1'
[1.369s] DEBUG:colcon.colcon_core.event_handler.log_command:Invoked command in '/home/vijay/ldlidar_ros2_ws/build/mqtt_bridge' returned '0': PYTHONPATH=/home/vijay/ldlidar_ros2_ws/build/mqtt_bridge/prefix_override:/usr/lib/python3/dist-packages/colcon_core/task/python/colcon_distutils_commands:/home/vijay/ldlidar_ros2_ws/install/mqtt_bridge/lib/python3.10/site-packages:${PYTHONPATH} /usr/bin/python3 -W ignore:setup.py install is deprecated setup.py develop --editable --build-directory /home/vijay/ldlidar_ros2_ws/build/mqtt_bridge/build --no-deps
[1.369s] INFO:colcon.colcon_core.shell:Creating environment descriptor '/home/vijay/ldlidar_ros2_ws/build/mqtt_bridge/share/mqtt_bridge/hook/pythonpath_develop.dsv'
[1.370s] INFO:colcon.colcon_core.shell:Creating environment hook '/home/vijay/ldlidar_ros2_ws/build/mqtt_bridge/share/mqtt_bridge/hook/pythonpath_develop.sh'
[1.370s] Level 1:colcon.colcon_core.environment:checking '/home/vijay/ldlidar_ros2_ws/install/mqtt_bridge' for CMake module files
[1.370s] Level 1:colcon.colcon_core.environment:checking '/home/vijay/ldlidar_ros2_ws/install/mqtt_bridge' for CMake config files
[1.371s] Level 1:colcon.colcon_core.environment:checking '/home/vijay/ldlidar_ros2_ws/install/mqtt_bridge/lib'
[1.371s] Level 1:colcon.colcon_core.environment:checking '/home/vijay/ldlidar_ros2_ws/install/mqtt_bridge/bin'
[1.371s] Level 1:colcon.colcon_core.shell:create_environment_hook('mqtt_bridge', 'path')
[1.371s] INFO:colcon.colcon_core.shell:Creating environment hook '/home/vijay/ldlidar_ros2_ws/install/mqtt_bridge/share/mqtt_bridge/hook/path.ps1'
[1.371s] INFO:colcon.colcon_core.shell:Creating environment descriptor '/home/vijay/ldlidar_ros2_ws/install/mqtt_bridge/share/mqtt_bridge/hook/path.dsv'
[1.372s] INFO:colcon.colcon_core.shell:Creating environment hook '/home/vijay/ldlidar_ros2_ws/install/mqtt_bridge/share/mqtt_bridge/hook/path.sh'
[1.372s] Level 1:colcon.colcon_core.environment:checking '/home/vijay/ldlidar_ros2_ws/install/mqtt_bridge/lib/pkgconfig/mqtt_bridge.pc'
[1.372s] Level 1:colcon.colcon_core.environment:checking '/home/vijay/ldlidar_ros2_ws/install/mqtt_bridge/lib/python3.10/site-packages'
[1.372s] Level 1:colcon.colcon_core.shell:create_environment_hook('mqtt_bridge', 'pythonpath')
[1.372s] INFO:colcon.colcon_core.shell:Creating environment hook '/home/vijay/ldlidar_ros2_ws/install/mqtt_bridge/share/mqtt_bridge/hook/pythonpath.ps1'
[1.372s] INFO:colcon.colcon_core.shell:Creating environment descriptor '/home/vijay/ldlidar_ros2_ws/install/mqtt_bridge/share/mqtt_bridge/hook/pythonpath.dsv'
[1.373s] INFO:colcon.colcon_core.shell:Creating environment hook '/home/vijay/ldlidar_ros2_ws/install/mqtt_bridge/share/mqtt_bridge/hook/pythonpath.sh'
[1.373s] Level 1:colcon.colcon_core.environment:checking '/home/vijay/ldlidar_ros2_ws/install/mqtt_bridge/bin'
[1.373s] Level 1:colcon.colcon_core.shell:create_environment_hook('mqtt_bridge', 'pythonscriptspath')
[1.373s] INFO:colcon.colcon_core.shell:Creating environment hook '/home/vijay/ldlidar_ros2_ws/install/mqtt_bridge/share/mqtt_bridge/hook/pythonscriptspath.ps1'
[1.373s] INFO:colcon.colcon_core.shell:Creating environment descriptor '/home/vijay/ldlidar_ros2_ws/install/mqtt_bridge/share/mqtt_bridge/hook/pythonscriptspath.dsv'
[1.374s] INFO:colcon.colcon_core.shell:Creating environment hook '/home/vijay/ldlidar_ros2_ws/install/mqtt_bridge/share/mqtt_bridge/hook/pythonscriptspath.sh'
[1.374s] Level 1:colcon.colcon_core.environment:create_environment_scripts_only(mqtt_bridge)
[1.374s] INFO:colcon.colcon_core.shell:Creating package script '/home/vijay/ldlidar_ros2_ws/install/mqtt_bridge/share/mqtt_bridge/package.ps1'
[1.375s] INFO:colcon.colcon_core.shell:Creating package descriptor '/home/vijay/ldlidar_ros2_ws/install/mqtt_bridge/share/mqtt_bridge/package.dsv'
[1.375s] INFO:colcon.colcon_core.shell:Creating package script '/home/vijay/ldlidar_ros2_ws/install/mqtt_bridge/share/mqtt_bridge/package.sh'
[1.375s] INFO:colcon.colcon_core.shell:Creating package script '/home/vijay/ldlidar_ros2_ws/install/mqtt_bridge/share/mqtt_bridge/package.bash'
[1.376s] INFO:colcon.colcon_core.shell:Creating package script '/home/vijay/ldlidar_ros2_ws/install/mqtt_bridge/share/mqtt_bridge/package.zsh'
[1.376s] Level 1:colcon.colcon_core.environment:create_file_with_runtime_dependencies(/home/vijay/ldlidar_ros2_ws/install/mqtt_bridge/share/colcon-core/packages/mqtt_bridge)
[1.386s] Level 1:colcon.colcon_core.shell:create_environment_hook('vehicle_status_monitor', 'pythonpath_develop')
[1.387s] INFO:colcon.colcon_core.shell:Creating environment hook '/home/vijay/ldlidar_ros2_ws/build/vehicle_status_monitor/share/vehicle_status_monitor/hook/pythonpath_develop.ps1'
[1.387s] DEBUG:colcon.colcon_core.event_handler.log_command:Invoked command in '/home/vijay/ldlidar_ros2_ws/build/vehicle_status_monitor' returned '0': PYTHONPATH=/home/vijay/ldlidar_ros2_ws/build/vehicle_status_monitor/prefix_override:/usr/lib/python3/dist-packages/colcon_core/task/python/colcon_distutils_commands:/home/vijay/ldlidar_ros2_ws/install/vehicle_status_monitor/lib/python3.10/site-packages:${PYTHONPATH} /usr/bin/python3 -W ignore:setup.py install is deprecated setup.py develop --editable --build-directory /home/vijay/ldlidar_ros2_ws/build/vehicle_status_monitor/build --no-deps symlink_data
[1.387s] INFO:colcon.colcon_core.shell:Creating environment descriptor '/home/vijay/ldlidar_ros2_ws/build/vehicle_status_monitor/share/vehicle_status_monitor/hook/pythonpath_develop.dsv'
[1.388s] INFO:colcon.colcon_core.shell:Creating environment hook '/home/vijay/ldlidar_ros2_ws/build/vehicle_status_monitor/share/vehicle_status_monitor/hook/pythonpath_develop.sh'
[1.388s] Level 1:colcon.colcon_core.environment:checking '/home/vijay/ldlidar_ros2_ws/install/vehicle_status_monitor' for CMake module files
[1.388s] Level 1:colcon.colcon_core.environment:checking '/home/vijay/ldlidar_ros2_ws/install/vehicle_status_monitor' for CMake config files
[1.388s] Level 1:colcon.colcon_core.environment:checking '/home/vijay/ldlidar_ros2_ws/install/vehicle_status_monitor/lib'
[1.388s] Level 1:colcon.colcon_core.environment:checking '/home/vijay/ldlidar_ros2_ws/install/vehicle_status_monitor/bin'
[1.389s] Level 1:colcon.colcon_core.environment:checking '/home/vijay/ldlidar_ros2_ws/install/vehicle_status_monitor/lib/pkgconfig/vehicle_status_monitor.pc'
[1.389s] Level 1:colcon.colcon_core.environment:checking '/home/vijay/ldlidar_ros2_ws/install/vehicle_status_monitor/lib/python3.10/site-packages'
[1.389s] Level 1:colcon.colcon_core.shell:create_environment_hook('vehicle_status_monitor', 'pythonpath')
[1.389s] INFO:colcon.colcon_core.shell:Creating environment hook '/home/vijay/ldlidar_ros2_ws/install/vehicle_status_monitor/share/vehicle_status_monitor/hook/pythonpath.ps1'
[1.389s] INFO:colcon.colcon_core.shell:Creating environment descriptor '/home/vijay/ldlidar_ros2_ws/install/vehicle_status_monitor/share/vehicle_status_monitor/hook/pythonpath.dsv'
[1.389s] INFO:colcon.colcon_core.shell:Creating environment hook '/home/vijay/ldlidar_ros2_ws/install/vehicle_status_monitor/share/vehicle_status_monitor/hook/pythonpath.sh'
[1.390s] Level 1:colcon.colcon_core.environment:checking '/home/vijay/ldlidar_ros2_ws/install/vehicle_status_monitor/bin'
[1.390s] Level 1:colcon.colcon_core.environment:create_environment_scripts_only(vehicle_status_monitor)
[1.390s] INFO:colcon.colcon_core.shell:Creating package script '/home/vijay/ldlidar_ros2_ws/install/vehicle_status_monitor/share/vehicle_status_monitor/package.ps1'
[1.390s] INFO:colcon.colcon_core.shell:Creating package descriptor '/home/vijay/ldlidar_ros2_ws/install/vehicle_status_monitor/share/vehicle_status_monitor/package.dsv'
[1.391s] INFO:colcon.colcon_core.shell:Creating package script '/home/vijay/ldlidar_ros2_ws/install/vehicle_status_monitor/share/vehicle_status_monitor/package.sh'
[1.391s] INFO:colcon.colcon_core.shell:Creating package script '/home/vijay/ldlidar_ros2_ws/install/vehicle_status_monitor/share/vehicle_status_monitor/package.bash'
[1.391s] INFO:colcon.colcon_core.shell:Creating package script '/home/vijay/ldlidar_ros2_ws/install/vehicle_status_monitor/share/vehicle_status_monitor/package.zsh'
[1.391s] Level 1:colcon.colcon_core.environment:create_file_with_runtime_dependencies(/home/vijay/ldlidar_ros2_ws/install/vehicle_status_monitor/share/colcon-core/packages/vehicle_status_monitor)
[1.392s] DEBUG:colcon.colcon_parallel_executor.executor.parallel:closing loop
[1.392s] DEBUG:colcon.colcon_parallel_executor.executor.parallel:loop closed
[1.392s] DEBUG:colcon.colcon_parallel_executor.executor.parallel:run_until_complete finished with '0'
[1.392s] DEBUG:colcon.colcon_core.event_reactor:joining thread
[1.396s] INFO:colcon.colcon_core.plugin_system:Skipping extension 'colcon_notification.desktop_notification.terminal_notifier': Not used on non-Darwin systems
[1.396s] INFO:colcon.colcon_core.plugin_system:Skipping extension 'colcon_notification.desktop_notification.win32': Not used on non-Windows systems
[1.396s] INFO:colcon.colcon_notification.desktop_notification:Sending desktop notification using 'notify2'
[1.403s] DEBUG:colcon.colcon_core.event_reactor:joined thread
[1.403s] INFO:colcon.colcon_core.shell:Creating prefix script '/home/vijay/ldlidar_ros2_ws/install/local_setup.ps1'
[1.404s] INFO:colcon.colcon_core.shell:Creating prefix util module '/home/vijay/ldlidar_ros2_ws/install/_local_setup_util_ps1.py'
[1.419s] INFO:colcon.colcon_core.shell:Creating prefix chain script '/home/vijay/ldlidar_ros2_ws/install/setup.ps1'
[1.419s] INFO:colcon.colcon_core.shell:Creating prefix script '/home/vijay/ldlidar_ros2_ws/install/local_setup.sh'
[1.420s] INFO:colcon.colcon_core.shell:Creating prefix util module '/home/vijay/ldlidar_ros2_ws/install/_local_setup_util_sh.py'
[1.420s] INFO:colcon.colcon_core.shell:Creating prefix chain script '/home/vijay/ldlidar_ros2_ws/install/setup.sh'
[1.421s] INFO:colcon.colcon_core.shell:Creating prefix script '/home/vijay/ldlidar_ros2_ws/install/local_setup.bash'
[1.421s] INFO:colcon.colcon_core.shell:Creating prefix chain script '/home/vijay/ldlidar_ros2_ws/install/setup.bash'
[1.422s] INFO:colcon.colcon_core.shell:Creating prefix script '/home/vijay/ldlidar_ros2_ws/install/local_setup.zsh'
[1.423s] INFO:colcon.colcon_core.shell:Creating prefix chain script '/home/vijay/ldlidar_ros2_ws/install/setup.zsh'
