[1.781s] Invoking command in '/home/vijay/ldlidar_ros2_ws/src/vehicle_status_monitor': PYTHONPATH=/home/vijay/ldlidar_ros2_ws/build/vehicle_status_monitor/prefix_override:/usr/lib/python3/dist-packages/colcon_core/task/python/colcon_distutils_commands:/home/vijay/ldlidar_ros2_ws/install/vehicle_status_monitor/lib/python3.10/site-packages:${PYTHONPATH} /usr/bin/python3 -W ignore:setup.py install is deprecated setup.py egg_info --egg-base ../../build/vehicle_status_monitor build --build-base /home/vijay/ldlidar_ros2_ws/build/vehicle_status_monitor/build install --record /home/vijay/ldlidar_ros2_ws/build/vehicle_status_monitor/install.log --single-version-externally-managed install_data
[2.275s] running egg_info
[2.307s] writing ../../build/vehicle_status_monitor/vehicle_status_monitor.egg-info/PKG-INFO
[2.308s] writing dependency_links to ../../build/vehicle_status_monitor/vehicle_status_monitor.egg-info/dependency_links.txt
[2.308s] writing entry points to ../../build/vehicle_status_monitor/vehicle_status_monitor.egg-info/entry_points.txt
[2.308s] writing requirements to ../../build/vehicle_status_monitor/vehicle_status_monitor.egg-info/requires.txt
[2.309s] writing top-level names to ../../build/vehicle_status_monitor/vehicle_status_monitor.egg-info/top_level.txt
[2.376s] reading manifest file '../../build/vehicle_status_monitor/vehicle_status_monitor.egg-info/SOURCES.txt'
[2.379s] writing manifest file '../../build/vehicle_status_monitor/vehicle_status_monitor.egg-info/SOURCES.txt'
[2.379s] running build
[2.379s] running build_py
[2.380s] copying vehicle_status_monitor/__init__.py -> /home/vijay/ldlidar_ros2_ws/build/vehicle_status_monitor/build/lib/vehicle_status_monitor
[2.380s] copying vehicle_status_monitor/monitor.py -> /home/vijay/ldlidar_ros2_ws/build/vehicle_status_monitor/build/lib/vehicle_status_monitor
[2.380s] running install
[2.390s] running install_lib
[2.424s] running install_data
[2.424s] copying resource/vehicle_status_monitor -> /home/vijay/ldlidar_ros2_ws/install/vehicle_status_monitor/share/ament_index/resource_index/packages
[2.424s] copying package.xml -> /home/vijay/ldlidar_ros2_ws/install/vehicle_status_monitor/share/vehicle_status_monitor
[2.425s] running install_egg_info
[2.461s] removing '/home/vijay/ldlidar_ros2_ws/install/vehicle_status_monitor/lib/python3.10/site-packages/vehicle_status_monitor-0.0.1-py3.10.egg-info' (and everything under it)
[2.461s] Copying ../../build/vehicle_status_monitor/vehicle_status_monitor.egg-info to /home/vijay/ldlidar_ros2_ws/install/vehicle_status_monitor/lib/python3.10/site-packages/vehicle_status_monitor-0.0.1-py3.10.egg-info
[2.462s] running install_scripts
[2.723s] Installing monitor script to /home/vijay/ldlidar_ros2_ws/install/vehicle_status_monitor/lib/vehicle_status_monitor
[2.724s] writing list of installed files to '/home/vijay/ldlidar_ros2_ws/build/vehicle_status_monitor/install.log'
[2.787s] Invoked command in '/home/vijay/ldlidar_ros2_ws/src/vehicle_status_monitor' returned '0': PYTHONPATH=/home/vijay/ldlidar_ros2_ws/build/vehicle_status_monitor/prefix_override:/usr/lib/python3/dist-packages/colcon_core/task/python/colcon_distutils_commands:/home/vijay/ldlidar_ros2_ws/install/vehicle_status_monitor/lib/python3.10/site-packages:${PYTHONPATH} /usr/bin/python3 -W ignore:setup.py install is deprecated setup.py egg_info --egg-base ../../build/vehicle_status_monitor build --build-base /home/vijay/ldlidar_ros2_ws/build/vehicle_status_monitor/build install --record /home/vijay/ldlidar_ros2_ws/build/vehicle_status_monitor/install.log --single-version-externally-managed install_data
