/home/vijay/.local/lib/python3.10/site-packages/setuptools/_distutils/dist.py:261: UserWarning: Unknown distribution option: 'tests_require'
  warnings.warn(msg)
running develop
/home/vijay/.local/lib/python3.10/site-packages/setuptools/command/develop.py:41: EasyInstallDeprecationWarning: easy_install command is deprecated.
!!

        ********************************************************************************
        Please avoid running ``setup.py`` and ``easy_install``.
        Instead, use pypa/build, pypa/installer or other
        standards-based tools.

        See https://github.com/pypa/setuptools/issues/917 for details.
        ********************************************************************************

!!
  easy_install.initialize_options(self)
Removing /home/vijay/ldlidar_ros2_ws/install/pyside2_gui/lib/python3.10/site-packages/pyside2-gui.egg-link (link to .)
/home/vijay/.local/lib/python3.10/site-packages/setuptools/_distutils/dist.py:261: UserWarning: Unknown distribution option: 'tests_require'
  warnings.warn(msg)
running egg_info
writing ../../build/pyside2_gui/pyside2_gui.egg-info/PKG-INFO
writing dependency_links to ../../build/pyside2_gui/pyside2_gui.egg-info/dependency_links.txt
writing entry points to ../../build/pyside2_gui/pyside2_gui.egg-info/entry_points.txt
writing requirements to ../../build/pyside2_gui/pyside2_gui.egg-info/requires.txt
writing top-level names to ../../build/pyside2_gui/pyside2_gui.egg-info/top_level.txt
reading manifest file '../../build/pyside2_gui/pyside2_gui.egg-info/SOURCES.txt'
writing manifest file '../../build/pyside2_gui/pyside2_gui.egg-info/SOURCES.txt'
running build
running build_py
creating /home/vijay/ldlidar_ros2_ws/build/pyside2_gui/build/lib/pyside2_gui
copying pyside2_gui/gui_node.py -> /home/vijay/ldlidar_ros2_ws/build/pyside2_gui/build/lib/pyside2_gui
copying pyside2_gui/__init__.py -> /home/vijay/ldlidar_ros2_ws/build/pyside2_gui/build/lib/pyside2_gui
running install
running install_lib
creating /home/vijay/ldlidar_ros2_ws/install/pyside2_gui/lib/python3.10/site-packages/pyside2_gui
copying /home/vijay/ldlidar_ros2_ws/build/pyside2_gui/build/lib/pyside2_gui/gui_node.py -> /home/vijay/ldlidar_ros2_ws/install/pyside2_gui/lib/python3.10/site-packages/pyside2_gui
copying /home/vijay/ldlidar_ros2_ws/build/pyside2_gui/build/lib/pyside2_gui/__init__.py -> /home/vijay/ldlidar_ros2_ws/install/pyside2_gui/lib/python3.10/site-packages/pyside2_gui
byte-compiling /home/vijay/ldlidar_ros2_ws/install/pyside2_gui/lib/python3.10/site-packages/pyside2_gui/gui_node.py to gui_node.cpython-310.pyc
byte-compiling /home/vijay/ldlidar_ros2_ws/install/pyside2_gui/lib/python3.10/site-packages/pyside2_gui/__init__.py to __init__.cpython-310.pyc
running install_data
copying resource/pyside2_gui -> /home/vijay/ldlidar_ros2_ws/install/pyside2_gui/share/ament_index/resource_index/packages
copying package.xml -> /home/vijay/ldlidar_ros2_ws/install/pyside2_gui/share/pyside2_gui
running install_egg_info
Copying ../../build/pyside2_gui/pyside2_gui.egg-info to /home/vijay/ldlidar_ros2_ws/install/pyside2_gui/lib/python3.10/site-packages/pyside2_gui-0.0.0-py3.10.egg-info
running install_scripts
Installing pyside2_gui script to /home/vijay/ldlidar_ros2_ws/install/pyside2_gui/lib/pyside2_gui
writing list of installed files to '/home/vijay/ldlidar_ros2_ws/build/pyside2_gui/install.log'
