[2.219s] Invoking command in '/home/vijay/ldlidar_ros2_ws/build/pyside2_gui': PYTHONPATH=/home/vijay/ldlidar_ros2_ws/build/pyside2_gui/prefix_override:/usr/lib/python3/dist-packages/colcon_core/task/python/colcon_distutils_commands:/home/vijay/ldlidar_ros2_ws/install/pyside2_gui/lib/python3.10/site-packages:${PYTHONPATH} /usr/bin/python3 -W ignore:setup.py install is deprecated setup.py develop --uninstall --editable --build-directory /home/vijay/ldlidar_ros2_ws/build/pyside2_gui/build
[2.527s] /home/vijay/.local/lib/python3.10/site-packages/setuptools/_distutils/dist.py:261: UserWarning: Unknown distribution option: 'tests_require'
[2.527s]   warnings.warn(msg)
[2.826s] running develop
[2.826s] /home/vijay/.local/lib/python3.10/site-packages/setuptools/command/develop.py:41: EasyInstallDeprecationWarning: easy_install command is deprecated.
[2.826s] !!
[2.826s] 
[2.826s]         ********************************************************************************
[2.827s]         Please avoid running ``setup.py`` and ``easy_install``.
[2.827s]         Instead, use pypa/build, pypa/installer or other
[2.827s]         standards-based tools.
[2.827s] 
[2.827s]         See https://github.com/pypa/setuptools/issues/917 for details.
[2.827s]         ********************************************************************************
[2.827s] 
[2.827s] !!
[2.827s]   easy_install.initialize_options(self)
[3.271s] Removing /home/vijay/ldlidar_ros2_ws/install/pyside2_gui/lib/python3.10/site-packages/pyside2-gui.egg-link (link to .)
[3.343s] Invoked command in '/home/vijay/ldlidar_ros2_ws/build/pyside2_gui' returned '0': PYTHONPATH=/home/vijay/ldlidar_ros2_ws/build/pyside2_gui/prefix_override:/usr/lib/python3/dist-packages/colcon_core/task/python/colcon_distutils_commands:/home/vijay/ldlidar_ros2_ws/install/pyside2_gui/lib/python3.10/site-packages:${PYTHONPATH} /usr/bin/python3 -W ignore:setup.py install is deprecated setup.py develop --uninstall --editable --build-directory /home/vijay/ldlidar_ros2_ws/build/pyside2_gui/build
[3.347s] Invoking command in '/home/vijay/ldlidar_ros2_ws/src/pyside2_gui': PYTHONPATH=/home/vijay/ldlidar_ros2_ws/build/pyside2_gui/prefix_override:/usr/lib/python3/dist-packages/colcon_core/task/python/colcon_distutils_commands:/home/vijay/ldlidar_ros2_ws/install/pyside2_gui/lib/python3.10/site-packages:${PYTHONPATH} /usr/bin/python3 -W ignore:setup.py install is deprecated setup.py egg_info --egg-base ../../build/pyside2_gui build --build-base /home/vijay/ldlidar_ros2_ws/build/pyside2_gui/build install --record /home/vijay/ldlidar_ros2_ws/build/pyside2_gui/install.log --single-version-externally-managed install_data --force
[3.650s] /home/vijay/.local/lib/python3.10/site-packages/setuptools/_distutils/dist.py:261: UserWarning: Unknown distribution option: 'tests_require'
[3.650s]   warnings.warn(msg)
[3.857s] running egg_info
[3.889s] writing ../../build/pyside2_gui/pyside2_gui.egg-info/PKG-INFO
[3.890s] writing dependency_links to ../../build/pyside2_gui/pyside2_gui.egg-info/dependency_links.txt
[3.890s] writing entry points to ../../build/pyside2_gui/pyside2_gui.egg-info/entry_points.txt
[3.890s] writing requirements to ../../build/pyside2_gui/pyside2_gui.egg-info/requires.txt
[3.891s] writing top-level names to ../../build/pyside2_gui/pyside2_gui.egg-info/top_level.txt
[3.960s] reading manifest file '../../build/pyside2_gui/pyside2_gui.egg-info/SOURCES.txt'
[3.962s] writing manifest file '../../build/pyside2_gui/pyside2_gui.egg-info/SOURCES.txt'
[3.962s] running build
[3.962s] running build_py
[3.963s] creating /home/vijay/ldlidar_ros2_ws/build/pyside2_gui/build/lib/pyside2_gui
[3.963s] copying pyside2_gui/gui_node.py -> /home/vijay/ldlidar_ros2_ws/build/pyside2_gui/build/lib/pyside2_gui
[3.963s] copying pyside2_gui/__init__.py -> /home/vijay/ldlidar_ros2_ws/build/pyside2_gui/build/lib/pyside2_gui
[3.964s] running install
[3.973s] running install_lib
[4.008s] creating /home/vijay/ldlidar_ros2_ws/install/pyside2_gui/lib/python3.10/site-packages/pyside2_gui
[4.008s] copying /home/vijay/ldlidar_ros2_ws/build/pyside2_gui/build/lib/pyside2_gui/gui_node.py -> /home/vijay/ldlidar_ros2_ws/install/pyside2_gui/lib/python3.10/site-packages/pyside2_gui
[4.008s] copying /home/vijay/ldlidar_ros2_ws/build/pyside2_gui/build/lib/pyside2_gui/__init__.py -> /home/vijay/ldlidar_ros2_ws/install/pyside2_gui/lib/python3.10/site-packages/pyside2_gui
[4.009s] byte-compiling /home/vijay/ldlidar_ros2_ws/install/pyside2_gui/lib/python3.10/site-packages/pyside2_gui/gui_node.py to gui_node.cpython-310.pyc
[4.010s] byte-compiling /home/vijay/ldlidar_ros2_ws/install/pyside2_gui/lib/python3.10/site-packages/pyside2_gui/__init__.py to __init__.cpython-310.pyc
[4.010s] running install_data
[4.010s] copying resource/pyside2_gui -> /home/vijay/ldlidar_ros2_ws/install/pyside2_gui/share/ament_index/resource_index/packages
[4.011s] copying package.xml -> /home/vijay/ldlidar_ros2_ws/install/pyside2_gui/share/pyside2_gui
[4.011s] running install_egg_info
[4.048s] Copying ../../build/pyside2_gui/pyside2_gui.egg-info to /home/vijay/ldlidar_ros2_ws/install/pyside2_gui/lib/python3.10/site-packages/pyside2_gui-0.0.0-py3.10.egg-info
[4.049s] running install_scripts
[4.311s] Installing pyside2_gui script to /home/vijay/ldlidar_ros2_ws/install/pyside2_gui/lib/pyside2_gui
[4.311s] writing list of installed files to '/home/vijay/ldlidar_ros2_ws/build/pyside2_gui/install.log'
[4.366s] Invoked command in '/home/vijay/ldlidar_ros2_ws/src/pyside2_gui' returned '0': PYTHONPATH=/home/vijay/ldlidar_ros2_ws/build/pyside2_gui/prefix_override:/usr/lib/python3/dist-packages/colcon_core/task/python/colcon_distutils_commands:/home/vijay/ldlidar_ros2_ws/install/pyside2_gui/lib/python3.10/site-packages:${PYTHONPATH} /usr/bin/python3 -W ignore:setup.py install is deprecated setup.py egg_info --egg-base ../../build/pyside2_gui build --build-base /home/vijay/ldlidar_ros2_ws/build/pyside2_gui/build install --record /home/vijay/ldlidar_ros2_ws/build/pyside2_gui/install.log --single-version-externally-managed install_data --force
