[0.732s] Invoking command in '/home/vijay/ldlidar_ros2_ws/build/vehicle_status_monitor': PYTHONPATH=/home/vijay/ldlidar_ros2_ws/build/vehicle_status_monitor/prefix_override:/usr/lib/python3/dist-packages/colcon_core/task/python/colcon_distutils_commands:/home/vijay/ldlidar_ros2_ws/install/vehicle_status_monitor/lib/python3.10/site-packages:${PYTHONPATH} /usr/bin/python3 -W ignore:setup.py install is deprecated setup.py develop --editable --build-directory /home/vijay/ldlidar_ros2_ws/build/vehicle_status_monitor/build --no-deps symlink_data
[0.968s] running develop
[0.969s] /home/vijay/.local/lib/python3.10/site-packages/setuptools/command/develop.py:41: EasyInstallDeprecationWarning: easy_install command is deprecated.
[0.969s] !!
[0.969s] 
[0.969s]         ********************************************************************************
[0.969s]         Please avoid running ``setup.py`` and ``easy_install``.
[0.969s]         Instead, use pypa/build, pypa/installer or other
[0.969s]         standards-based tools.
[0.969s] 
[0.969s]         See https://github.com/pypa/setuptools/issues/917 for details.
[0.969s]         ********************************************************************************
[0.969s] 
[0.969s] !!
[0.970s]   easy_install.initialize_options(self)
[1.131s] running egg_info
[1.143s] writing vehicle_status_monitor.egg-info/PKG-INFO
[1.144s] writing dependency_links to vehicle_status_monitor.egg-info/dependency_links.txt
[1.144s] writing entry points to vehicle_status_monitor.egg-info/entry_points.txt
[1.144s] writing requirements to vehicle_status_monitor.egg-info/requires.txt
[1.144s] writing top-level names to vehicle_status_monitor.egg-info/top_level.txt
[1.169s] reading manifest file 'vehicle_status_monitor.egg-info/SOURCES.txt'
[1.170s] writing manifest file 'vehicle_status_monitor.egg-info/SOURCES.txt'
[1.184s] running build_ext
[1.184s] Creating /home/vijay/ldlidar_ros2_ws/install/vehicle_status_monitor/lib/python3.10/site-packages/vehicle-status-monitor.egg-link (link to .)
[1.185s] Installing monitor script to /home/vijay/ldlidar_ros2_ws/install/vehicle_status_monitor/lib/vehicle_status_monitor
[1.185s] 
[1.185s] Installed /home/vijay/ldlidar_ros2_ws/build/vehicle_status_monitor
[1.185s] running symlink_data
[1.219s] Invoked command in '/home/vijay/ldlidar_ros2_ws/build/vehicle_status_monitor' returned '0': PYTHONPATH=/home/vijay/ldlidar_ros2_ws/build/vehicle_status_monitor/prefix_override:/usr/lib/python3/dist-packages/colcon_core/task/python/colcon_distutils_commands:/home/vijay/ldlidar_ros2_ws/install/vehicle_status_monitor/lib/python3.10/site-packages:${PYTHONPATH} /usr/bin/python3 -W ignore:setup.py install is deprecated setup.py develop --editable --build-directory /home/vijay/ldlidar_ros2_ws/build/vehicle_status_monitor/build --no-deps symlink_data
