[1.790s] Invoking command in '/home/vijay/ldlidar_ros2_ws/src/vehicle_status_monitor': PYTHONPATH=/home/vijay/ldlidar_ros2_ws/build/vehicle_status_monitor/prefix_override:/usr/lib/python3/dist-packages/colcon_core/task/python/colcon_distutils_commands:/home/vijay/ldlidar_ros2_ws/install/vehicle_status_monitor/lib/python3.10/site-packages:${PYTHONPATH} /usr/bin/python3 -W ignore:setup.py install is deprecated setup.py egg_info --egg-base ../../build/vehicle_status_monitor build --build-base /home/vijay/ldlidar_ros2_ws/build/vehicle_status_monitor/build install --record /home/vijay/ldlidar_ros2_ws/build/vehicle_status_monitor/install.log --single-version-externally-managed install_data
[2.280s] running egg_info
[2.312s] writing ../../build/vehicle_status_monitor/vehicle_status_monitor.egg-info/PKG-INFO
[2.313s] writing dependency_links to ../../build/vehicle_status_monitor/vehicle_status_monitor.egg-info/dependency_links.txt
[2.313s] writing entry points to ../../build/vehicle_status_monitor/vehicle_status_monitor.egg-info/entry_points.txt
[2.314s] writing requirements to ../../build/vehicle_status_monitor/vehicle_status_monitor.egg-info/requires.txt
[2.314s] writing top-level names to ../../build/vehicle_status_monitor/vehicle_status_monitor.egg-info/top_level.txt
[2.383s] reading manifest file '../../build/vehicle_status_monitor/vehicle_status_monitor.egg-info/SOURCES.txt'
[2.385s] writing manifest file '../../build/vehicle_status_monitor/vehicle_status_monitor.egg-info/SOURCES.txt'
[2.386s] running build
[2.386s] running build_py
[2.386s] copying vehicle_status_monitor/__init__.py -> /home/vijay/ldlidar_ros2_ws/build/vehicle_status_monitor/build/lib/vehicle_status_monitor
[2.387s] copying vehicle_status_monitor/monitor.py -> /home/vijay/ldlidar_ros2_ws/build/vehicle_status_monitor/build/lib/vehicle_status_monitor
[2.387s] running install
[2.397s] running install_lib
[2.433s] running install_data
[2.433s] copying resource/vehicle_status_monitor -> /home/vijay/ldlidar_ros2_ws/install/vehicle_status_monitor/share/ament_index/resource_index/packages
[2.434s] copying package.xml -> /home/vijay/ldlidar_ros2_ws/install/vehicle_status_monitor/share/vehicle_status_monitor
[2.434s] running install_egg_info
[2.470s] removing '/home/vijay/ldlidar_ros2_ws/install/vehicle_status_monitor/lib/python3.10/site-packages/vehicle_status_monitor-0.0.1-py3.10.egg-info' (and everything under it)
[2.471s] Copying ../../build/vehicle_status_monitor/vehicle_status_monitor.egg-info to /home/vijay/ldlidar_ros2_ws/install/vehicle_status_monitor/lib/python3.10/site-packages/vehicle_status_monitor-0.0.1-py3.10.egg-info
[2.472s] running install_scripts
[2.729s] Installing monitor script to /home/vijay/ldlidar_ros2_ws/install/vehicle_status_monitor/lib/vehicle_status_monitor
[2.730s] writing list of installed files to '/home/vijay/ldlidar_ros2_ws/build/vehicle_status_monitor/install.log'
[2.778s] Invoked command in '/home/vijay/ldlidar_ros2_ws/src/vehicle_status_monitor' returned '0': PYTHONPATH=/home/vijay/ldlidar_ros2_ws/build/vehicle_status_monitor/prefix_override:/usr/lib/python3/dist-packages/colcon_core/task/python/colcon_distutils_commands:/home/vijay/ldlidar_ros2_ws/install/vehicle_status_monitor/lib/python3.10/site-packages:${PYTHONPATH} /usr/bin/python3 -W ignore:setup.py install is deprecated setup.py egg_info --egg-base ../../build/vehicle_status_monitor build --build-base /home/vijay/ldlidar_ros2_ws/build/vehicle_status_monitor/build install --record /home/vijay/ldlidar_ros2_ws/build/vehicle_status_monitor/install.log --single-version-externally-managed install_data
